CRITICAL - 2022-12-15 01:24:21 --> Undefined variable: nota
in APPPATH\Views\cetaknota.php on line 20.
 1 APPPATH\Views\cetaknota.php(20): CodeIgniter\Debug\Exceptions->errorHandler(8, 'Undefined variable: nota', 'APPPATH\\Views\\cetaknota.php', 20, [...])
 2 SYSTEMPATH\View\View.php(213): include('APPPATH\\Views\\cetaknota.php')
 3 SYSTEMPATH\View\View.php(216): CodeIgniter\View\View->CodeIgniter\View\{closure}()
 4 SYSTEMPATH\Common.php(1134): CodeIgniter\View\View->render('cetaknota', [], true)
 5 APPPATH\Views\nota.php(48): view('cetaknota')
 6 SYSTEMPATH\View\View.php(213): include('APPPATH\\Views\\nota.php')
 7 SYSTEMPATH\View\View.php(216): CodeIgniter\View\View->CodeIgniter\View\{closure}()
 8 SYSTEMPATH\Common.php(1134): CodeIgniter\View\View->render('nota', [], true)
 9 APPPATH\Controllers\Kasir.php(76): view('nota', [...])
10 SYSTEMPATH\CodeIgniter.php(927): App\Controllers\Kasir->Nota('160')
11 SYSTEMPATH\CodeIgniter.php(482): CodeIgniter\CodeIgniter->runController(Object(App\Controllers\Kasir))
12 SYSTEMPATH\CodeIgniter.php(351): CodeIgniter\CodeIgniter->handleRequest(null, Object(Config\Cache), false)
13 FCPATH\index.php(67): CodeIgniter\CodeIgniter->run()
CRITICAL - 2022-12-15 01:25:06 --> Undefined variable: nota
in APPPATH\Views\cetaknota.php on line 20.
 1 APPPATH\Views\cetaknota.php(20): CodeIgniter\Debug\Exceptions->errorHandler(8, 'Undefined variable: nota', 'APPPATH\\Views\\cetaknota.php', 20, [...])
 2 SYSTEMPATH\View\View.php(213): include('APPPATH\\Views\\cetaknota.php')
 3 SYSTEMPATH\View\View.php(216): CodeIgniter\View\View->CodeIgniter\View\{closure}()
 4 SYSTEMPATH\Common.php(1134): CodeIgniter\View\View->render('cetaknota', [], true)
 5 APPPATH\Views\nota.php(48): view('cetaknota')
 6 SYSTEMPATH\View\View.php(213): include('APPPATH\\Views\\nota.php')
 7 SYSTEMPATH\View\View.php(216): CodeIgniter\View\View->CodeIgniter\View\{closure}()
 8 SYSTEMPATH\Common.php(1134): CodeIgniter\View\View->render('nota', [], true)
 9 APPPATH\Controllers\Kasir.php(76): view('nota', [...])
10 SYSTEMPATH\CodeIgniter.php(927): App\Controllers\Kasir->Nota('160')
11 SYSTEMPATH\CodeIgniter.php(482): CodeIgniter\CodeIgniter->runController(Object(App\Controllers\Kasir))
12 SYSTEMPATH\CodeIgniter.php(351): CodeIgniter\CodeIgniter->handleRequest(null, Object(Config\Cache), false)
13 FCPATH\index.php(67): CodeIgniter\CodeIgniter->run()
CRITICAL - 2022-12-15 01:25:19 --> Undefined variable: nota
in APPPATH\Views\cetaknota.php on line 20.
 1 APPPATH\Views\cetaknota.php(20): CodeIgniter\Debug\Exceptions->errorHandler(8, 'Undefined variable: nota', 'APPPATH\\Views\\cetaknota.php', 20, [...])
 2 SYSTEMPATH\View\View.php(213): include('APPPATH\\Views\\cetaknota.php')
 3 SYSTEMPATH\View\View.php(216): CodeIgniter\View\View->CodeIgniter\View\{closure}()
 4 SYSTEMPATH\Common.php(1134): CodeIgniter\View\View->render('cetaknota', [], true)
 5 APPPATH\Views\nota.php(48): view('cetaknota')
 6 SYSTEMPATH\View\View.php(213): include('APPPATH\\Views\\nota.php')
 7 SYSTEMPATH\View\View.php(216): CodeIgniter\View\View->CodeIgniter\View\{closure}()
 8 SYSTEMPATH\Common.php(1134): CodeIgniter\View\View->render('nota', [], true)
 9 APPPATH\Controllers\Kasir.php(76): view('nota', [...])
10 SYSTEMPATH\CodeIgniter.php(927): App\Controllers\Kasir->Nota('160')
11 SYSTEMPATH\CodeIgniter.php(482): CodeIgniter\CodeIgniter->runController(Object(App\Controllers\Kasir))
12 SYSTEMPATH\CodeIgniter.php(351): CodeIgniter\CodeIgniter->handleRequest(null, Object(Config\Cache), false)
13 FCPATH\index.php(67): CodeIgniter\CodeIgniter->run()
CRITICAL - 2022-12-15 01:26:33 --> Undefined variable: data
in APPPATH\Views\cetaknota.php on line 20.
 1 APPPATH\Views\cetaknota.php(20): CodeIgniter\Debug\Exceptions->errorHandler(8, 'Undefined variable: data', 'APPPATH\\Views\\cetaknota.php', 20, [...])
 2 SYSTEMPATH\View\View.php(213): include('APPPATH\\Views\\cetaknota.php')
 3 SYSTEMPATH\View\View.php(216): CodeIgniter\View\View->CodeIgniter\View\{closure}()
 4 SYSTEMPATH\Common.php(1134): CodeIgniter\View\View->render('cetaknota', [], true)
 5 APPPATH\Views\nota.php(48): view('cetaknota')
 6 SYSTEMPATH\View\View.php(213): include('APPPATH\\Views\\nota.php')
 7 SYSTEMPATH\View\View.php(216): CodeIgniter\View\View->CodeIgniter\View\{closure}()
 8 SYSTEMPATH\Common.php(1134): CodeIgniter\View\View->render('nota', [], true)
 9 APPPATH\Controllers\Kasir.php(76): view('nota', [...])
10 SYSTEMPATH\CodeIgniter.php(927): App\Controllers\Kasir->Nota('160')
11 SYSTEMPATH\CodeIgniter.php(482): CodeIgniter\CodeIgniter->runController(Object(App\Controllers\Kasir))
12 SYSTEMPATH\CodeIgniter.php(351): CodeIgniter\CodeIgniter->handleRequest(null, Object(Config\Cache), false)
13 FCPATH\index.php(67): CodeIgniter\CodeIgniter->run()
CRITICAL - 2022-12-15 01:40:40 --> Illegal string offset 'id_penjualan'
in APPPATH\Models\ModelJual.php on line 50.
 1 APPPATH\Models\ModelJual.php(50): CodeIgniter\Debug\Exceptions->errorHandler(2, 'Illegal string offset \'id_penjualan\'', 'APPPATH\\Models\\ModelJual.php', 50, [...])
 2 APPPATH\Controllers\Kasir.php(80): App\Models\ModelJual->Nota('data')
 3 SYSTEMPATH\CodeIgniter.php(927): App\Controllers\Kasir->CetakNota()
 4 SYSTEMPATH\CodeIgniter.php(482): CodeIgniter\CodeIgniter->runController(Object(App\Controllers\Kasir))
 5 SYSTEMPATH\CodeIgniter.php(351): CodeIgniter\CodeIgniter->handleRequest(null, Object(Config\Cache), false)
 6 FCPATH\index.php(67): CodeIgniter\CodeIgniter->run()
CRITICAL - 2022-12-15 01:41:02 --> Illegal string offset 'id_penjualan'
in APPPATH\Models\ModelJual.php on line 50.
 1 APPPATH\Models\ModelJual.php(50): CodeIgniter\Debug\Exceptions->errorHandler(2, 'Illegal string offset \'id_penjualan\'', 'APPPATH\\Models\\ModelJual.php', 50, [...])
 2 APPPATH\Controllers\Kasir.php(80): App\Models\ModelJual->Nota('data')
 3 SYSTEMPATH\CodeIgniter.php(927): App\Controllers\Kasir->CetakNota()
 4 SYSTEMPATH\CodeIgniter.php(482): CodeIgniter\CodeIgniter->runController(Object(App\Controllers\Kasir))
 5 SYSTEMPATH\CodeIgniter.php(351): CodeIgniter\CodeIgniter->handleRequest(null, Object(Config\Cache), false)
 6 FCPATH\index.php(67): CodeIgniter\CodeIgniter->run()
CRITICAL - 2022-12-15 01:41:17 --> Illegal string offset 'id_penjualan'
in APPPATH\Models\ModelJual.php on line 50.
 1 APPPATH\Models\ModelJual.php(50): CodeIgniter\Debug\Exceptions->errorHandler(2, 'Illegal string offset \'id_penjualan\'', 'APPPATH\\Models\\ModelJual.php', 50, [...])
 2 APPPATH\Controllers\Kasir.php(80): App\Models\ModelJual->Nota('data')
 3 SYSTEMPATH\CodeIgniter.php(927): App\Controllers\Kasir->CetakNota('160')
 4 SYSTEMPATH\CodeIgniter.php(482): CodeIgniter\CodeIgniter->runController(Object(App\Controllers\Kasir))
 5 SYSTEMPATH\CodeIgniter.php(351): CodeIgniter\CodeIgniter->handleRequest(null, Object(Config\Cache), false)
 6 FCPATH\index.php(67): CodeIgniter\CodeIgniter->run()
CRITICAL - 2022-12-15 01:41:36 --> Illegal string offset 'id_penjualan'
in APPPATH\Models\ModelJual.php on line 50.
 1 APPPATH\Models\ModelJual.php(50): CodeIgniter\Debug\Exceptions->errorHandler(2, 'Illegal string offset \'id_penjualan\'', 'APPPATH\\Models\\ModelJual.php', 50, [...])
 2 APPPATH\Controllers\Kasir.php(80): App\Models\ModelJual->Nota('data')
 3 SYSTEMPATH\CodeIgniter.php(927): App\Controllers\Kasir->CetakNota('160')
 4 SYSTEMPATH\CodeIgniter.php(482): CodeIgniter\CodeIgniter->runController(Object(App\Controllers\Kasir))
 5 SYSTEMPATH\CodeIgniter.php(351): CodeIgniter\CodeIgniter->handleRequest(null, Object(Config\Cache), false)
 6 FCPATH\index.php(67): CodeIgniter\CodeIgniter->run()
CRITICAL - 2022-12-15 01:41:57 --> Illegal string offset 'id_penjualan'
in APPPATH\Models\ModelJual.php on line 50.
 1 APPPATH\Models\ModelJual.php(50): CodeIgniter\Debug\Exceptions->errorHandler(2, 'Illegal string offset \'id_penjualan\'', 'APPPATH\\Models\\ModelJual.php', 50, [...])
 2 APPPATH\Controllers\Kasir.php(80): App\Models\ModelJual->Nota('data')
 3 SYSTEMPATH\CodeIgniter.php(927): App\Controllers\Kasir->CetakNota('160')
 4 SYSTEMPATH\CodeIgniter.php(482): CodeIgniter\CodeIgniter->runController(Object(App\Controllers\Kasir))
 5 SYSTEMPATH\CodeIgniter.php(351): CodeIgniter\CodeIgniter->handleRequest(null, Object(Config\Cache), false)
 6 FCPATH\index.php(67): CodeIgniter\CodeIgniter->run()
CRITICAL - 2022-12-15 01:41:59 --> Illegal string offset 'id_penjualan'
in APPPATH\Models\ModelJual.php on line 50.
 1 APPPATH\Models\ModelJual.php(50): CodeIgniter\Debug\Exceptions->errorHandler(2, 'Illegal string offset \'id_penjualan\'', 'APPPATH\\Models\\ModelJual.php', 50, [...])
 2 APPPATH\Controllers\Kasir.php(80): App\Models\ModelJual->Nota('data')
 3 SYSTEMPATH\CodeIgniter.php(927): App\Controllers\Kasir->CetakNota()
 4 SYSTEMPATH\CodeIgniter.php(482): CodeIgniter\CodeIgniter->runController(Object(App\Controllers\Kasir))
 5 SYSTEMPATH\CodeIgniter.php(351): CodeIgniter\CodeIgniter->handleRequest(null, Object(Config\Cache), false)
 6 FCPATH\index.php(67): CodeIgniter\CodeIgniter->run()
CRITICAL - 2022-12-15 01:42:34 --> Undefined variable: data
in APPPATH\Views\cetaknota.php on line 20.
 1 APPPATH\Views\cetaknota.php(20): CodeIgniter\Debug\Exceptions->errorHandler(8, 'Undefined variable: data', 'APPPATH\\Views\\cetaknota.php', 20, [...])
 2 SYSTEMPATH\View\View.php(213): include('APPPATH\\Views\\cetaknota.php')
 3 SYSTEMPATH\View\View.php(216): CodeIgniter\View\View->CodeIgniter\View\{closure}()
 4 SYSTEMPATH\Common.php(1134): CodeIgniter\View\View->render('cetaknota', [], true)
 5 APPPATH\Views\nota.php(48): view('cetaknota')
 6 SYSTEMPATH\View\View.php(213): include('APPPATH\\Views\\nota.php')
 7 SYSTEMPATH\View\View.php(216): CodeIgniter\View\View->CodeIgniter\View\{closure}()
 8 SYSTEMPATH\Common.php(1134): CodeIgniter\View\View->render('nota', [], true)
 9 APPPATH\Controllers\Kasir.php(76): view('nota', [...])
10 SYSTEMPATH\CodeIgniter.php(927): App\Controllers\Kasir->Nota('160')
11 SYSTEMPATH\CodeIgniter.php(482): CodeIgniter\CodeIgniter->runController(Object(App\Controllers\Kasir))
12 SYSTEMPATH\CodeIgniter.php(351): CodeIgniter\CodeIgniter->handleRequest(null, Object(Config\Cache), false)
13 FCPATH\index.php(67): CodeIgniter\CodeIgniter->run()
CRITICAL - 2022-12-15 01:42:55 --> Undefined variable: data
in APPPATH\Views\cetaknota.php on line 20.
 1 APPPATH\Views\cetaknota.php(20): CodeIgniter\Debug\Exceptions->errorHandler(8, 'Undefined variable: data', 'APPPATH\\Views\\cetaknota.php', 20, [...])
 2 SYSTEMPATH\View\View.php(213): include('APPPATH\\Views\\cetaknota.php')
 3 SYSTEMPATH\View\View.php(216): CodeIgniter\View\View->CodeIgniter\View\{closure}()
 4 SYSTEMPATH\Common.php(1134): CodeIgniter\View\View->render('cetaknota', [], true)
 5 APPPATH\Views\nota.php(48): view('cetaknota')
 6 SYSTEMPATH\View\View.php(213): include('APPPATH\\Views\\nota.php')
 7 SYSTEMPATH\View\View.php(216): CodeIgniter\View\View->CodeIgniter\View\{closure}()
 8 SYSTEMPATH\Common.php(1134): CodeIgniter\View\View->render('nota', [], true)
 9 APPPATH\Controllers\Kasir.php(76): view('nota', [...])
10 SYSTEMPATH\CodeIgniter.php(927): App\Controllers\Kasir->Nota('160')
11 SYSTEMPATH\CodeIgniter.php(482): CodeIgniter\CodeIgniter->runController(Object(App\Controllers\Kasir))
12 SYSTEMPATH\CodeIgniter.php(351): CodeIgniter\CodeIgniter->handleRequest(null, Object(Config\Cache), false)
13 FCPATH\index.php(67): CodeIgniter\CodeIgniter->run()
CRITICAL - 2022-12-15 01:43:12 --> Illegal string offset 'id_penjualan'
in APPPATH\Models\ModelJual.php on line 50.
 1 APPPATH\Models\ModelJual.php(50): CodeIgniter\Debug\Exceptions->errorHandler(2, 'Illegal string offset \'id_penjualan\'', 'APPPATH\\Models\\ModelJual.php', 50, [...])
 2 APPPATH\Controllers\Kasir.php(74): App\Models\ModelJual->Nota('data')
 3 SYSTEMPATH\CodeIgniter.php(927): App\Controllers\Kasir->Nota('160')
 4 SYSTEMPATH\CodeIgniter.php(482): CodeIgniter\CodeIgniter->runController(Object(App\Controllers\Kasir))
 5 SYSTEMPATH\CodeIgniter.php(351): CodeIgniter\CodeIgniter->handleRequest(null, Object(Config\Cache), false)
 6 FCPATH\index.php(67): CodeIgniter\CodeIgniter->run()
CRITICAL - 2022-12-15 01:46:16 --> Illegal string offset 'id_penjualan'
in APPPATH\Models\ModelJual.php on line 50.
 1 APPPATH\Models\ModelJual.php(50): CodeIgniter\Debug\Exceptions->errorHandler(2, 'Illegal string offset \'id_penjualan\'', 'APPPATH\\Models\\ModelJual.php', 50, [...])
 2 APPPATH\Controllers\Kasir.php(77): App\Models\ModelJual->Nota('data')
 3 SYSTEMPATH\CodeIgniter.php(927): App\Controllers\Kasir->Nota('160')
 4 SYSTEMPATH\CodeIgniter.php(482): CodeIgniter\CodeIgniter->runController(Object(App\Controllers\Kasir))
 5 SYSTEMPATH\CodeIgniter.php(351): CodeIgniter\CodeIgniter->handleRequest(null, Object(Config\Cache), false)
 6 FCPATH\index.php(67): CodeIgniter\CodeIgniter->run()
CRITICAL - 2022-12-15 01:46:52 --> Illegal string offset 'id_penjualan'
in APPPATH\Models\ModelJual.php on line 50.
 1 APPPATH\Models\ModelJual.php(50): CodeIgniter\Debug\Exceptions->errorHandler(2, 'Illegal string offset \'id_penjualan\'', 'APPPATH\\Models\\ModelJual.php', 50, [...])
 2 APPPATH\Controllers\Kasir.php(77): App\Models\ModelJual->Nota('data')
 3 SYSTEMPATH\CodeIgniter.php(927): App\Controllers\Kasir->Nota('160')
 4 SYSTEMPATH\CodeIgniter.php(482): CodeIgniter\CodeIgniter->runController(Object(App\Controllers\Kasir))
 5 SYSTEMPATH\CodeIgniter.php(351): CodeIgniter\CodeIgniter->handleRequest(null, Object(Config\Cache), false)
 6 FCPATH\index.php(67): CodeIgniter\CodeIgniter->run()
CRITICAL - 2022-12-15 01:48:39 --> Illegal string offset 'id_penjualan'
in APPPATH\Models\ModelJual.php on line 50.
 1 APPPATH\Models\ModelJual.php(50): CodeIgniter\Debug\Exceptions->errorHandler(2, 'Illegal string offset \'id_penjualan\'', 'APPPATH\\Models\\ModelJual.php', 50, [...])
 2 APPPATH\Controllers\Kasir.php(77): App\Models\ModelJual->Nota('data')
 3 SYSTEMPATH\CodeIgniter.php(927): App\Controllers\Kasir->Nota('160')
 4 SYSTEMPATH\CodeIgniter.php(482): CodeIgniter\CodeIgniter->runController(Object(App\Controllers\Kasir))
 5 SYSTEMPATH\CodeIgniter.php(351): CodeIgniter\CodeIgniter->handleRequest(null, Object(Config\Cache), false)
 6 FCPATH\index.php(67): CodeIgniter\CodeIgniter->run()
CRITICAL - 2022-12-15 01:49:18 --> Undefined variable: data
in APPPATH\Views\cetaknota.php on line 20.
 1 APPPATH\Views\cetaknota.php(20): CodeIgniter\Debug\Exceptions->errorHandler(8, 'Undefined variable: data', 'APPPATH\\Views\\cetaknota.php', 20, [...])
 2 SYSTEMPATH\View\View.php(213): include('APPPATH\\Views\\cetaknota.php')
 3 SYSTEMPATH\View\View.php(216): CodeIgniter\View\View->CodeIgniter\View\{closure}()
 4 SYSTEMPATH\Common.php(1134): CodeIgniter\View\View->render('cetaknota', [], true)
 5 APPPATH\Views\nota.php(48): view('cetaknota')
 6 SYSTEMPATH\View\View.php(213): include('APPPATH\\Views\\nota.php')
 7 SYSTEMPATH\View\View.php(216): CodeIgniter\View\View->CodeIgniter\View\{closure}()
 8 SYSTEMPATH\Common.php(1134): CodeIgniter\View\View->render('nota', [], true)
 9 APPPATH\Controllers\Kasir.php(76): view('nota', [...])
10 SYSTEMPATH\CodeIgniter.php(927): App\Controllers\Kasir->Nota('160')
11 SYSTEMPATH\CodeIgniter.php(482): CodeIgniter\CodeIgniter->runController(Object(App\Controllers\Kasir))
12 SYSTEMPATH\CodeIgniter.php(351): CodeIgniter\CodeIgniter->handleRequest(null, Object(Config\Cache), false)
13 FCPATH\index.php(67): CodeIgniter\CodeIgniter->run()
CRITICAL - 2022-12-15 02:02:12 --> Illegal string offset 'id_penjualan'
in APPPATH\Models\ModelJual.php on line 50.
 1 APPPATH\Models\ModelJual.php(50): CodeIgniter\Debug\Exceptions->errorHandler(2, 'Illegal string offset \'id_penjualan\'', 'APPPATH\\Models\\ModelJual.php', 50, [...])
 2 APPPATH\Controllers\Kasir.php(81): App\Models\ModelJual->Nota('data')
 3 SYSTEMPATH\CodeIgniter.php(927): App\Controllers\Kasir->CetakNota()
 4 SYSTEMPATH\CodeIgniter.php(482): CodeIgniter\CodeIgniter->runController(Object(App\Controllers\Kasir))
 5 SYSTEMPATH\CodeIgniter.php(351): CodeIgniter\CodeIgniter->handleRequest(null, Object(Config\Cache), false)
 6 FCPATH\index.php(67): CodeIgniter\CodeIgniter->run()
CRITICAL - 2022-12-15 02:03:26 --> Undefined variable: data
in APPPATH\Views\nota.php on line 66.
 1 APPPATH\Views\nota.php(66): CodeIgniter\Debug\Exceptions->errorHandler(8, 'Undefined variable: data', 'APPPATH\\Views\\nota.php', 66, [...])
 2 SYSTEMPATH\View\View.php(213): include('APPPATH\\Views\\nota.php')
 3 SYSTEMPATH\View\View.php(216): CodeIgniter\View\View->CodeIgniter\View\{closure}()
 4 SYSTEMPATH\Common.php(1134): CodeIgniter\View\View->render('nota', [], true)
 5 APPPATH\Controllers\Kasir.php(76): view('nota', [...])
 6 SYSTEMPATH\CodeIgniter.php(927): App\Controllers\Kasir->Nota('160')
 7 SYSTEMPATH\CodeIgniter.php(482): CodeIgniter\CodeIgniter->runController(Object(App\Controllers\Kasir))
 8 SYSTEMPATH\CodeIgniter.php(351): CodeIgniter\CodeIgniter->handleRequest(null, Object(Config\Cache), false)
 9 FCPATH\index.php(67): CodeIgniter\CodeIgniter->run()
CRITICAL - 2022-12-15 02:04:43 --> Undefined variable: cetak
in APPPATH\Views\nota.php on line 66.
 1 APPPATH\Views\nota.php(66): CodeIgniter\Debug\Exceptions->errorHandler(8, 'Undefined variable: cetak', 'APPPATH\\Views\\nota.php', 66, [...])
 2 SYSTEMPATH\View\View.php(213): include('APPPATH\\Views\\nota.php')
 3 SYSTEMPATH\View\View.php(216): CodeIgniter\View\View->CodeIgniter\View\{closure}()
 4 SYSTEMPATH\Common.php(1134): CodeIgniter\View\View->render('nota', [], true)
 5 APPPATH\Controllers\Kasir.php(76): view('nota', [...])
 6 SYSTEMPATH\CodeIgniter.php(927): App\Controllers\Kasir->Nota('160')
 7 SYSTEMPATH\CodeIgniter.php(482): CodeIgniter\CodeIgniter->runController(Object(App\Controllers\Kasir))
 8 SYSTEMPATH\CodeIgniter.php(351): CodeIgniter\CodeIgniter->handleRequest(null, Object(Config\Cache), false)
 9 FCPATH\index.php(67): CodeIgniter\CodeIgniter->run()
CRITICAL - 2022-12-15 02:04:53 --> Undefined variable: nota
in APPPATH\Views\nota.php on line 66.
 1 APPPATH\Views\nota.php(66): CodeIgniter\Debug\Exceptions->errorHandler(8, 'Undefined variable: nota', 'APPPATH\\Views\\nota.php', 66, [...])
 2 SYSTEMPATH\View\View.php(213): include('APPPATH\\Views\\nota.php')
 3 SYSTEMPATH\View\View.php(216): CodeIgniter\View\View->CodeIgniter\View\{closure}()
 4 SYSTEMPATH\Common.php(1134): CodeIgniter\View\View->render('nota', [], true)
 5 APPPATH\Controllers\Kasir.php(76): view('nota', [...])
 6 SYSTEMPATH\CodeIgniter.php(927): App\Controllers\Kasir->Nota('160')
 7 SYSTEMPATH\CodeIgniter.php(482): CodeIgniter\CodeIgniter->runController(Object(App\Controllers\Kasir))
 8 SYSTEMPATH\CodeIgniter.php(351): CodeIgniter\CodeIgniter->handleRequest(null, Object(Config\Cache), false)
 9 FCPATH\index.php(67): CodeIgniter\CodeIgniter->run()
CRITICAL - 2022-12-15 02:05:22 --> Undefined variable: data
in APPPATH\Views\cetaknota.php on line 20.
 1 APPPATH\Views\cetaknota.php(20): CodeIgniter\Debug\Exceptions->errorHandler(8, 'Undefined variable: data', 'APPPATH\\Views\\cetaknota.php', 20, [...])
 2 SYSTEMPATH\View\View.php(213): include('APPPATH\\Views\\cetaknota.php')
 3 SYSTEMPATH\View\View.php(216): CodeIgniter\View\View->CodeIgniter\View\{closure}()
 4 SYSTEMPATH\Common.php(1134): CodeIgniter\View\View->render('cetaknota', [], true)
 5 APPPATH\Views\nota.php(48): view('cetaknota')
 6 SYSTEMPATH\View\View.php(213): include('APPPATH\\Views\\nota.php')
 7 SYSTEMPATH\View\View.php(216): CodeIgniter\View\View->CodeIgniter\View\{closure}()
 8 SYSTEMPATH\Common.php(1134): CodeIgniter\View\View->render('nota', [], true)
 9 APPPATH\Controllers\Kasir.php(76): view('nota', [...])
10 SYSTEMPATH\CodeIgniter.php(927): App\Controllers\Kasir->Nota('160')
11 SYSTEMPATH\CodeIgniter.php(482): CodeIgniter\CodeIgniter->runController(Object(App\Controllers\Kasir))
12 SYSTEMPATH\CodeIgniter.php(351): CodeIgniter\CodeIgniter->handleRequest(null, Object(Config\Cache), false)
13 FCPATH\index.php(67): CodeIgniter\CodeIgniter->run()
CRITICAL - 2022-12-15 02:05:55 --> Undefined variable: nota
in APPPATH\Views\nota.php on line 48.
 1 APPPATH\Views\nota.php(48): CodeIgniter\Debug\Exceptions->errorHandler(8, 'Undefined variable: nota', 'APPPATH\\Views\\nota.php', 48, [...])
 2 SYSTEMPATH\View\View.php(213): include('APPPATH\\Views\\nota.php')
 3 SYSTEMPATH\View\View.php(216): CodeIgniter\View\View->CodeIgniter\View\{closure}()
 4 SYSTEMPATH\Common.php(1134): CodeIgniter\View\View->render('nota', [], true)
 5 APPPATH\Controllers\Kasir.php(76): view('nota', [...])
 6 SYSTEMPATH\CodeIgniter.php(927): App\Controllers\Kasir->Nota('160')
 7 SYSTEMPATH\CodeIgniter.php(482): CodeIgniter\CodeIgniter->runController(Object(App\Controllers\Kasir))
 8 SYSTEMPATH\CodeIgniter.php(351): CodeIgniter\CodeIgniter->handleRequest(null, Object(Config\Cache), false)
 9 FCPATH\index.php(67): CodeIgniter\CodeIgniter->run()
CRITICAL - 2022-12-15 02:06:01 --> Undefined variable: data
in APPPATH\Views\nota.php on line 48.
 1 APPPATH\Views\nota.php(48): CodeIgniter\Debug\Exceptions->errorHandler(8, 'Undefined variable: data', 'APPPATH\\Views\\nota.php', 48, [...])
 2 SYSTEMPATH\View\View.php(213): include('APPPATH\\Views\\nota.php')
 3 SYSTEMPATH\View\View.php(216): CodeIgniter\View\View->CodeIgniter\View\{closure}()
 4 SYSTEMPATH\Common.php(1134): CodeIgniter\View\View->render('nota', [], true)
 5 APPPATH\Controllers\Kasir.php(76): view('nota', [...])
 6 SYSTEMPATH\CodeIgniter.php(927): App\Controllers\Kasir->Nota('160')
 7 SYSTEMPATH\CodeIgniter.php(482): CodeIgniter\CodeIgniter->runController(Object(App\Controllers\Kasir))
 8 SYSTEMPATH\CodeIgniter.php(351): CodeIgniter\CodeIgniter->handleRequest(null, Object(Config\Cache), false)
 9 FCPATH\index.php(67): CodeIgniter\CodeIgniter->run()
CRITICAL - 2022-12-15 02:06:32 --> Undefined variable: data
in APPPATH\Views\nota.php on line 48.
 1 APPPATH\Views\nota.php(48): CodeIgniter\Debug\Exceptions->errorHandler(8, 'Undefined variable: data', 'APPPATH\\Views\\nota.php', 48, [...])
 2 SYSTEMPATH\View\View.php(213): include('APPPATH\\Views\\nota.php')
 3 SYSTEMPATH\View\View.php(216): CodeIgniter\View\View->CodeIgniter\View\{closure}()
 4 SYSTEMPATH\Common.php(1134): CodeIgniter\View\View->render('nota', [], true)
 5 APPPATH\Controllers\Kasir.php(76): view('nota', [...])
 6 SYSTEMPATH\CodeIgniter.php(927): App\Controllers\Kasir->Nota('160')
 7 SYSTEMPATH\CodeIgniter.php(482): CodeIgniter\CodeIgniter->runController(Object(App\Controllers\Kasir))
 8 SYSTEMPATH\CodeIgniter.php(351): CodeIgniter\CodeIgniter->handleRequest(null, Object(Config\Cache), false)
 9 FCPATH\index.php(67): CodeIgniter\CodeIgniter->run()
CRITICAL - 2022-12-15 02:08:30 --> Undefined variable: data
in APPPATH\Views\nota.php on line 48.
 1 APPPATH\Views\nota.php(48): CodeIgniter\Debug\Exceptions->errorHandler(8, 'Undefined variable: data', 'APPPATH\\Views\\nota.php', 48, [...])
 2 SYSTEMPATH\View\View.php(213): include('APPPATH\\Views\\nota.php')
 3 SYSTEMPATH\View\View.php(216): CodeIgniter\View\View->CodeIgniter\View\{closure}()
 4 SYSTEMPATH\Common.php(1134): CodeIgniter\View\View->render('nota', [], true)
 5 APPPATH\Controllers\Kasir.php(76): view('nota', [...])
 6 SYSTEMPATH\CodeIgniter.php(927): App\Controllers\Kasir->Nota([...])
 7 SYSTEMPATH\CodeIgniter.php(482): CodeIgniter\CodeIgniter->runController(Object(App\Controllers\Kasir))
 8 SYSTEMPATH\CodeIgniter.php(351): CodeIgniter\CodeIgniter->handleRequest(null, Object(Config\Cache), false)
 9 FCPATH\index.php(67): CodeIgniter\CodeIgniter->run()
CRITICAL - 2022-12-15 02:08:49 --> Undefined variable: data
in APPPATH\Views\cetaknota.php on line 20.
 1 APPPATH\Views\cetaknota.php(20): CodeIgniter\Debug\Exceptions->errorHandler(8, 'Undefined variable: data', 'APPPATH\\Views\\cetaknota.php', 20, [...])
 2 SYSTEMPATH\View\View.php(213): include('APPPATH\\Views\\cetaknota.php')
 3 SYSTEMPATH\View\View.php(216): CodeIgniter\View\View->CodeIgniter\View\{closure}()
 4 SYSTEMPATH\Common.php(1134): CodeIgniter\View\View->render('cetaknota', [], true)
 5 APPPATH\Views\nota.php(49): view('cetaknota')
 6 SYSTEMPATH\View\View.php(213): include('APPPATH\\Views\\nota.php')
 7 SYSTEMPATH\View\View.php(216): CodeIgniter\View\View->CodeIgniter\View\{closure}()
 8 SYSTEMPATH\Common.php(1134): CodeIgniter\View\View->render('nota', [], true)
 9 APPPATH\Controllers\Kasir.php(76): view('nota', [...])
10 SYSTEMPATH\CodeIgniter.php(927): App\Controllers\Kasir->Nota([...])
11 SYSTEMPATH\CodeIgniter.php(482): CodeIgniter\CodeIgniter->runController(Object(App\Controllers\Kasir))
12 SYSTEMPATH\CodeIgniter.php(351): CodeIgniter\CodeIgniter->handleRequest(null, Object(Config\Cache), false)
13 FCPATH\index.php(67): CodeIgniter\CodeIgniter->run()
CRITICAL - 2022-12-15 02:09:44 --> Too few arguments to function App\Controllers\Kasir::CetakNota(), 0 passed in C:\xampp\htdocs\test\system\CodeIgniter.php on line 927 and exactly 1 expected
in APPPATH\Controllers\Kasir.php on line 78.
 1 SYSTEMPATH\CodeIgniter.php(927): App\Controllers\Kasir->CetakNota()
 2 SYSTEMPATH\CodeIgniter.php(482): CodeIgniter\CodeIgniter->runController(Object(App\Controllers\Kasir))
 3 SYSTEMPATH\CodeIgniter.php(351): CodeIgniter\CodeIgniter->handleRequest(null, Object(Config\Cache), false)
 4 FCPATH\index.php(67): CodeIgniter\CodeIgniter->run()
CRITICAL - 2022-12-15 02:09:51 --> Undefined variable: data
in APPPATH\Views\cetaknota.php on line 20.
 1 APPPATH\Views\cetaknota.php(20): CodeIgniter\Debug\Exceptions->errorHandler(8, 'Undefined variable: data', 'APPPATH\\Views\\cetaknota.php', 20, [...])
 2 SYSTEMPATH\View\View.php(213): include('APPPATH\\Views\\cetaknota.php')
 3 SYSTEMPATH\View\View.php(216): CodeIgniter\View\View->CodeIgniter\View\{closure}()
 4 SYSTEMPATH\Common.php(1134): CodeIgniter\View\View->render('cetaknota', [], true)
 5 APPPATH\Views\nota.php(49): view('cetaknota')
 6 SYSTEMPATH\View\View.php(213): include('APPPATH\\Views\\nota.php')
 7 SYSTEMPATH\View\View.php(216): CodeIgniter\View\View->CodeIgniter\View\{closure}()
 8 SYSTEMPATH\Common.php(1134): CodeIgniter\View\View->render('nota', [], true)
 9 APPPATH\Controllers\Kasir.php(76): view('nota', [...])
10 SYSTEMPATH\CodeIgniter.php(927): App\Controllers\Kasir->Nota([...])
11 SYSTEMPATH\CodeIgniter.php(482): CodeIgniter\CodeIgniter->runController(Object(App\Controllers\Kasir))
12 SYSTEMPATH\CodeIgniter.php(351): CodeIgniter\CodeIgniter->handleRequest(null, Object(Config\Cache), false)
13 FCPATH\index.php(67): CodeIgniter\CodeIgniter->run()
CRITICAL - 2022-12-15 02:10:02 --> Undefined variable: nota
in APPPATH\Views\cetaknota.php on line 20.
 1 APPPATH\Views\cetaknota.php(20): CodeIgniter\Debug\Exceptions->errorHandler(8, 'Undefined variable: nota', 'APPPATH\\Views\\cetaknota.php', 20, [...])
 2 SYSTEMPATH\View\View.php(213): include('APPPATH\\Views\\cetaknota.php')
 3 SYSTEMPATH\View\View.php(216): CodeIgniter\View\View->CodeIgniter\View\{closure}()
 4 SYSTEMPATH\Common.php(1134): CodeIgniter\View\View->render('cetaknota', [], true)
 5 APPPATH\Views\nota.php(49): view('cetaknota')
 6 SYSTEMPATH\View\View.php(213): include('APPPATH\\Views\\nota.php')
 7 SYSTEMPATH\View\View.php(216): CodeIgniter\View\View->CodeIgniter\View\{closure}()
 8 SYSTEMPATH\Common.php(1134): CodeIgniter\View\View->render('nota', [], true)
 9 APPPATH\Controllers\Kasir.php(76): view('nota', [...])
10 SYSTEMPATH\CodeIgniter.php(927): App\Controllers\Kasir->Nota([...])
11 SYSTEMPATH\CodeIgniter.php(482): CodeIgniter\CodeIgniter->runController(Object(App\Controllers\Kasir))
12 SYSTEMPATH\CodeIgniter.php(351): CodeIgniter\CodeIgniter->handleRequest(null, Object(Config\Cache), false)
13 FCPATH\index.php(67): CodeIgniter\CodeIgniter->run()
CRITICAL - 2022-12-15 02:14:37 --> Array to string conversion
in APPPATH\Controllers\Kasir.php on line 76.
 1 APPPATH\Controllers\Kasir.php(76): CodeIgniter\Debug\Exceptions->errorHandler(8, 'Array to string conversion', 'APPPATH\\Controllers\\Kasir.php', 76, [...])
 2 SYSTEMPATH\CodeIgniter.php(927): App\Controllers\Kasir->Nota([...])
 3 SYSTEMPATH\CodeIgniter.php(482): CodeIgniter\CodeIgniter->runController(Object(App\Controllers\Kasir))
 4 SYSTEMPATH\CodeIgniter.php(351): CodeIgniter\CodeIgniter->handleRequest(null, Object(Config\Cache), false)
 5 FCPATH\index.php(67): CodeIgniter\CodeIgniter->run()
CRITICAL - 2022-12-15 02:14:52 --> Undefined variable: nota
in APPPATH\Views\cetaknota.php on line 20.
 1 APPPATH\Views\cetaknota.php(20): CodeIgniter\Debug\Exceptions->errorHandler(8, 'Undefined variable: nota', 'APPPATH\\Views\\cetaknota.php', 20, [...])
 2 SYSTEMPATH\View\View.php(213): include('APPPATH\\Views\\cetaknota.php')
 3 SYSTEMPATH\View\View.php(216): CodeIgniter\View\View->CodeIgniter\View\{closure}()
 4 SYSTEMPATH\Common.php(1134): CodeIgniter\View\View->render('cetaknota', [], true)
 5 APPPATH\Views\nota.php(49): view('cetaknota')
 6 SYSTEMPATH\View\View.php(213): include('APPPATH\\Views\\nota.php')
 7 SYSTEMPATH\View\View.php(216): CodeIgniter\View\View->CodeIgniter\View\{closure}()
 8 SYSTEMPATH\Common.php(1134): CodeIgniter\View\View->render('nota', [], true)
 9 APPPATH\Controllers\Kasir.php(77): view('nota', [...])
10 SYSTEMPATH\CodeIgniter.php(927): App\Controllers\Kasir->Nota([...])
11 SYSTEMPATH\CodeIgniter.php(482): CodeIgniter\CodeIgniter->runController(Object(App\Controllers\Kasir))
12 SYSTEMPATH\CodeIgniter.php(351): CodeIgniter\CodeIgniter->handleRequest(null, Object(Config\Cache), false)
13 FCPATH\index.php(67): CodeIgniter\CodeIgniter->run()
CRITICAL - 2022-12-15 02:15:22 --> Invalid argument supplied for foreach()
in APPPATH\Views\cetaknota.php on line 20.
 1 APPPATH\Views\cetaknota.php(20): CodeIgniter\Debug\Exceptions->errorHandler(2, 'Invalid argument supplied for foreach()', 'APPPATH\\Views\\cetaknota.php', 20, [...])
 2 SYSTEMPATH\View\View.php(213): include('APPPATH\\Views\\cetaknota.php')
 3 SYSTEMPATH\View\View.php(216): CodeIgniter\View\View->CodeIgniter\View\{closure}()
 4 SYSTEMPATH\Common.php(1134): CodeIgniter\View\View->render('cetaknota', [], true)
 5 APPPATH\Views\nota.php(49): view('cetaknota')
 6 SYSTEMPATH\View\View.php(213): include('APPPATH\\Views\\nota.php')
 7 SYSTEMPATH\View\View.php(216): CodeIgniter\View\View->CodeIgniter\View\{closure}()
 8 SYSTEMPATH\Common.php(1134): CodeIgniter\View\View->render('nota', [], true)
 9 APPPATH\Controllers\Kasir.php(77): view('nota', [...])
10 SYSTEMPATH\CodeIgniter.php(927): App\Controllers\Kasir->Nota([...])
11 SYSTEMPATH\CodeIgniter.php(482): CodeIgniter\CodeIgniter->runController(Object(App\Controllers\Kasir))
12 SYSTEMPATH\CodeIgniter.php(351): CodeIgniter\CodeIgniter->handleRequest(null, Object(Config\Cache), false)
13 FCPATH\index.php(67): CodeIgniter\CodeIgniter->run()
CRITICAL - 2022-12-15 02:16:53 --> Invalid argument supplied for foreach()
in APPPATH\Views\cetaknota.php on line 20.
 1 APPPATH\Views\cetaknota.php(20): CodeIgniter\Debug\Exceptions->errorHandler(2, 'Invalid argument supplied for foreach()', 'APPPATH\\Views\\cetaknota.php', 20, [...])
 2 SYSTEMPATH\View\View.php(213): include('APPPATH\\Views\\cetaknota.php')
 3 SYSTEMPATH\View\View.php(216): CodeIgniter\View\View->CodeIgniter\View\{closure}()
 4 SYSTEMPATH\Common.php(1134): CodeIgniter\View\View->render('cetaknota', [], true)
 5 APPPATH\Views\nota.php(49): view('cetaknota')
 6 SYSTEMPATH\View\View.php(213): include('APPPATH\\Views\\nota.php')
 7 SYSTEMPATH\View\View.php(216): CodeIgniter\View\View->CodeIgniter\View\{closure}()
 8 SYSTEMPATH\Common.php(1134): CodeIgniter\View\View->render('nota', [], true)
 9 APPPATH\Controllers\Kasir.php(77): view('nota', [...])
10 SYSTEMPATH\CodeIgniter.php(927): App\Controllers\Kasir->Nota([...])
11 SYSTEMPATH\CodeIgniter.php(482): CodeIgniter\CodeIgniter->runController(Object(App\Controllers\Kasir))
12 SYSTEMPATH\CodeIgniter.php(351): CodeIgniter\CodeIgniter->handleRequest(null, Object(Config\Cache), false)
13 FCPATH\index.php(67): CodeIgniter\CodeIgniter->run()
CRITICAL - 2022-12-15 02:17:34 --> Invalid argument supplied for foreach()
in APPPATH\Views\cetaknota.php on line 20.
 1 APPPATH\Views\cetaknota.php(20): CodeIgniter\Debug\Exceptions->errorHandler(2, 'Invalid argument supplied for foreach()', 'APPPATH\\Views\\cetaknota.php', 20, [...])
 2 SYSTEMPATH\View\View.php(213): include('APPPATH\\Views\\cetaknota.php')
 3 SYSTEMPATH\View\View.php(216): CodeIgniter\View\View->CodeIgniter\View\{closure}()
 4 SYSTEMPATH\Common.php(1134): CodeIgniter\View\View->render('cetaknota', [], true)
 5 APPPATH\Views\nota.php(49): view('cetaknota')
 6 SYSTEMPATH\View\View.php(213): include('APPPATH\\Views\\nota.php')
 7 SYSTEMPATH\View\View.php(216): CodeIgniter\View\View->CodeIgniter\View\{closure}()
 8 SYSTEMPATH\Common.php(1134): CodeIgniter\View\View->render('nota', [], true)
 9 APPPATH\Controllers\Kasir.php(78): view('nota', [...])
10 SYSTEMPATH\CodeIgniter.php(927): App\Controllers\Kasir->Nota([...])
11 SYSTEMPATH\CodeIgniter.php(482): CodeIgniter\CodeIgniter->runController(Object(App\Controllers\Kasir))
12 SYSTEMPATH\CodeIgniter.php(351): CodeIgniter\CodeIgniter->handleRequest(null, Object(Config\Cache), false)
13 FCPATH\index.php(67): CodeIgniter\CodeIgniter->run()
CRITICAL - 2022-12-15 02:18:01 --> Invalid argument supplied for foreach()
in APPPATH\Views\cetaknota.php on line 20.
 1 APPPATH\Views\cetaknota.php(20): CodeIgniter\Debug\Exceptions->errorHandler(2, 'Invalid argument supplied for foreach()', 'APPPATH\\Views\\cetaknota.php', 20, [...])
 2 SYSTEMPATH\View\View.php(213): include('APPPATH\\Views\\cetaknota.php')
 3 SYSTEMPATH\View\View.php(216): CodeIgniter\View\View->CodeIgniter\View\{closure}()
 4 SYSTEMPATH\Common.php(1134): CodeIgniter\View\View->render('cetaknota', [], true)
 5 APPPATH\Views\nota.php(49): view('cetaknota')
 6 SYSTEMPATH\View\View.php(213): include('APPPATH\\Views\\nota.php')
 7 SYSTEMPATH\View\View.php(216): CodeIgniter\View\View->CodeIgniter\View\{closure}()
 8 SYSTEMPATH\Common.php(1134): CodeIgniter\View\View->render('nota', [], true)
 9 APPPATH\Controllers\Kasir.php(77): view('nota', [...])
10 SYSTEMPATH\CodeIgniter.php(927): App\Controllers\Kasir->Nota([...])
11 SYSTEMPATH\CodeIgniter.php(482): CodeIgniter\CodeIgniter->runController(Object(App\Controllers\Kasir))
12 SYSTEMPATH\CodeIgniter.php(351): CodeIgniter\CodeIgniter->handleRequest(null, Object(Config\Cache), false)
13 FCPATH\index.php(67): CodeIgniter\CodeIgniter->run()
CRITICAL - 2022-12-15 02:18:38 --> Invalid argument supplied for foreach()
in APPPATH\Views\nota.php on line 65.
 1 APPPATH\Views\nota.php(65): CodeIgniter\Debug\Exceptions->errorHandler(2, 'Invalid argument supplied for foreach()', 'APPPATH\\Views\\nota.php', 65, [...])
 2 SYSTEMPATH\View\View.php(213): include('APPPATH\\Views\\nota.php')
 3 SYSTEMPATH\View\View.php(216): CodeIgniter\View\View->CodeIgniter\View\{closure}()
 4 SYSTEMPATH\Common.php(1134): CodeIgniter\View\View->render('nota', [], true)
 5 APPPATH\Controllers\Kasir.php(77): view('nota', [...])
 6 SYSTEMPATH\CodeIgniter.php(927): App\Controllers\Kasir->Nota([...])
 7 SYSTEMPATH\CodeIgniter.php(482): CodeIgniter\CodeIgniter->runController(Object(App\Controllers\Kasir))
 8 SYSTEMPATH\CodeIgniter.php(351): CodeIgniter\CodeIgniter->handleRequest(null, Object(Config\Cache), false)
 9 FCPATH\index.php(67): CodeIgniter\CodeIgniter->run()
CRITICAL - 2022-12-15 02:20:11 --> Invalid argument supplied for foreach()
in APPPATH\Views\cetaknota.php on line 20.
 1 APPPATH\Views\cetaknota.php(20): CodeIgniter\Debug\Exceptions->errorHandler(2, 'Invalid argument supplied for foreach()', 'APPPATH\\Views\\cetaknota.php', 20, [...])
 2 SYSTEMPATH\View\View.php(213): include('APPPATH\\Views\\cetaknota.php')
 3 SYSTEMPATH\View\View.php(216): CodeIgniter\View\View->CodeIgniter\View\{closure}()
 4 SYSTEMPATH\Common.php(1134): CodeIgniter\View\View->render('cetaknota', [], true)
 5 APPPATH\Views\nota.php(49): view('cetaknota')
 6 SYSTEMPATH\View\View.php(213): include('APPPATH\\Views\\nota.php')
 7 SYSTEMPATH\View\View.php(216): CodeIgniter\View\View->CodeIgniter\View\{closure}()
 8 SYSTEMPATH\Common.php(1134): CodeIgniter\View\View->render('nota', [], true)
 9 APPPATH\Controllers\Kasir.php(77): view('nota', [...])
10 SYSTEMPATH\CodeIgniter.php(927): App\Controllers\Kasir->Nota([...])
11 SYSTEMPATH\CodeIgniter.php(482): CodeIgniter\CodeIgniter->runController(Object(App\Controllers\Kasir))
12 SYSTEMPATH\CodeIgniter.php(351): CodeIgniter\CodeIgniter->handleRequest(null, Object(Config\Cache), false)
13 FCPATH\index.php(67): CodeIgniter\CodeIgniter->run()
CRITICAL - 2022-12-15 02:23:04 --> Invalid file: {0}
in SYSTEMPATH\Exceptions\FrameworkException.php on line 33.
 1 SYSTEMPATH\View\View.php(201): CodeIgniter\Exceptions\FrameworkException::forInvalidFile('160.php')
 2 SYSTEMPATH\Common.php(1134): CodeIgniter\View\View->render('160', [], true)
 3 APPPATH\Controllers\Kasir.php(74): view('160')
 4 SYSTEMPATH\CodeIgniter.php(927): App\Controllers\Kasir->Nota('160')
 5 SYSTEMPATH\CodeIgniter.php(482): CodeIgniter\CodeIgniter->runController(Object(App\Controllers\Kasir))
 6 SYSTEMPATH\CodeIgniter.php(351): CodeIgniter\CodeIgniter->handleRequest(null, Object(Config\Cache), false)
 7 FCPATH\index.php(67): CodeIgniter\CodeIgniter->run()
CRITICAL - 2022-12-15 02:24:40 --> Invalid argument supplied for foreach()
in APPPATH\Views\cetaknota.php on line 20.
 1 APPPATH\Views\cetaknota.php(20): CodeIgniter\Debug\Exceptions->errorHandler(2, 'Invalid argument supplied for foreach()', 'APPPATH\\Views\\cetaknota.php', 20, [...])
 2 SYSTEMPATH\View\View.php(213): include('APPPATH\\Views\\cetaknota.php')
 3 SYSTEMPATH\View\View.php(216): CodeIgniter\View\View->CodeIgniter\View\{closure}()
 4 SYSTEMPATH\Common.php(1134): CodeIgniter\View\View->render('cetaknota', [], true)
 5 APPPATH\Views\nota.php(49): view('cetaknota')
 6 SYSTEMPATH\View\View.php(213): include('APPPATH\\Views\\nota.php')
 7 SYSTEMPATH\View\View.php(216): CodeIgniter\View\View->CodeIgniter\View\{closure}()
 8 SYSTEMPATH\Common.php(1134): CodeIgniter\View\View->render('nota', [], true)
 9 APPPATH\Controllers\Kasir.php(77): view('nota', [...])
10 SYSTEMPATH\CodeIgniter.php(927): App\Controllers\Kasir->Nota([...])
11 SYSTEMPATH\CodeIgniter.php(482): CodeIgniter\CodeIgniter->runController(Object(App\Controllers\Kasir))
12 SYSTEMPATH\CodeIgniter.php(351): CodeIgniter\CodeIgniter->handleRequest(null, Object(Config\Cache), false)
13 FCPATH\index.php(67): CodeIgniter\CodeIgniter->run()
CRITICAL - 2022-12-15 02:24:48 --> Invalid argument supplied for foreach()
in APPPATH\Views\cetaknota.php on line 20.
 1 APPPATH\Views\cetaknota.php(20): CodeIgniter\Debug\Exceptions->errorHandler(2, 'Invalid argument supplied for foreach()', 'APPPATH\\Views\\cetaknota.php', 20, [...])
 2 SYSTEMPATH\View\View.php(213): include('APPPATH\\Views\\cetaknota.php')
 3 SYSTEMPATH\View\View.php(216): CodeIgniter\View\View->CodeIgniter\View\{closure}()
 4 SYSTEMPATH\Common.php(1134): CodeIgniter\View\View->render('cetaknota', [], true)
 5 APPPATH\Views\nota.php(49): view('cetaknota')
 6 SYSTEMPATH\View\View.php(213): include('APPPATH\\Views\\nota.php')
 7 SYSTEMPATH\View\View.php(216): CodeIgniter\View\View->CodeIgniter\View\{closure}()
 8 SYSTEMPATH\Common.php(1134): CodeIgniter\View\View->render('nota', [], true)
 9 APPPATH\Controllers\Kasir.php(77): view('nota', [...])
10 SYSTEMPATH\CodeIgniter.php(927): App\Controllers\Kasir->Nota([...])
11 SYSTEMPATH\CodeIgniter.php(482): CodeIgniter\CodeIgniter->runController(Object(App\Controllers\Kasir))
12 SYSTEMPATH\CodeIgniter.php(351): CodeIgniter\CodeIgniter->handleRequest(null, Object(Config\Cache), false)
13 FCPATH\index.php(67): CodeIgniter\CodeIgniter->run()
CRITICAL - 2022-12-15 02:25:20 --> Illegal string offset 'id_penjualan'
in APPPATH\Models\ModelJual.php on line 50.
 1 APPPATH\Models\ModelJual.php(50): CodeIgniter\Debug\Exceptions->errorHandler(2, 'Illegal string offset \'id_penjualan\'', 'APPPATH\\Models\\ModelJual.php', 50, [...])
 2 APPPATH\Controllers\Kasir.php(74): App\Models\ModelJual->Nota('160')
 3 SYSTEMPATH\CodeIgniter.php(927): App\Controllers\Kasir->Nota('160')
 4 SYSTEMPATH\CodeIgniter.php(482): CodeIgniter\CodeIgniter->runController(Object(App\Controllers\Kasir))
 5 SYSTEMPATH\CodeIgniter.php(351): CodeIgniter\CodeIgniter->handleRequest(null, Object(Config\Cache), false)
 6 FCPATH\index.php(67): CodeIgniter\CodeIgniter->run()
CRITICAL - 2022-12-15 02:25:31 --> Invalid argument supplied for foreach()
in APPPATH\Views\cetaknota.php on line 20.
 1 APPPATH\Views\cetaknota.php(20): CodeIgniter\Debug\Exceptions->errorHandler(2, 'Invalid argument supplied for foreach()', 'APPPATH\\Views\\cetaknota.php', 20, [...])
 2 SYSTEMPATH\View\View.php(213): include('APPPATH\\Views\\cetaknota.php')
 3 SYSTEMPATH\View\View.php(216): CodeIgniter\View\View->CodeIgniter\View\{closure}()
 4 SYSTEMPATH\Common.php(1134): CodeIgniter\View\View->render('cetaknota', [], true)
 5 APPPATH\Views\nota.php(49): view('cetaknota')
 6 SYSTEMPATH\View\View.php(213): include('APPPATH\\Views\\nota.php')
 7 SYSTEMPATH\View\View.php(216): CodeIgniter\View\View->CodeIgniter\View\{closure}()
 8 SYSTEMPATH\Common.php(1134): CodeIgniter\View\View->render('nota', [], true)
 9 APPPATH\Controllers\Kasir.php(77): view('nota', [...])
10 SYSTEMPATH\CodeIgniter.php(927): App\Controllers\Kasir->Nota([...])
11 SYSTEMPATH\CodeIgniter.php(482): CodeIgniter\CodeIgniter->runController(Object(App\Controllers\Kasir))
12 SYSTEMPATH\CodeIgniter.php(351): CodeIgniter\CodeIgniter->handleRequest(null, Object(Config\Cache), false)
13 FCPATH\index.php(67): CodeIgniter\CodeIgniter->run()
CRITICAL - 2022-12-15 02:41:10 --> Invalid argument supplied for foreach()
in APPPATH\Views\cetaknota.php on line 20.
 1 APPPATH\Views\cetaknota.php(20): CodeIgniter\Debug\Exceptions->errorHandler(2, 'Invalid argument supplied for foreach()', 'APPPATH\\Views\\cetaknota.php', 20, [...])
 2 SYSTEMPATH\View\View.php(213): include('APPPATH\\Views\\cetaknota.php')
 3 SYSTEMPATH\View\View.php(216): CodeIgniter\View\View->CodeIgniter\View\{closure}()
 4 SYSTEMPATH\Common.php(1134): CodeIgniter\View\View->render('cetaknota', [], true)
 5 APPPATH\Views\nota.php(49): view('cetaknota')
 6 SYSTEMPATH\View\View.php(213): include('APPPATH\\Views\\nota.php')
 7 SYSTEMPATH\View\View.php(216): CodeIgniter\View\View->CodeIgniter\View\{closure}()
 8 SYSTEMPATH\Common.php(1134): CodeIgniter\View\View->render('nota', [], true)
 9 APPPATH\Controllers\Kasir.php(77): view('nota', [...])
10 SYSTEMPATH\CodeIgniter.php(927): App\Controllers\Kasir->Nota([...])
11 SYSTEMPATH\CodeIgniter.php(482): CodeIgniter\CodeIgniter->runController(Object(App\Controllers\Kasir))
12 SYSTEMPATH\CodeIgniter.php(351): CodeIgniter\CodeIgniter->handleRequest(null, Object(Config\Cache), false)
13 FCPATH\index.php(67): CodeIgniter\CodeIgniter->run()
CRITICAL - 2022-12-15 02:44:03 --> Invalid argument supplied for foreach()
in APPPATH\Views\cetaknota.php on line 20.
 1 APPPATH\Views\cetaknota.php(20): CodeIgniter\Debug\Exceptions->errorHandler(2, 'Invalid argument supplied for foreach()', 'APPPATH\\Views\\cetaknota.php', 20, [...])
 2 SYSTEMPATH\View\View.php(213): include('APPPATH\\Views\\cetaknota.php')
 3 SYSTEMPATH\View\View.php(216): CodeIgniter\View\View->CodeIgniter\View\{closure}()
 4 SYSTEMPATH\Common.php(1134): CodeIgniter\View\View->render('cetaknota', [], true)
 5 APPPATH\Views\nota.php(49): view('cetaknota')
 6 SYSTEMPATH\View\View.php(213): include('APPPATH\\Views\\nota.php')
 7 SYSTEMPATH\View\View.php(216): CodeIgniter\View\View->CodeIgniter\View\{closure}()
 8 SYSTEMPATH\Common.php(1134): CodeIgniter\View\View->render('nota', [], true)
 9 APPPATH\Controllers\Kasir.php(77): view('nota', [...])
10 SYSTEMPATH\CodeIgniter.php(927): App\Controllers\Kasir->Nota([...])
11 SYSTEMPATH\CodeIgniter.php(482): CodeIgniter\CodeIgniter->runController(Object(App\Controllers\Kasir))
12 SYSTEMPATH\CodeIgniter.php(351): CodeIgniter\CodeIgniter->handleRequest(null, Object(Config\Cache), false)
13 FCPATH\index.php(67): CodeIgniter\CodeIgniter->run()
CRITICAL - 2022-12-15 02:46:52 --> Invalid argument supplied for foreach()
in APPPATH\Views\cetaknota.php on line 20.
 1 APPPATH\Views\cetaknota.php(20): CodeIgniter\Debug\Exceptions->errorHandler(2, 'Invalid argument supplied for foreach()', 'APPPATH\\Views\\cetaknota.php', 20, [...])
 2 SYSTEMPATH\View\View.php(213): include('APPPATH\\Views\\cetaknota.php')
 3 SYSTEMPATH\View\View.php(216): CodeIgniter\View\View->CodeIgniter\View\{closure}()
 4 SYSTEMPATH\Common.php(1134): CodeIgniter\View\View->render('cetaknota', [], true)
 5 APPPATH\Views\nota.php(49): view('cetaknota')
 6 SYSTEMPATH\View\View.php(213): include('APPPATH\\Views\\nota.php')
 7 SYSTEMPATH\View\View.php(216): CodeIgniter\View\View->CodeIgniter\View\{closure}()
 8 SYSTEMPATH\Common.php(1134): CodeIgniter\View\View->render('nota', [], true)
 9 APPPATH\Controllers\Kasir.php(77): view('nota', [...])
10 SYSTEMPATH\CodeIgniter.php(927): App\Controllers\Kasir->Nota([...])
11 SYSTEMPATH\CodeIgniter.php(482): CodeIgniter\CodeIgniter->runController(Object(App\Controllers\Kasir))
12 SYSTEMPATH\CodeIgniter.php(351): CodeIgniter\CodeIgniter->handleRequest(null, Object(Config\Cache), false)
13 FCPATH\index.php(67): CodeIgniter\CodeIgniter->run()
CRITICAL - 2022-12-15 02:47:14 --> Invalid argument supplied for foreach()
in APPPATH\Views\cetaknota.php on line 20.
 1 APPPATH\Views\cetaknota.php(20): CodeIgniter\Debug\Exceptions->errorHandler(2, 'Invalid argument supplied for foreach()', 'APPPATH\\Views\\cetaknota.php', 20, [...])
 2 SYSTEMPATH\View\View.php(213): include('APPPATH\\Views\\cetaknota.php')
 3 SYSTEMPATH\View\View.php(216): CodeIgniter\View\View->CodeIgniter\View\{closure}()
 4 SYSTEMPATH\Common.php(1134): CodeIgniter\View\View->render('cetaknota', [], true)
 5 APPPATH\Views\nota.php(49): view('cetaknota')
 6 SYSTEMPATH\View\View.php(213): include('APPPATH\\Views\\nota.php')
 7 SYSTEMPATH\View\View.php(216): CodeIgniter\View\View->CodeIgniter\View\{closure}()
 8 SYSTEMPATH\Common.php(1134): CodeIgniter\View\View->render('nota', [], true)
 9 APPPATH\Controllers\Kasir.php(77): view('nota', [...])
10 SYSTEMPATH\CodeIgniter.php(927): App\Controllers\Kasir->Nota([...])
11 SYSTEMPATH\CodeIgniter.php(482): CodeIgniter\CodeIgniter->runController(Object(App\Controllers\Kasir))
12 SYSTEMPATH\CodeIgniter.php(351): CodeIgniter\CodeIgniter->handleRequest(null, Object(Config\Cache), false)
13 FCPATH\index.php(67): CodeIgniter\CodeIgniter->run()
CRITICAL - 2022-12-15 02:48:06 --> Undefined variable: data
in APPPATH\Views\cetaknota.php on line 20.
 1 APPPATH\Views\cetaknota.php(20): CodeIgniter\Debug\Exceptions->errorHandler(8, 'Undefined variable: data', 'APPPATH\\Views\\cetaknota.php', 20, [...])
 2 SYSTEMPATH\View\View.php(213): include('APPPATH\\Views\\cetaknota.php')
 3 SYSTEMPATH\View\View.php(216): CodeIgniter\View\View->CodeIgniter\View\{closure}()
 4 SYSTEMPATH\Common.php(1134): CodeIgniter\View\View->render('cetaknota', [], true)
 5 APPPATH\Views\nota.php(49): view('cetaknota')
 6 SYSTEMPATH\View\View.php(213): include('APPPATH\\Views\\nota.php')
 7 SYSTEMPATH\View\View.php(216): CodeIgniter\View\View->CodeIgniter\View\{closure}()
 8 SYSTEMPATH\Common.php(1134): CodeIgniter\View\View->render('nota', [], true)
 9 APPPATH\Controllers\Kasir.php(77): view('nota', [...])
10 SYSTEMPATH\CodeIgniter.php(927): App\Controllers\Kasir->Nota([...])
11 SYSTEMPATH\CodeIgniter.php(482): CodeIgniter\CodeIgniter->runController(Object(App\Controllers\Kasir))
12 SYSTEMPATH\CodeIgniter.php(351): CodeIgniter\CodeIgniter->handleRequest(null, Object(Config\Cache), false)
13 FCPATH\index.php(67): CodeIgniter\CodeIgniter->run()
CRITICAL - 2022-12-15 02:49:50 --> Undefined variable: data
in APPPATH\Views\cetaknota.php on line 20.
 1 APPPATH\Views\cetaknota.php(20): CodeIgniter\Debug\Exceptions->errorHandler(8, 'Undefined variable: data', 'APPPATH\\Views\\cetaknota.php', 20, [...])
 2 SYSTEMPATH\View\View.php(213): include('APPPATH\\Views\\cetaknota.php')
 3 SYSTEMPATH\View\View.php(216): CodeIgniter\View\View->CodeIgniter\View\{closure}()
 4 SYSTEMPATH\Common.php(1134): CodeIgniter\View\View->render('cetaknota', [], true)
 5 APPPATH\Views\nota.php(49): view('cetaknota')
 6 SYSTEMPATH\View\View.php(213): include('APPPATH\\Views\\nota.php')
 7 SYSTEMPATH\View\View.php(216): CodeIgniter\View\View->CodeIgniter\View\{closure}()
 8 SYSTEMPATH\Common.php(1134): CodeIgniter\View\View->render('nota', [], true)
 9 APPPATH\Controllers\Kasir.php(77): view('nota', [...])
10 SYSTEMPATH\CodeIgniter.php(927): App\Controllers\Kasir->Nota([...])
11 SYSTEMPATH\CodeIgniter.php(482): CodeIgniter\CodeIgniter->runController(Object(App\Controllers\Kasir))
12 SYSTEMPATH\CodeIgniter.php(351): CodeIgniter\CodeIgniter->handleRequest(null, Object(Config\Cache), false)
13 FCPATH\index.php(67): CodeIgniter\CodeIgniter->run()
CRITICAL - 2022-12-15 02:50:03 --> Undefined variable: data
in APPPATH\Views\cetaknota.php on line 20.
 1 APPPATH\Views\cetaknota.php(20): CodeIgniter\Debug\Exceptions->errorHandler(8, 'Undefined variable: data', 'APPPATH\\Views\\cetaknota.php', 20, [...])
 2 SYSTEMPATH\View\View.php(213): include('APPPATH\\Views\\cetaknota.php')
 3 SYSTEMPATH\View\View.php(216): CodeIgniter\View\View->CodeIgniter\View\{closure}()
 4 SYSTEMPATH\Common.php(1134): CodeIgniter\View\View->render('cetaknota', [], true)
 5 APPPATH\Views\nota.php(49): view('cetaknota')
 6 SYSTEMPATH\View\View.php(213): include('APPPATH\\Views\\nota.php')
 7 SYSTEMPATH\View\View.php(216): CodeIgniter\View\View->CodeIgniter\View\{closure}()
 8 SYSTEMPATH\Common.php(1134): CodeIgniter\View\View->render('nota', [], true)
 9 APPPATH\Controllers\Kasir.php(77): view('nota', [...])
10 SYSTEMPATH\CodeIgniter.php(927): App\Controllers\Kasir->Nota([...])
11 SYSTEMPATH\CodeIgniter.php(482): CodeIgniter\CodeIgniter->runController(Object(App\Controllers\Kasir))
12 SYSTEMPATH\CodeIgniter.php(351): CodeIgniter\CodeIgniter->handleRequest(null, Object(Config\Cache), false)
13 FCPATH\index.php(67): CodeIgniter\CodeIgniter->run()
CRITICAL - 2022-12-15 02:50:27 --> Undefined variable: data
in APPPATH\Views\cetaknota.php on line 20.
 1 APPPATH\Views\cetaknota.php(20): CodeIgniter\Debug\Exceptions->errorHandler(8, 'Undefined variable: data', 'APPPATH\\Views\\cetaknota.php', 20, [...])
 2 SYSTEMPATH\View\View.php(213): include('APPPATH\\Views\\cetaknota.php')
 3 SYSTEMPATH\View\View.php(216): CodeIgniter\View\View->CodeIgniter\View\{closure}()
 4 SYSTEMPATH\Common.php(1134): CodeIgniter\View\View->render('cetaknota', [], true)
 5 APPPATH\Views\nota.php(49): view('cetaknota')
 6 SYSTEMPATH\View\View.php(213): include('APPPATH\\Views\\nota.php')
 7 SYSTEMPATH\View\View.php(216): CodeIgniter\View\View->CodeIgniter\View\{closure}()
 8 SYSTEMPATH\Common.php(1134): CodeIgniter\View\View->render('nota', [], true)
 9 APPPATH\Controllers\Kasir.php(76): view('nota', [...])
10 SYSTEMPATH\CodeIgniter.php(927): App\Controllers\Kasir->Nota([...])
11 SYSTEMPATH\CodeIgniter.php(482): CodeIgniter\CodeIgniter->runController(Object(App\Controllers\Kasir))
12 SYSTEMPATH\CodeIgniter.php(351): CodeIgniter\CodeIgniter->handleRequest(null, Object(Config\Cache), false)
13 FCPATH\index.php(67): CodeIgniter\CodeIgniter->run()
CRITICAL - 2022-12-15 02:51:08 --> Undefined property: App\Controllers\Kasir::$db
in APPPATH\Controllers\Kasir.php on line 74.
 1 APPPATH\Controllers\Kasir.php(74): CodeIgniter\Debug\Exceptions->errorHandler(8, 'Undefined property: App\\Controllers\\Kasir::$db', 'APPPATH\\Controllers\\Kasir.php', 74, [...])
 2 SYSTEMPATH\CodeIgniter.php(927): App\Controllers\Kasir->Nota('160')
 3 SYSTEMPATH\CodeIgniter.php(482): CodeIgniter\CodeIgniter->runController(Object(App\Controllers\Kasir))
 4 SYSTEMPATH\CodeIgniter.php(351): CodeIgniter\CodeIgniter->handleRequest(null, Object(Config\Cache), false)
 5 FCPATH\index.php(67): CodeIgniter\CodeIgniter->run()
CRITICAL - 2022-12-15 02:51:37 --> Undefined property: App\Controllers\Kasir::$db
in APPPATH\Controllers\Kasir.php on line 74.
 1 APPPATH\Controllers\Kasir.php(74): CodeIgniter\Debug\Exceptions->errorHandler(8, 'Undefined property: App\\Controllers\\Kasir::$db', 'APPPATH\\Controllers\\Kasir.php', 74, [...])
 2 SYSTEMPATH\CodeIgniter.php(927): App\Controllers\Kasir->Nota('160')
 3 SYSTEMPATH\CodeIgniter.php(482): CodeIgniter\CodeIgniter->runController(Object(App\Controllers\Kasir))
 4 SYSTEMPATH\CodeIgniter.php(351): CodeIgniter\CodeIgniter->handleRequest(null, Object(Config\Cache), false)
 5 FCPATH\index.php(67): CodeIgniter\CodeIgniter->run()
CRITICAL - 2022-12-15 02:53:44 --> Undefined property: App\Controllers\Kasir::$db
in APPPATH\Controllers\Kasir.php on line 74.
 1 APPPATH\Controllers\Kasir.php(74): CodeIgniter\Debug\Exceptions->errorHandler(8, 'Undefined property: App\\Controllers\\Kasir::$db', 'APPPATH\\Controllers\\Kasir.php', 74, [...])
 2 SYSTEMPATH\CodeIgniter.php(927): App\Controllers\Kasir->Nota('160')
 3 SYSTEMPATH\CodeIgniter.php(482): CodeIgniter\CodeIgniter->runController(Object(App\Controllers\Kasir))
 4 SYSTEMPATH\CodeIgniter.php(351): CodeIgniter\CodeIgniter->handleRequest(null, Object(Config\Cache), false)
 5 FCPATH\index.php(67): CodeIgniter\CodeIgniter->run()
CRITICAL - 2022-12-15 02:53:46 --> Undefined property: App\Controllers\Kasir::$db
in APPPATH\Controllers\Kasir.php on line 74.
 1 APPPATH\Controllers\Kasir.php(74): CodeIgniter\Debug\Exceptions->errorHandler(8, 'Undefined property: App\\Controllers\\Kasir::$db', 'APPPATH\\Controllers\\Kasir.php', 74, [...])
 2 SYSTEMPATH\CodeIgniter.php(927): App\Controllers\Kasir->Nota('160')
 3 SYSTEMPATH\CodeIgniter.php(482): CodeIgniter\CodeIgniter->runController(Object(App\Controllers\Kasir))
 4 SYSTEMPATH\CodeIgniter.php(351): CodeIgniter\CodeIgniter->handleRequest(null, Object(Config\Cache), false)
 5 FCPATH\index.php(67): CodeIgniter\CodeIgniter->run()
CRITICAL - 2022-12-15 02:56:59 --> Undefined property: App\Controllers\Kasir::$db
in APPPATH\Controllers\Kasir.php on line 74.
 1 APPPATH\Controllers\Kasir.php(74): CodeIgniter\Debug\Exceptions->errorHandler(8, 'Undefined property: App\\Controllers\\Kasir::$db', 'APPPATH\\Controllers\\Kasir.php', 74, [...])
 2 SYSTEMPATH\CodeIgniter.php(927): App\Controllers\Kasir->Nota('160')
 3 SYSTEMPATH\CodeIgniter.php(482): CodeIgniter\CodeIgniter->runController(Object(App\Controllers\Kasir))
 4 SYSTEMPATH\CodeIgniter.php(351): CodeIgniter\CodeIgniter->handleRequest(null, Object(Config\Cache), false)
 5 FCPATH\index.php(67): CodeIgniter\CodeIgniter->run()
CRITICAL - 2022-12-15 02:58:32 --> Undefined variable: penjualan
in APPPATH\Views\cetaknota.php on line 20.
 1 APPPATH\Views\cetaknota.php(20): CodeIgniter\Debug\Exceptions->errorHandler(8, 'Undefined variable: penjualan', 'APPPATH\\Views\\cetaknota.php', 20, [...])
 2 SYSTEMPATH\View\View.php(213): include('APPPATH\\Views\\cetaknota.php')
 3 SYSTEMPATH\View\View.php(216): CodeIgniter\View\View->CodeIgniter\View\{closure}()
 4 SYSTEMPATH\Common.php(1134): CodeIgniter\View\View->render('cetaknota', [], true)
 5 APPPATH\Views\nota.php(49): view('cetaknota')
 6 SYSTEMPATH\View\View.php(213): include('APPPATH\\Views\\nota.php')
 7 SYSTEMPATH\View\View.php(216): CodeIgniter\View\View->CodeIgniter\View\{closure}()
 8 SYSTEMPATH\Common.php(1134): CodeIgniter\View\View->render('nota', [], true)
 9 APPPATH\Controllers\Kasir.php(75): view('nota', [...])
10 SYSTEMPATH\CodeIgniter.php(927): App\Controllers\Kasir->Nota([...])
11 SYSTEMPATH\CodeIgniter.php(482): CodeIgniter\CodeIgniter->runController(Object(App\Controllers\Kasir))
12 SYSTEMPATH\CodeIgniter.php(351): CodeIgniter\CodeIgniter->handleRequest(null, Object(Config\Cache), false)
13 FCPATH\index.php(67): CodeIgniter\CodeIgniter->run()
CRITICAL - 2022-12-15 03:02:31 --> Undefined index: id_penjualan
in APPPATH\Views\cetaknota.php on line 20.
 1 APPPATH\Views\cetaknota.php(20): CodeIgniter\Debug\Exceptions->errorHandler(8, 'Undefined index: id_penjualan', 'APPPATH\\Views\\cetaknota.php', 20, [...])
 2 SYSTEMPATH\View\View.php(213): include('APPPATH\\Views\\cetaknota.php')
 3 SYSTEMPATH\View\View.php(216): CodeIgniter\View\View->CodeIgniter\View\{closure}()
 4 SYSTEMPATH\Common.php(1134): CodeIgniter\View\View->render('cetaknota', [], true)
 5 APPPATH\Views\nota.php(49): view('cetaknota')
 6 SYSTEMPATH\View\View.php(213): include('APPPATH\\Views\\nota.php')
 7 SYSTEMPATH\View\View.php(216): CodeIgniter\View\View->CodeIgniter\View\{closure}()
 8 SYSTEMPATH\Common.php(1134): CodeIgniter\View\View->render('nota', [], true)
 9 APPPATH\Controllers\Kasir.php(76): view('nota', [...])
10 SYSTEMPATH\CodeIgniter.php(927): App\Controllers\Kasir->Nota([...])
11 SYSTEMPATH\CodeIgniter.php(482): CodeIgniter\CodeIgniter->runController(Object(App\Controllers\Kasir))
12 SYSTEMPATH\CodeIgniter.php(351): CodeIgniter\CodeIgniter->handleRequest(null, Object(Config\Cache), false)
13 FCPATH\index.php(67): CodeIgniter\CodeIgniter->run()
CRITICAL - 2022-12-15 03:13:09 --> Allowed memory size of 536870912 bytes exhausted (tried to allocate 268451840 bytes)
in APPPATH\Views\cetaknota.php on line 35.
 1 [internal function]: CodeIgniter\Debug\Exceptions->shutdownHandler()
CRITICAL - 2022-12-15 03:16:26 --> Undefined property: CodeIgniter\View\View::$db
in APPPATH\Views\cetaknota.php on line 21.
 1 APPPATH\Views\cetaknota.php(21): CodeIgniter\Debug\Exceptions->errorHandler(8, 'Undefined property: CodeIgniter\\View\\View::$db', 'APPPATH\\Views\\cetaknota.php', 21, [...])
 2 SYSTEMPATH\View\View.php(213): include('APPPATH\\Views\\cetaknota.php')
 3 SYSTEMPATH\View\View.php(216): CodeIgniter\View\View->CodeIgniter\View\{closure}()
 4 SYSTEMPATH\Common.php(1134): CodeIgniter\View\View->render('cetaknota', [], true)
 5 APPPATH\Views\nota.php(49): view('cetaknota')
 6 SYSTEMPATH\View\View.php(213): include('APPPATH\\Views\\nota.php')
 7 SYSTEMPATH\View\View.php(216): CodeIgniter\View\View->CodeIgniter\View\{closure}()
 8 SYSTEMPATH\Common.php(1134): CodeIgniter\View\View->render('nota', [], true)
 9 APPPATH\Controllers\Kasir.php(76): view('nota', [...])
10 SYSTEMPATH\CodeIgniter.php(927): App\Controllers\Kasir->Nota([...])
11 SYSTEMPATH\CodeIgniter.php(482): CodeIgniter\CodeIgniter->runController(Object(App\Controllers\Kasir))
12 SYSTEMPATH\CodeIgniter.php(351): CodeIgniter\CodeIgniter->handleRequest(null, Object(Config\Cache), false)
13 FCPATH\index.php(67): CodeIgniter\CodeIgniter->run()
CRITICAL - 2022-12-15 03:17:24 --> syntax error, unexpected '->' (T_OBJECT_OPERATOR)
in APPPATH\Views\cetaknota.php on line 21.
 1 SYSTEMPATH\View\View.php(216): CodeIgniter\View\View->CodeIgniter\View\{closure}()
 2 SYSTEMPATH\Common.php(1134): CodeIgniter\View\View->render('cetaknota', [], true)
 3 APPPATH\Views\nota.php(49): view('cetaknota')
 4 SYSTEMPATH\View\View.php(213): include('APPPATH\\Views\\nota.php')
 5 SYSTEMPATH\View\View.php(216): CodeIgniter\View\View->CodeIgniter\View\{closure}()
 6 SYSTEMPATH\Common.php(1134): CodeIgniter\View\View->render('nota', [], true)
 7 APPPATH\Controllers\Kasir.php(76): view('nota', [...])
 8 SYSTEMPATH\CodeIgniter.php(927): App\Controllers\Kasir->Nota([...])
 9 SYSTEMPATH\CodeIgniter.php(482): CodeIgniter\CodeIgniter->runController(Object(App\Controllers\Kasir))
10 SYSTEMPATH\CodeIgniter.php(351): CodeIgniter\CodeIgniter->handleRequest(null, Object(Config\Cache), false)
11 FCPATH\index.php(67): CodeIgniter\CodeIgniter->run()
CRITICAL - 2022-12-15 03:20:32 --> Undefined index: $id_penjualan
in APPPATH\Views\cetaknota.php on line 20.
 1 APPPATH\Views\cetaknota.php(20): CodeIgniter\Debug\Exceptions->errorHandler(8, 'Undefined index: $id_penjualan', 'APPPATH\\Views\\cetaknota.php', 20, [...])
 2 SYSTEMPATH\View\View.php(213): include('APPPATH\\Views\\cetaknota.php')
 3 SYSTEMPATH\View\View.php(216): CodeIgniter\View\View->CodeIgniter\View\{closure}()
 4 SYSTEMPATH\Common.php(1134): CodeIgniter\View\View->render('cetaknota', [], true)
 5 APPPATH\Views\nota.php(49): view('cetaknota')
 6 SYSTEMPATH\View\View.php(213): include('APPPATH\\Views\\nota.php')
 7 SYSTEMPATH\View\View.php(216): CodeIgniter\View\View->CodeIgniter\View\{closure}()
 8 SYSTEMPATH\Common.php(1134): CodeIgniter\View\View->render('nota', [], true)
 9 APPPATH\Controllers\Kasir.php(76): view('nota', [...])
10 SYSTEMPATH\CodeIgniter.php(927): App\Controllers\Kasir->Nota([...])
11 SYSTEMPATH\CodeIgniter.php(482): CodeIgniter\CodeIgniter->runController(Object(App\Controllers\Kasir))
12 SYSTEMPATH\CodeIgniter.php(351): CodeIgniter\CodeIgniter->handleRequest(null, Object(Config\Cache), false)
13 FCPATH\index.php(67): CodeIgniter\CodeIgniter->run()
CRITICAL - 2022-12-15 03:20:48 --> Invalid argument supplied for foreach()
in APPPATH\Views\cetaknota.php on line 20.
 1 APPPATH\Views\cetaknota.php(20): CodeIgniter\Debug\Exceptions->errorHandler(2, 'Invalid argument supplied for foreach()', 'APPPATH\\Views\\cetaknota.php', 20, [...])
 2 SYSTEMPATH\View\View.php(213): include('APPPATH\\Views\\cetaknota.php')
 3 SYSTEMPATH\View\View.php(216): CodeIgniter\View\View->CodeIgniter\View\{closure}()
 4 SYSTEMPATH\Common.php(1134): CodeIgniter\View\View->render('cetaknota', [], true)
 5 APPPATH\Views\nota.php(49): view('cetaknota')
 6 SYSTEMPATH\View\View.php(213): include('APPPATH\\Views\\nota.php')
 7 SYSTEMPATH\View\View.php(216): CodeIgniter\View\View->CodeIgniter\View\{closure}()
 8 SYSTEMPATH\Common.php(1134): CodeIgniter\View\View->render('nota', [], true)
 9 APPPATH\Controllers\Kasir.php(76): view('nota', [...])
10 SYSTEMPATH\CodeIgniter.php(927): App\Controllers\Kasir->Nota([...])
11 SYSTEMPATH\CodeIgniter.php(482): CodeIgniter\CodeIgniter->runController(Object(App\Controllers\Kasir))
12 SYSTEMPATH\CodeIgniter.php(351): CodeIgniter\CodeIgniter->handleRequest(null, Object(Config\Cache), false)
13 FCPATH\index.php(67): CodeIgniter\CodeIgniter->run()
CRITICAL - 2022-12-15 03:21:01 --> Invalid argument supplied for foreach()
in APPPATH\Views\cetaknota.php on line 20.
 1 APPPATH\Views\cetaknota.php(20): CodeIgniter\Debug\Exceptions->errorHandler(2, 'Invalid argument supplied for foreach()', 'APPPATH\\Views\\cetaknota.php', 20, [...])
 2 SYSTEMPATH\View\View.php(213): include('APPPATH\\Views\\cetaknota.php')
 3 SYSTEMPATH\View\View.php(216): CodeIgniter\View\View->CodeIgniter\View\{closure}()
 4 SYSTEMPATH\Common.php(1134): CodeIgniter\View\View->render('cetaknota', [], true)
 5 APPPATH\Views\nota.php(49): view('cetaknota')
 6 SYSTEMPATH\View\View.php(213): include('APPPATH\\Views\\nota.php')
 7 SYSTEMPATH\View\View.php(216): CodeIgniter\View\View->CodeIgniter\View\{closure}()
 8 SYSTEMPATH\Common.php(1134): CodeIgniter\View\View->render('nota', [], true)
 9 APPPATH\Controllers\Kasir.php(76): view('nota', [...])
10 SYSTEMPATH\CodeIgniter.php(927): App\Controllers\Kasir->Nota([...])
11 SYSTEMPATH\CodeIgniter.php(482): CodeIgniter\CodeIgniter->runController(Object(App\Controllers\Kasir))
12 SYSTEMPATH\CodeIgniter.php(351): CodeIgniter\CodeIgniter->handleRequest(null, Object(Config\Cache), false)
13 FCPATH\index.php(67): CodeIgniter\CodeIgniter->run()
CRITICAL - 2022-12-15 03:28:50 --> Undefined variable: nota
in APPPATH\Views\cetaknota.php on line 21.
 1 APPPATH\Views\cetaknota.php(21): CodeIgniter\Debug\Exceptions->errorHandler(8, 'Undefined variable: nota', 'APPPATH\\Views\\cetaknota.php', 21, [...])
 2 SYSTEMPATH\View\View.php(213): include('APPPATH\\Views\\cetaknota.php')
 3 SYSTEMPATH\View\View.php(216): CodeIgniter\View\View->CodeIgniter\View\{closure}()
 4 SYSTEMPATH\Common.php(1134): CodeIgniter\View\View->render('cetaknota', [], true)
 5 APPPATH\Views\nota.php(49): view('cetaknota')
 6 SYSTEMPATH\View\View.php(213): include('APPPATH\\Views\\nota.php')
 7 SYSTEMPATH\View\View.php(216): CodeIgniter\View\View->CodeIgniter\View\{closure}()
 8 SYSTEMPATH\Common.php(1134): CodeIgniter\View\View->render('nota', [], true)
 9 APPPATH\Controllers\Kasir.php(76): view('nota', [...])
10 SYSTEMPATH\CodeIgniter.php(927): App\Controllers\Kasir->Nota([...])
11 SYSTEMPATH\CodeIgniter.php(482): CodeIgniter\CodeIgniter->runController(Object(App\Controllers\Kasir))
12 SYSTEMPATH\CodeIgniter.php(351): CodeIgniter\CodeIgniter->handleRequest(null, Object(Config\Cache), false)
13 FCPATH\index.php(67): CodeIgniter\CodeIgniter->run()
CRITICAL - 2022-12-15 03:33:53 --> Undefined variable: value
in APPPATH\Views\cetaknota.php on line 28.
 1 APPPATH\Views\cetaknota.php(28): CodeIgniter\Debug\Exceptions->errorHandler(8, 'Undefined variable: value', 'APPPATH\\Views\\cetaknota.php', 28, [...])
 2 SYSTEMPATH\View\View.php(213): include('APPPATH\\Views\\cetaknota.php')
 3 SYSTEMPATH\View\View.php(216): CodeIgniter\View\View->CodeIgniter\View\{closure}()
 4 SYSTEMPATH\Common.php(1134): CodeIgniter\View\View->render('cetaknota', [], true)
 5 APPPATH\Views\nota.php(49): view('cetaknota')
 6 SYSTEMPATH\View\View.php(213): include('APPPATH\\Views\\nota.php')
 7 SYSTEMPATH\View\View.php(216): CodeIgniter\View\View->CodeIgniter\View\{closure}()
 8 SYSTEMPATH\Common.php(1134): CodeIgniter\View\View->render('nota', [], true)
 9 APPPATH\Controllers\Kasir.php(76): view('nota', [...])
10 SYSTEMPATH\CodeIgniter.php(927): App\Controllers\Kasir->Nota([...])
11 SYSTEMPATH\CodeIgniter.php(482): CodeIgniter\CodeIgniter->runController(Object(App\Controllers\Kasir))
12 SYSTEMPATH\CodeIgniter.php(351): CodeIgniter\CodeIgniter->handleRequest(null, Object(Config\Cache), false)
13 FCPATH\index.php(67): CodeIgniter\CodeIgniter->run()
CRITICAL - 2022-12-15 03:48:39 --> Undefined variable: key
in APPPATH\Views\nota.php on line 96.
 1 APPPATH\Views\nota.php(96): CodeIgniter\Debug\Exceptions->errorHandler(8, 'Undefined variable: key', 'APPPATH\\Views\\nota.php', 96, [...])
 2 SYSTEMPATH\View\View.php(213): include('APPPATH\\Views\\nota.php')
 3 SYSTEMPATH\View\View.php(216): CodeIgniter\View\View->CodeIgniter\View\{closure}()
 4 SYSTEMPATH\Common.php(1134): CodeIgniter\View\View->render('nota', [], true)
 5 APPPATH\Controllers\Kasir.php(76): view('nota', [...])
 6 SYSTEMPATH\CodeIgniter.php(927): App\Controllers\Kasir->Nota([...])
 7 SYSTEMPATH\CodeIgniter.php(482): CodeIgniter\CodeIgniter->runController(Object(App\Controllers\Kasir))
 8 SYSTEMPATH\CodeIgniter.php(351): CodeIgniter\CodeIgniter->handleRequest(null, Object(Config\Cache), false)
 9 FCPATH\index.php(67): CodeIgniter\CodeIgniter->run()
CRITICAL - 2022-12-15 03:48:53 --> Undefined variable: key
in APPPATH\Views\nota.php on line 96.
 1 APPPATH\Views\nota.php(96): CodeIgniter\Debug\Exceptions->errorHandler(8, 'Undefined variable: key', 'APPPATH\\Views\\nota.php', 96, [...])
 2 SYSTEMPATH\View\View.php(213): include('APPPATH\\Views\\nota.php')
 3 SYSTEMPATH\View\View.php(216): CodeIgniter\View\View->CodeIgniter\View\{closure}()
 4 SYSTEMPATH\Common.php(1134): CodeIgniter\View\View->render('nota', [], true)
 5 APPPATH\Controllers\Kasir.php(76): view('nota', [...])
 6 SYSTEMPATH\CodeIgniter.php(927): App\Controllers\Kasir->Nota([...])
 7 SYSTEMPATH\CodeIgniter.php(482): CodeIgniter\CodeIgniter->runController(Object(App\Controllers\Kasir))
 8 SYSTEMPATH\CodeIgniter.php(351): CodeIgniter\CodeIgniter->handleRequest(null, Object(Config\Cache), false)
 9 FCPATH\index.php(67): CodeIgniter\CodeIgniter->run()
CRITICAL - 2022-12-15 04:08:58 --> Division by zero
in APPPATH\Views\penjualan.php on line 54.
 1 APPPATH\Views\penjualan.php(54): CodeIgniter\Debug\Exceptions->errorHandler(2, 'Division by zero', 'APPPATH\\Views\\penjualan.php', 54, [...])
 2 SYSTEMPATH\View\View.php(213): include('APPPATH\\Views\\penjualan.php')
 3 SYSTEMPATH\View\View.php(216): CodeIgniter\View\View->CodeIgniter\View\{closure}()
 4 SYSTEMPATH\Common.php(1134): CodeIgniter\View\View->render('Penjualan', [], true)
 5 APPPATH\Views\template.php(211): view('Penjualan')
 6 SYSTEMPATH\View\View.php(213): include('APPPATH\\Views\\template.php')
 7 SYSTEMPATH\View\View.php(216): CodeIgniter\View\View->CodeIgniter\View\{closure}()
 8 SYSTEMPATH\Common.php(1134): CodeIgniter\View\View->render('template', [], true)
 9 APPPATH\Controllers\Penjualan.php(25): view('template', [...])
10 SYSTEMPATH\CodeIgniter.php(927): App\Controllers\Penjualan->index()
11 SYSTEMPATH\CodeIgniter.php(482): CodeIgniter\CodeIgniter->runController(Object(App\Controllers\Penjualan))
12 SYSTEMPATH\CodeIgniter.php(351): CodeIgniter\CodeIgniter->handleRequest(null, Object(Config\Cache), false)
13 FCPATH\index.php(67): CodeIgniter\CodeIgniter->run()
CRITICAL - 2022-12-15 04:09:03 --> Division by zero
in APPPATH\Views\penjualan.php on line 54.
 1 APPPATH\Views\penjualan.php(54): CodeIgniter\Debug\Exceptions->errorHandler(2, 'Division by zero', 'APPPATH\\Views\\penjualan.php', 54, [...])
 2 SYSTEMPATH\View\View.php(213): include('APPPATH\\Views\\penjualan.php')
 3 SYSTEMPATH\View\View.php(216): CodeIgniter\View\View->CodeIgniter\View\{closure}()
 4 SYSTEMPATH\Common.php(1134): CodeIgniter\View\View->render('Penjualan', [], true)
 5 APPPATH\Views\template.php(211): view('Penjualan')
 6 SYSTEMPATH\View\View.php(213): include('APPPATH\\Views\\template.php')
 7 SYSTEMPATH\View\View.php(216): CodeIgniter\View\View->CodeIgniter\View\{closure}()
 8 SYSTEMPATH\Common.php(1134): CodeIgniter\View\View->render('template', [], true)
 9 APPPATH\Controllers\Penjualan.php(25): view('template', [...])
10 SYSTEMPATH\CodeIgniter.php(927): App\Controllers\Penjualan->index()
11 SYSTEMPATH\CodeIgniter.php(482): CodeIgniter\CodeIgniter->runController(Object(App\Controllers\Penjualan))
12 SYSTEMPATH\CodeIgniter.php(351): CodeIgniter\CodeIgniter->handleRequest(null, Object(Config\Cache), false)
13 FCPATH\index.php(67): CodeIgniter\CodeIgniter->run()
ERROR - 2022-12-15 12:29:42 --> Error connecting to the database: mysqli_sql_exception: Access denied for user 'root'@'localhost' (using password: NO) in /home/u1572716/public_html/system/Database/MySQLi/Connection.php:171
Stack trace:
#0 /home/u1572716/public_html/system/Database/MySQLi/Connection.php(171): mysqli->real_connect()
#1 /home/u1572716/public_html/system/Database/BaseConnection.php(382): CodeIgniter\Database\MySQLi\Connection->connect()
#2 /home/u1572716/public_html/system/Database/BaseConnection.php(561): CodeIgniter\Database\BaseConnection->initialize()
#3 /home/u1572716/public_html/system/Database/BaseBuilder.php(1585): CodeIgniter\Database\BaseConnection->query()
#4 /home/u1572716/public_html/app/Models/ModelUser.php(40): CodeIgniter\Database\BaseBuilder->get()
#5 /home/u1572716/public_html/app/Controllers/Home.php(43): App\Models\ModelUser->LoginUser()
#6 /home/u1572716/public_html/system/CodeIgniter.php(927): App\Controllers\Home->CekLogin()
#7 /home/u1572716/public_html/system/CodeIgniter.php(482): CodeIgniter\CodeIgniter->runController()
#8 /home/u1572716/public_html/system/CodeIgniter.php(351): CodeIgniter\CodeIgniter->handleRequest()
#9 /home/u1572716/public_html/harmonis/index.php(67): CodeIgniter\CodeIgniter->run()
#10 {main}

Next CodeIgniter\Database\Exceptions\DatabaseException: Access denied for user '****'@'localhost' (using password: NO) in /home/u1572716/public_html/system/Database/MySQLi/Connection.php:215
Stack trace:
#0 /home/u1572716/public_html/system/Database/BaseConnection.php(382): CodeIgniter\Database\MySQLi\Connection->connect()
#1 /home/u1572716/public_html/system/Database/BaseConnection.php(561): CodeIgniter\Database\BaseConnection->initialize()
#2 /home/u1572716/public_html/system/Database/BaseBuilder.php(1585): CodeIgniter\Database\BaseConnection->query()
#3 /home/u1572716/public_html/app/Models/ModelUser.php(40): CodeIgniter\Database\BaseBuilder->get()
#4 /home/u1572716/public_html/app/Controllers/Home.php(43): App\Models\ModelUser->LoginUser()
#5 /home/u1572716/public_html/system/CodeIgniter.php(927): App\Controllers\Home->CekLogin()
#6 /home/u1572716/public_html/system/CodeIgniter.php(482): CodeIgniter\CodeIgniter->runController()
#7 /home/u1572716/public_html/system/CodeIgniter.php(351): CodeIgniter\CodeIgniter->handleRequest()
#8 /home/u1572716/public_html/harmonis/index.php(67): CodeIgniter\CodeIgniter->run()
#9 {main}
CRITICAL - 2022-12-15 12:29:42 --> Unable to connect to the database.
Main connection [MySQLi]: Access denied for user '****'@'localhost' (using password: NO)
in SYSTEMPATH/Database/BaseConnection.php on line 418.
 1 SYSTEMPATH/Database/BaseConnection.php(561): CodeIgniter\Database\BaseConnection->initialize()
 2 SYSTEMPATH/Database/BaseBuilder.php(1585): CodeIgniter\Database\BaseConnection->query()
 3 APPPATH/Models/ModelUser.php(40): CodeIgniter\Database\BaseBuilder->get()
 4 APPPATH/Controllers/Home.php(43): App\Models\ModelUser->LoginUser()
 5 SYSTEMPATH/CodeIgniter.php(927): App\Controllers\Home->CekLogin()
 6 SYSTEMPATH/CodeIgniter.php(482): CodeIgniter\CodeIgniter->runController()
 7 SYSTEMPATH/CodeIgniter.php(351): CodeIgniter\CodeIgniter->handleRequest()
 8 FCPATH/index.php(67): CodeIgniter\CodeIgniter->run()
CRITICAL - 2022-12-15 12:36:14 --> Invalid file: Penjualan.php
in SYSTEMPATH/Exceptions/FrameworkException.php on line 33.
 1 SYSTEMPATH/View/View.php(201): CodeIgniter\Exceptions\FrameworkException::forInvalidFile()
 2 SYSTEMPATH/Common.php(1134): CodeIgniter\View\View->render()
 3 APPPATH/Views/template.php(211): view()
 4 SYSTEMPATH/View/View.php(213): include('APPPATH/Views/template.php')
 5 SYSTEMPATH/View/View.php(216): CodeIgniter\View\View->CodeIgniter\View\{closure}()
 6 SYSTEMPATH/Common.php(1134): CodeIgniter\View\View->render()
 7 APPPATH/Controllers/Penjualan.php(25): view()
 8 SYSTEMPATH/CodeIgniter.php(927): App\Controllers\Penjualan->index()
 9 SYSTEMPATH/CodeIgniter.php(482): CodeIgniter\CodeIgniter->runController()
10 SYSTEMPATH/CodeIgniter.php(351): CodeIgniter\CodeIgniter->handleRequest()
11 FCPATH/index.php(67): CodeIgniter\CodeIgniter->run()
CRITICAL - 2022-12-15 12:36:37 --> Invalid file: Pembelian.php
in SYSTEMPATH/Exceptions/FrameworkException.php on line 33.
 1 SYSTEMPATH/View/View.php(201): CodeIgniter\Exceptions\FrameworkException::forInvalidFile()
 2 SYSTEMPATH/Common.php(1134): CodeIgniter\View\View->render()
 3 APPPATH/Views/template.php(211): view()
 4 SYSTEMPATH/View/View.php(213): include('APPPATH/Views/template.php')
 5 SYSTEMPATH/View/View.php(216): CodeIgniter\View\View->CodeIgniter\View\{closure}()
 6 SYSTEMPATH/Common.php(1134): CodeIgniter\View\View->render()
 7 APPPATH/Controllers/Pembelian.php(25): view()
 8 SYSTEMPATH/CodeIgniter.php(927): App\Controllers\Pembelian->index()
 9 SYSTEMPATH/CodeIgniter.php(482): CodeIgniter\CodeIgniter->runController()
10 SYSTEMPATH/CodeIgniter.php(351): CodeIgniter\CodeIgniter->handleRequest()
11 FCPATH/index.php(67): CodeIgniter\CodeIgniter->run()
CRITICAL - 2022-12-15 12:36:46 --> Invalid file: Pembelian.php
in SYSTEMPATH/Exceptions/FrameworkException.php on line 33.
 1 SYSTEMPATH/View/View.php(201): CodeIgniter\Exceptions\FrameworkException::forInvalidFile()
 2 SYSTEMPATH/Common.php(1134): CodeIgniter\View\View->render()
 3 APPPATH/Views/template.php(211): view()
 4 SYSTEMPATH/View/View.php(213): include('APPPATH/Views/template.php')
 5 SYSTEMPATH/View/View.php(216): CodeIgniter\View\View->CodeIgniter\View\{closure}()
 6 SYSTEMPATH/Common.php(1134): CodeIgniter\View\View->render()
 7 APPPATH/Controllers/Pembelian.php(25): view()
 8 SYSTEMPATH/CodeIgniter.php(927): App\Controllers\Pembelian->index()
 9 SYSTEMPATH/CodeIgniter.php(482): CodeIgniter\CodeIgniter->runController()
10 SYSTEMPATH/CodeIgniter.php(351): CodeIgniter\CodeIgniter->handleRequest()
11 FCPATH/index.php(67): CodeIgniter\CodeIgniter->run()
CRITICAL - 2022-12-15 12:41:21 --> Invalid file: Penjualan.php
in SYSTEMPATH/Exceptions/FrameworkException.php on line 33.
 1 SYSTEMPATH/View/View.php(201): CodeIgniter\Exceptions\FrameworkException::forInvalidFile()
 2 SYSTEMPATH/Common.php(1134): CodeIgniter\View\View->render()
 3 APPPATH/Views/template.php(211): view()
 4 SYSTEMPATH/View/View.php(213): include('APPPATH/Views/template.php')
 5 SYSTEMPATH/View/View.php(216): CodeIgniter\View\View->CodeIgniter\View\{closure}()
 6 SYSTEMPATH/Common.php(1134): CodeIgniter\View\View->render()
 7 APPPATH/Controllers/Penjualan.php(25): view()
 8 SYSTEMPATH/CodeIgniter.php(927): App\Controllers\Penjualan->index()
 9 SYSTEMPATH/CodeIgniter.php(482): CodeIgniter\CodeIgniter->runController()
10 SYSTEMPATH/CodeIgniter.php(351): CodeIgniter\CodeIgniter->handleRequest()
11 FCPATH/index.php(67): CodeIgniter\CodeIgniter->run()
CRITICAL - 2022-12-15 12:43:21 --> Invalid file: Penjualan.php
in SYSTEMPATH/Exceptions/FrameworkException.php on line 33.
 1 SYSTEMPATH/View/View.php(201): CodeIgniter\Exceptions\FrameworkException::forInvalidFile()
 2 SYSTEMPATH/Common.php(1134): CodeIgniter\View\View->render()
 3 APPPATH/Views/template.php(211): view()
 4 SYSTEMPATH/View/View.php(213): include('APPPATH/Views/template.php')
 5 SYSTEMPATH/View/View.php(216): CodeIgniter\View\View->CodeIgniter\View\{closure}()
 6 SYSTEMPATH/Common.php(1134): CodeIgniter\View\View->render()
 7 APPPATH/Controllers/Penjualan.php(25): view()
 8 SYSTEMPATH/CodeIgniter.php(927): App\Controllers\Penjualan->index()
 9 SYSTEMPATH/CodeIgniter.php(482): CodeIgniter\CodeIgniter->runController()
10 SYSTEMPATH/CodeIgniter.php(351): CodeIgniter\CodeIgniter->handleRequest()
11 FCPATH/index.php(67): CodeIgniter\CodeIgniter->run()
CRITICAL - 2022-12-15 12:46:37 --> Invalid file: Penjualan.php
in SYSTEMPATH/Exceptions/FrameworkException.php on line 33.
 1 SYSTEMPATH/View/View.php(201): CodeIgniter\Exceptions\FrameworkException::forInvalidFile()
 2 SYSTEMPATH/Common.php(1134): CodeIgniter\View\View->render()
 3 APPPATH/Views/template.php(211): view()
 4 SYSTEMPATH/View/View.php(213): include('APPPATH/Views/template.php')
 5 SYSTEMPATH/View/View.php(216): CodeIgniter\View\View->CodeIgniter\View\{closure}()
 6 SYSTEMPATH/Common.php(1134): CodeIgniter\View\View->render()
 7 APPPATH/Controllers/Penjualan.php(25): view()
 8 SYSTEMPATH/CodeIgniter.php(927): App\Controllers\Penjualan->index()
 9 SYSTEMPATH/CodeIgniter.php(482): CodeIgniter\CodeIgniter->runController()
10 SYSTEMPATH/CodeIgniter.php(351): CodeIgniter\CodeIgniter->handleRequest()
11 FCPATH/index.php(67): CodeIgniter\CodeIgniter->run()
CRITICAL - 2022-12-15 12:47:04 --> Invalid file: Penjualan.php
in SYSTEMPATH/Exceptions/FrameworkException.php on line 33.
 1 SYSTEMPATH/View/View.php(201): CodeIgniter\Exceptions\FrameworkException::forInvalidFile()
 2 SYSTEMPATH/Common.php(1134): CodeIgniter\View\View->render()
 3 APPPATH/Views/template.php(211): view()
 4 SYSTEMPATH/View/View.php(213): include('APPPATH/Views/template.php')
 5 SYSTEMPATH/View/View.php(216): CodeIgniter\View\View->CodeIgniter\View\{closure}()
 6 SYSTEMPATH/Common.php(1134): CodeIgniter\View\View->render()
 7 APPPATH/Controllers/Penjualan.php(25): view()
 8 SYSTEMPATH/CodeIgniter.php(927): App\Controllers\Penjualan->index()
 9 SYSTEMPATH/CodeIgniter.php(482): CodeIgniter\CodeIgniter->runController()
10 SYSTEMPATH/CodeIgniter.php(351): CodeIgniter\CodeIgniter->handleRequest()
11 FCPATH/index.php(67): CodeIgniter\CodeIgniter->run()
CRITICAL - 2022-12-15 12:47:06 --> Invalid file: Setting.php
in SYSTEMPATH/Exceptions/FrameworkException.php on line 33.
 1 SYSTEMPATH/View/View.php(201): CodeIgniter\Exceptions\FrameworkException::forInvalidFile()
 2 SYSTEMPATH/Common.php(1134): CodeIgniter\View\View->render()
 3 APPPATH/Views/template.php(211): view()
 4 SYSTEMPATH/View/View.php(213): include('APPPATH/Views/template.php')
 5 SYSTEMPATH/View/View.php(216): CodeIgniter\View\View->CodeIgniter\View\{closure}()
 6 SYSTEMPATH/Common.php(1134): CodeIgniter\View\View->render()
 7 APPPATH/Controllers/Admin.php(39): view()
 8 SYSTEMPATH/CodeIgniter.php(927): App\Controllers\Admin->Setting()
 9 SYSTEMPATH/CodeIgniter.php(482): CodeIgniter\CodeIgniter->runController()
10 SYSTEMPATH/CodeIgniter.php(351): CodeIgniter\CodeIgniter->handleRequest()
11 FCPATH/index.php(67): CodeIgniter\CodeIgniter->run()
CRITICAL - 2022-12-15 12:49:18 --> Invalid file: Setting.php
in SYSTEMPATH/Exceptions/FrameworkException.php on line 33.
 1 SYSTEMPATH/View/View.php(201): CodeIgniter\Exceptions\FrameworkException::forInvalidFile()
 2 SYSTEMPATH/Common.php(1134): CodeIgniter\View\View->render()
 3 APPPATH/Views/template.php(211): view()
 4 SYSTEMPATH/View/View.php(213): include('APPPATH/Views/template.php')
 5 SYSTEMPATH/View/View.php(216): CodeIgniter\View\View->CodeIgniter\View\{closure}()
 6 SYSTEMPATH/Common.php(1134): CodeIgniter\View\View->render()
 7 APPPATH/Controllers/Admin.php(39): view()
 8 SYSTEMPATH/CodeIgniter.php(927): App\Controllers\Admin->Setting()
 9 SYSTEMPATH/CodeIgniter.php(482): CodeIgniter\CodeIgniter->runController()
10 SYSTEMPATH/CodeIgniter.php(351): CodeIgniter\CodeIgniter->handleRequest()
11 FCPATH/index.php(67): CodeIgniter\CodeIgniter->run()
CRITICAL - 2022-12-15 12:49:22 --> Invalid file: Penjualan.php
in SYSTEMPATH/Exceptions/FrameworkException.php on line 33.
 1 SYSTEMPATH/View/View.php(201): CodeIgniter\Exceptions\FrameworkException::forInvalidFile()
 2 SYSTEMPATH/Common.php(1134): CodeIgniter\View\View->render()
 3 APPPATH/Views/template.php(211): view()
 4 SYSTEMPATH/View/View.php(213): include('APPPATH/Views/template.php')
 5 SYSTEMPATH/View/View.php(216): CodeIgniter\View\View->CodeIgniter\View\{closure}()
 6 SYSTEMPATH/Common.php(1134): CodeIgniter\View\View->render()
 7 APPPATH/Controllers/Penjualan.php(25): view()
 8 SYSTEMPATH/CodeIgniter.php(927): App\Controllers\Penjualan->index()
 9 SYSTEMPATH/CodeIgniter.php(482): CodeIgniter\CodeIgniter->runController()
10 SYSTEMPATH/CodeIgniter.php(351): CodeIgniter\CodeIgniter->handleRequest()
11 FCPATH/index.php(67): CodeIgniter\CodeIgniter->run()
CRITICAL - 2022-12-15 12:49:27 --> Invalid file: Penjualan.php
in SYSTEMPATH/Exceptions/FrameworkException.php on line 33.
 1 SYSTEMPATH/View/View.php(201): CodeIgniter\Exceptions\FrameworkException::forInvalidFile()
 2 SYSTEMPATH/Common.php(1134): CodeIgniter\View\View->render()
 3 APPPATH/Views/template.php(211): view()
 4 SYSTEMPATH/View/View.php(213): include('APPPATH/Views/template.php')
 5 SYSTEMPATH/View/View.php(216): CodeIgniter\View\View->CodeIgniter\View\{closure}()
 6 SYSTEMPATH/Common.php(1134): CodeIgniter\View\View->render()
 7 APPPATH/Controllers/Penjualan.php(25): view()
 8 SYSTEMPATH/CodeIgniter.php(927): App\Controllers\Penjualan->index()
 9 SYSTEMPATH/CodeIgniter.php(482): CodeIgniter\CodeIgniter->runController()
10 SYSTEMPATH/CodeIgniter.php(351): CodeIgniter\CodeIgniter->handleRequest()
11 FCPATH/index.php(67): CodeIgniter\CodeIgniter->run()
CRITICAL - 2022-12-15 12:49:35 --> Invalid file: Penjualan.php
in SYSTEMPATH/Exceptions/FrameworkException.php on line 33.
 1 SYSTEMPATH/View/View.php(201): CodeIgniter\Exceptions\FrameworkException::forInvalidFile()
 2 SYSTEMPATH/Common.php(1134): CodeIgniter\View\View->render()
 3 APPPATH/Views/template.php(211): view()
 4 SYSTEMPATH/View/View.php(213): include('APPPATH/Views/template.php')
 5 SYSTEMPATH/View/View.php(216): CodeIgniter\View\View->CodeIgniter\View\{closure}()
 6 SYSTEMPATH/Common.php(1134): CodeIgniter\View\View->render()
 7 APPPATH/Controllers/Penjualan.php(25): view()
 8 SYSTEMPATH/CodeIgniter.php(927): App\Controllers\Penjualan->index()
 9 SYSTEMPATH/CodeIgniter.php(482): CodeIgniter\CodeIgniter->runController()
10 SYSTEMPATH/CodeIgniter.php(351): CodeIgniter\CodeIgniter->handleRequest()
11 FCPATH/index.php(67): CodeIgniter\CodeIgniter->run()
CRITICAL - 2022-12-15 12:49:38 --> Invalid file: Penjualan.php
in SYSTEMPATH/Exceptions/FrameworkException.php on line 33.
 1 SYSTEMPATH/View/View.php(201): CodeIgniter\Exceptions\FrameworkException::forInvalidFile()
 2 SYSTEMPATH/Common.php(1134): CodeIgniter\View\View->render()
 3 APPPATH/Views/template.php(211): view()
 4 SYSTEMPATH/View/View.php(213): include('APPPATH/Views/template.php')
 5 SYSTEMPATH/View/View.php(216): CodeIgniter\View\View->CodeIgniter\View\{closure}()
 6 SYSTEMPATH/Common.php(1134): CodeIgniter\View\View->render()
 7 APPPATH/Controllers/Penjualan.php(25): view()
 8 SYSTEMPATH/CodeIgniter.php(927): App\Controllers\Penjualan->index()
 9 SYSTEMPATH/CodeIgniter.php(482): CodeIgniter\CodeIgniter->runController()
10 SYSTEMPATH/CodeIgniter.php(351): CodeIgniter\CodeIgniter->handleRequest()
11 FCPATH/index.php(67): CodeIgniter\CodeIgniter->run()
CRITICAL - 2022-12-15 12:54:16 --> Invalid file: Pembelian.php
in SYSTEMPATH/Exceptions/FrameworkException.php on line 33.
 1 SYSTEMPATH/View/View.php(201): CodeIgniter\Exceptions\FrameworkException::forInvalidFile()
 2 SYSTEMPATH/Common.php(1134): CodeIgniter\View\View->render()
 3 APPPATH/Views/template.php(211): view()
 4 SYSTEMPATH/View/View.php(213): include('APPPATH/Views/template.php')
 5 SYSTEMPATH/View/View.php(216): CodeIgniter\View\View->CodeIgniter\View\{closure}()
 6 SYSTEMPATH/Common.php(1134): CodeIgniter\View\View->render()
 7 APPPATH/Controllers/Pembelian.php(25): view()
 8 SYSTEMPATH/CodeIgniter.php(927): App\Controllers\Pembelian->index()
 9 SYSTEMPATH/CodeIgniter.php(482): CodeIgniter\CodeIgniter->runController()
10 SYSTEMPATH/CodeIgniter.php(351): CodeIgniter\CodeIgniter->handleRequest()
11 FCPATH/index.php(67): CodeIgniter\CodeIgniter->run()
CRITICAL - 2022-12-15 12:56:28 --> Invalid file: Setting.php
in SYSTEMPATH/Exceptions/FrameworkException.php on line 33.
 1 SYSTEMPATH/View/View.php(201): CodeIgniter\Exceptions\FrameworkException::forInvalidFile()
 2 SYSTEMPATH/Common.php(1134): CodeIgniter\View\View->render()
 3 APPPATH/Views/template.php(211): view()
 4 SYSTEMPATH/View/View.php(213): include('APPPATH/Views/template.php')
 5 SYSTEMPATH/View/View.php(216): CodeIgniter\View\View->CodeIgniter\View\{closure}()
 6 SYSTEMPATH/Common.php(1134): CodeIgniter\View\View->render()
 7 APPPATH/Controllers/Admin.php(39): view()
 8 SYSTEMPATH/CodeIgniter.php(927): App\Controllers\Admin->Setting()
 9 SYSTEMPATH/CodeIgniter.php(482): CodeIgniter\CodeIgniter->runController()
10 SYSTEMPATH/CodeIgniter.php(351): CodeIgniter\CodeIgniter->handleRequest()
11 FCPATH/index.php(67): CodeIgniter\CodeIgniter->run()
CRITICAL - 2022-12-15 12:57:03 --> Invalid file: Laporan.php
in SYSTEMPATH/Exceptions/FrameworkException.php on line 33.
 1 SYSTEMPATH/View/View.php(201): CodeIgniter\Exceptions\FrameworkException::forInvalidFile()
 2 SYSTEMPATH/Common.php(1134): CodeIgniter\View\View->render()
 3 APPPATH/Views/template.php(211): view()
 4 SYSTEMPATH/View/View.php(213): include('APPPATH/Views/template.php')
 5 SYSTEMPATH/View/View.php(216): CodeIgniter\View\View->CodeIgniter\View\{closure}()
 6 SYSTEMPATH/Common.php(1134): CodeIgniter\View\View->render()
 7 APPPATH/Controllers/Laporan.php(19): view()
 8 SYSTEMPATH/CodeIgniter.php(927): App\Controllers\Laporan->index()
 9 SYSTEMPATH/CodeIgniter.php(482): CodeIgniter\CodeIgniter->runController()
10 SYSTEMPATH/CodeIgniter.php(351): CodeIgniter\CodeIgniter->handleRequest()
11 FCPATH/index.php(67): CodeIgniter\CodeIgniter->run()
CRITICAL - 2022-12-15 12:57:31 --> Invalid file: User.php
in SYSTEMPATH/Exceptions/FrameworkException.php on line 33.
 1 SYSTEMPATH/View/View.php(201): CodeIgniter\Exceptions\FrameworkException::forInvalidFile()
 2 SYSTEMPATH/Common.php(1134): CodeIgniter\View\View->render()
 3 APPPATH/Views/template.php(211): view()
 4 SYSTEMPATH/View/View.php(213): include('APPPATH/Views/template.php')
 5 SYSTEMPATH/View/View.php(216): CodeIgniter\View\View->CodeIgniter\View\{closure}()
 6 SYSTEMPATH/Common.php(1134): CodeIgniter\View\View->render()
 7 APPPATH/Controllers/User.php(24): view()
 8 SYSTEMPATH/CodeIgniter.php(927): App\Controllers\User->index()
 9 SYSTEMPATH/CodeIgniter.php(482): CodeIgniter\CodeIgniter->runController()
10 SYSTEMPATH/CodeIgniter.php(351): CodeIgniter\CodeIgniter->handleRequest()
11 FCPATH/index.php(67): CodeIgniter\CodeIgniter->run()
CRITICAL - 2022-12-15 13:42:51 --> syntax error, unexpected single-quoted string "no_faktur"
in APPPATH/Controllers/Penjualan.php on line 38.
 1 SYSTEMPATH/Router/Router.php(499): CodeIgniter\Router\AutoRouter->getRoute()
 2 SYSTEMPATH/Router/Router.php(205): CodeIgniter\Router\Router->autoRoute()
 3 SYSTEMPATH/CodeIgniter.php(802): CodeIgniter\Router\Router->handle()
 4 SYSTEMPATH/CodeIgniter.php(430): CodeIgniter\CodeIgniter->tryToRouteIt()
 5 SYSTEMPATH/CodeIgniter.php(351): CodeIgniter\CodeIgniter->handleRequest()
 6 FCPATH/index.php(67): CodeIgniter\CodeIgniter->run()
CRITICAL - 2022-12-15 13:44:53 --> syntax error, unexpected single-quoted string "no_faktur"
in APPPATH/Controllers/Penjualan.php on line 38.
 1 SYSTEMPATH/Router/Router.php(499): CodeIgniter\Router\AutoRouter->getRoute()
 2 SYSTEMPATH/Router/Router.php(205): CodeIgniter\Router\Router->autoRoute()
 3 SYSTEMPATH/CodeIgniter.php(802): CodeIgniter\Router\Router->handle()
 4 SYSTEMPATH/CodeIgniter.php(430): CodeIgniter\CodeIgniter->tryToRouteIt()
 5 SYSTEMPATH/CodeIgniter.php(351): CodeIgniter\CodeIgniter->handleRequest()
 6 FCPATH/index.php(67): CodeIgniter\CodeIgniter->run()
CRITICAL - 2022-12-15 13:44:54 --> syntax error, unexpected token "=>"
in APPPATH/Controllers/Penjualan.php on line 53.
 1 SYSTEMPATH/Router/Router.php(499): CodeIgniter\Router\AutoRouter->getRoute()
 2 SYSTEMPATH/Router/Router.php(205): CodeIgniter\Router\Router->autoRoute()
 3 SYSTEMPATH/CodeIgniter.php(802): CodeIgniter\Router\Router->handle()
 4 SYSTEMPATH/CodeIgniter.php(430): CodeIgniter\CodeIgniter->tryToRouteIt()
 5 SYSTEMPATH/CodeIgniter.php(351): CodeIgniter\CodeIgniter->handleRequest()
 6 FCPATH/index.php(67): CodeIgniter\CodeIgniter->run()
CRITICAL - 2022-12-15 13:44:55 --> syntax error, unexpected token "=>"
in APPPATH/Controllers/Penjualan.php on line 53.
 1 SYSTEMPATH/Router/Router.php(499): CodeIgniter\Router\AutoRouter->getRoute()
 2 SYSTEMPATH/Router/Router.php(205): CodeIgniter\Router\Router->autoRoute()
 3 SYSTEMPATH/CodeIgniter.php(802): CodeIgniter\Router\Router->handle()
 4 SYSTEMPATH/CodeIgniter.php(430): CodeIgniter\CodeIgniter->tryToRouteIt()
 5 SYSTEMPATH/CodeIgniter.php(351): CodeIgniter\CodeIgniter->handleRequest()
 6 FCPATH/index.php(67): CodeIgniter\CodeIgniter->run()
CRITICAL - 2022-12-15 13:44:57 --> syntax error, unexpected token "=>"
in APPPATH/Controllers/Penjualan.php on line 53.
 1 SYSTEMPATH/Router/Router.php(499): CodeIgniter\Router\AutoRouter->getRoute()
 2 SYSTEMPATH/Router/Router.php(205): CodeIgniter\Router\Router->autoRoute()
 3 SYSTEMPATH/CodeIgniter.php(802): CodeIgniter\Router\Router->handle()
 4 SYSTEMPATH/CodeIgniter.php(430): CodeIgniter\CodeIgniter->tryToRouteIt()
 5 SYSTEMPATH/CodeIgniter.php(351): CodeIgniter\CodeIgniter->handleRequest()
 6 FCPATH/index.php(67): CodeIgniter\CodeIgniter->run()
CRITICAL - 2022-12-15 13:45:38 --> syntax error, unexpected token ";", expecting "]"
in APPPATH/Controllers/Penjualan.php on line 52.
 1 SYSTEMPATH/Router/Router.php(499): CodeIgniter\Router\AutoRouter->getRoute()
 2 SYSTEMPATH/Router/Router.php(205): CodeIgniter\Router\Router->autoRoute()
 3 SYSTEMPATH/CodeIgniter.php(802): CodeIgniter\Router\Router->handle()
 4 SYSTEMPATH/CodeIgniter.php(430): CodeIgniter\CodeIgniter->tryToRouteIt()
 5 SYSTEMPATH/CodeIgniter.php(351): CodeIgniter\CodeIgniter->handleRequest()
 6 FCPATH/index.php(67): CodeIgniter\CodeIgniter->run()
CRITICAL - 2022-12-15 13:45:51 --> syntax error, unexpected token ","
in APPPATH/Controllers/Penjualan.php on line 38.
 1 SYSTEMPATH/Router/Router.php(499): CodeIgniter\Router\AutoRouter->getRoute()
 2 SYSTEMPATH/Router/Router.php(205): CodeIgniter\Router\Router->autoRoute()
 3 SYSTEMPATH/CodeIgniter.php(802): CodeIgniter\Router\Router->handle()
 4 SYSTEMPATH/CodeIgniter.php(430): CodeIgniter\CodeIgniter->tryToRouteIt()
 5 SYSTEMPATH/CodeIgniter.php(351): CodeIgniter\CodeIgniter->handleRequest()
 6 FCPATH/index.php(67): CodeIgniter\CodeIgniter->run()
CRITICAL - 2022-12-15 13:45:53 --> syntax error, unexpected token ","
in APPPATH/Controllers/Penjualan.php on line 38.
 1 SYSTEMPATH/Router/Router.php(499): CodeIgniter\Router\AutoRouter->getRoute()
 2 SYSTEMPATH/Router/Router.php(205): CodeIgniter\Router\Router->autoRoute()
 3 SYSTEMPATH/CodeIgniter.php(802): CodeIgniter\Router\Router->handle()
 4 SYSTEMPATH/CodeIgniter.php(430): CodeIgniter\CodeIgniter->tryToRouteIt()
 5 SYSTEMPATH/CodeIgniter.php(351): CodeIgniter\CodeIgniter->handleRequest()
 6 FCPATH/index.php(67): CodeIgniter\CodeIgniter->run()
CRITICAL - 2022-12-15 13:45:54 --> syntax error, unexpected token ","
in APPPATH/Controllers/Penjualan.php on line 38.
 1 SYSTEMPATH/Router/Router.php(499): CodeIgniter\Router\AutoRouter->getRoute()
 2 SYSTEMPATH/Router/Router.php(205): CodeIgniter\Router\Router->autoRoute()
 3 SYSTEMPATH/CodeIgniter.php(802): CodeIgniter\Router\Router->handle()
 4 SYSTEMPATH/CodeIgniter.php(430): CodeIgniter\CodeIgniter->tryToRouteIt()
 5 SYSTEMPATH/CodeIgniter.php(351): CodeIgniter\CodeIgniter->handleRequest()
 6 FCPATH/index.php(67): CodeIgniter\CodeIgniter->run()
CRITICAL - 2022-12-15 13:45:54 --> syntax error, unexpected token ","
in APPPATH/Controllers/Penjualan.php on line 38.
 1 SYSTEMPATH/Router/Router.php(499): CodeIgniter\Router\AutoRouter->getRoute()
 2 SYSTEMPATH/Router/Router.php(205): CodeIgniter\Router\Router->autoRoute()
 3 SYSTEMPATH/CodeIgniter.php(802): CodeIgniter\Router\Router->handle()
 4 SYSTEMPATH/CodeIgniter.php(430): CodeIgniter\CodeIgniter->tryToRouteIt()
 5 SYSTEMPATH/CodeIgniter.php(351): CodeIgniter\CodeIgniter->handleRequest()
 6 FCPATH/index.php(67): CodeIgniter\CodeIgniter->run()
CRITICAL - 2022-12-15 13:45:54 --> syntax error, unexpected token ","
in APPPATH/Controllers/Penjualan.php on line 38.
 1 SYSTEMPATH/Router/Router.php(499): CodeIgniter\Router\AutoRouter->getRoute()
 2 SYSTEMPATH/Router/Router.php(205): CodeIgniter\Router\Router->autoRoute()
 3 SYSTEMPATH/CodeIgniter.php(802): CodeIgniter\Router\Router->handle()
 4 SYSTEMPATH/CodeIgniter.php(430): CodeIgniter\CodeIgniter->tryToRouteIt()
 5 SYSTEMPATH/CodeIgniter.php(351): CodeIgniter\CodeIgniter->handleRequest()
 6 FCPATH/index.php(67): CodeIgniter\CodeIgniter->run()
CRITICAL - 2022-12-15 13:46:13 --> Undefined property: App\Controllers\Penjualan::$ModelJual
in APPPATH/Controllers/Penjualan.php on line 23.
 1 APPPATH/Controllers/Penjualan.php(23): CodeIgniter\Debug\Exceptions->errorHandler()
 2 SYSTEMPATH/CodeIgniter.php(927): App\Controllers\Penjualan->index()
 3 SYSTEMPATH/CodeIgniter.php(482): CodeIgniter\CodeIgniter->runController()
 4 SYSTEMPATH/CodeIgniter.php(351): CodeIgniter\CodeIgniter->handleRequest()
 5 FCPATH/index.php(67): CodeIgniter\CodeIgniter->run()
