CRITICAL - 2023-01-06 14:11:27 --> Undefined variable $totalberat
in APPPATH/Views/kasir/listjualharian.php on line 71.
 1 APPPATH/Views/kasir/listjualharian.php(71): CodeIgniter\Debug\Exceptions->errorHandler()
 2 SYSTEMPATH/View/View.php(213): include('APPPATH/Views/kasir/listjualharian.php')
 3 SYSTEMPATH/View/View.php(216): CodeIgniter\View\View->CodeIgniter\View\{closure}()
 4 SYSTEMPATH/Common.php(1134): CodeIgniter\View\View->render()
 5 APPPATH/Views/kasir/kasirjual.php(66): view()
 6 SYSTEMPATH/View/View.php(213): include('APPPATH/Views/kasir/kasirjual.php')
 7 SYSTEMPATH/View/View.php(216): CodeIgniter\View\View->CodeIgniter\View\{closure}()
 8 SYSTEMPATH/Common.php(1134): CodeIgniter\View\View->render()
 9 APPPATH/Views/templates.php(104): view()
10 SYSTEMPATH/View/View.php(213): include('APPPATH/Views/templates.php')
11 SYSTEMPATH/View/View.php(216): CodeIgniter\View\View->CodeIgniter\View\{closure}()
12 SYSTEMPATH/Common.php(1134): CodeIgniter\View\View->render()
13 APPPATH/Controllers/Kasir.php(43): view()
14 SYSTEMPATH/CodeIgniter.php(927): App\Controllers\Kasir->KasirJual()
15 SYSTEMPATH/CodeIgniter.php(482): CodeIgniter\CodeIgniter->runController()
16 SYSTEMPATH/CodeIgniter.php(351): CodeIgniter\CodeIgniter->handleRequest()
17 FCPATH/index.php(67): CodeIgniter\CodeIgniter->run()
CRITICAL - 2023-01-06 14:29:01 --> Undefined variable $totalberat
in APPPATH/Views/kasir/listjualharian.php on line 71.
 1 APPPATH/Views/kasir/listjualharian.php(71): CodeIgniter\Debug\Exceptions->errorHandler()
 2 SYSTEMPATH/View/View.php(213): include('APPPATH/Views/kasir/listjualharian.php')
 3 SYSTEMPATH/View/View.php(216): CodeIgniter\View\View->CodeIgniter\View\{closure}()
 4 SYSTEMPATH/Common.php(1134): CodeIgniter\View\View->render()
 5 APPPATH/Views/kasir/kasirjual.php(66): view()
 6 SYSTEMPATH/View/View.php(213): include('APPPATH/Views/kasir/kasirjual.php')
 7 SYSTEMPATH/View/View.php(216): CodeIgniter\View\View->CodeIgniter\View\{closure}()
 8 SYSTEMPATH/Common.php(1134): CodeIgniter\View\View->render()
 9 APPPATH/Views/templates.php(104): view()
10 SYSTEMPATH/View/View.php(213): include('APPPATH/Views/templates.php')
11 SYSTEMPATH/View/View.php(216): CodeIgniter\View\View->CodeIgniter\View\{closure}()
12 SYSTEMPATH/Common.php(1134): CodeIgniter\View\View->render()
13 APPPATH/Controllers/Kasir.php(43): view()
14 SYSTEMPATH/CodeIgniter.php(927): App\Controllers\Kasir->KasirJual()
15 SYSTEMPATH/CodeIgniter.php(482): CodeIgniter\CodeIgniter->runController()
16 SYSTEMPATH/CodeIgniter.php(351): CodeIgniter\CodeIgniter->handleRequest()
17 FCPATH/index.php(67): CodeIgniter\CodeIgniter->run()
CRITICAL - 2023-01-06 14:29:26 --> Undefined variable $totalberat
in APPPATH/Views/kasir/listjualharian.php on line 71.
 1 APPPATH/Views/kasir/listjualharian.php(71): CodeIgniter\Debug\Exceptions->errorHandler()
 2 SYSTEMPATH/View/View.php(213): include('APPPATH/Views/kasir/listjualharian.php')
 3 SYSTEMPATH/View/View.php(216): CodeIgniter\View\View->CodeIgniter\View\{closure}()
 4 SYSTEMPATH/Common.php(1134): CodeIgniter\View\View->render()
 5 APPPATH/Views/kasir/kasirjual.php(66): view()
 6 SYSTEMPATH/View/View.php(213): include('APPPATH/Views/kasir/kasirjual.php')
 7 SYSTEMPATH/View/View.php(216): CodeIgniter\View\View->CodeIgniter\View\{closure}()
 8 SYSTEMPATH/Common.php(1134): CodeIgniter\View\View->render()
 9 APPPATH/Views/templates.php(104): view()
10 SYSTEMPATH/View/View.php(213): include('APPPATH/Views/templates.php')
11 SYSTEMPATH/View/View.php(216): CodeIgniter\View\View->CodeIgniter\View\{closure}()
12 SYSTEMPATH/Common.php(1134): CodeIgniter\View\View->render()
13 APPPATH/Controllers/Kasir.php(43): view()
14 SYSTEMPATH/CodeIgniter.php(927): App\Controllers\Kasir->KasirJual()
15 SYSTEMPATH/CodeIgniter.php(482): CodeIgniter\CodeIgniter->runController()
16 SYSTEMPATH/CodeIgniter.php(351): CodeIgniter\CodeIgniter->handleRequest()
17 FCPATH/index.php(67): CodeIgniter\CodeIgniter->run()
CRITICAL - 2023-01-06 14:30:59 --> Undefined variable $totalberat
in APPPATH/Views/kasir/listjualharian.php on line 71.
 1 APPPATH/Views/kasir/listjualharian.php(71): CodeIgniter\Debug\Exceptions->errorHandler()
 2 SYSTEMPATH/View/View.php(213): include('APPPATH/Views/kasir/listjualharian.php')
 3 SYSTEMPATH/View/View.php(216): CodeIgniter\View\View->CodeIgniter\View\{closure}()
 4 SYSTEMPATH/Common.php(1134): CodeIgniter\View\View->render()
 5 APPPATH/Views/kasir/kasirjual.php(66): view()
 6 SYSTEMPATH/View/View.php(213): include('APPPATH/Views/kasir/kasirjual.php')
 7 SYSTEMPATH/View/View.php(216): CodeIgniter\View\View->CodeIgniter\View\{closure}()
 8 SYSTEMPATH/Common.php(1134): CodeIgniter\View\View->render()
 9 APPPATH/Views/templates.php(104): view()
10 SYSTEMPATH/View/View.php(213): include('APPPATH/Views/templates.php')
11 SYSTEMPATH/View/View.php(216): CodeIgniter\View\View->CodeIgniter\View\{closure}()
12 SYSTEMPATH/Common.php(1134): CodeIgniter\View\View->render()
13 APPPATH/Controllers/Kasir.php(43): view()
14 SYSTEMPATH/CodeIgniter.php(927): App\Controllers\Kasir->KasirJual()
15 SYSTEMPATH/CodeIgniter.php(482): CodeIgniter\CodeIgniter->runController()
16 SYSTEMPATH/CodeIgniter.php(351): CodeIgniter\CodeIgniter->handleRequest()
17 FCPATH/index.php(67): CodeIgniter\CodeIgniter->run()
CRITICAL - 2023-01-06 14:40:58 --> Undefined variable $totalberat
in APPPATH/Views/kasir/listjualharian.php on line 71.
 1 APPPATH/Views/kasir/listjualharian.php(71): CodeIgniter\Debug\Exceptions->errorHandler()
 2 SYSTEMPATH/View/View.php(213): include('APPPATH/Views/kasir/listjualharian.php')
 3 SYSTEMPATH/View/View.php(216): CodeIgniter\View\View->CodeIgniter\View\{closure}()
 4 SYSTEMPATH/Common.php(1134): CodeIgniter\View\View->render()
 5 APPPATH/Views/kasir/kasirjual.php(66): view()
 6 SYSTEMPATH/View/View.php(213): include('APPPATH/Views/kasir/kasirjual.php')
 7 SYSTEMPATH/View/View.php(216): CodeIgniter\View\View->CodeIgniter\View\{closure}()
 8 SYSTEMPATH/Common.php(1134): CodeIgniter\View\View->render()
 9 APPPATH/Views/templates.php(104): view()
10 SYSTEMPATH/View/View.php(213): include('APPPATH/Views/templates.php')
11 SYSTEMPATH/View/View.php(216): CodeIgniter\View\View->CodeIgniter\View\{closure}()
12 SYSTEMPATH/Common.php(1134): CodeIgniter\View\View->render()
13 APPPATH/Controllers/Kasir.php(43): view()
14 SYSTEMPATH/CodeIgniter.php(927): App\Controllers\Kasir->KasirJual()
15 SYSTEMPATH/CodeIgniter.php(482): CodeIgniter\CodeIgniter->runController()
16 SYSTEMPATH/CodeIgniter.php(351): CodeIgniter\CodeIgniter->handleRequest()
17 FCPATH/index.php(67): CodeIgniter\CodeIgniter->run()
CRITICAL - 2023-01-06 14:41:13 --> Undefined variable $totalberat
in APPPATH/Views/kasir/listjualharian.php on line 71.
 1 APPPATH/Views/kasir/listjualharian.php(71): CodeIgniter\Debug\Exceptions->errorHandler()
 2 SYSTEMPATH/View/View.php(213): include('APPPATH/Views/kasir/listjualharian.php')
 3 SYSTEMPATH/View/View.php(216): CodeIgniter\View\View->CodeIgniter\View\{closure}()
 4 SYSTEMPATH/Common.php(1134): CodeIgniter\View\View->render()
 5 APPPATH/Views/kasir/kasirjual.php(66): view()
 6 SYSTEMPATH/View/View.php(213): include('APPPATH/Views/kasir/kasirjual.php')
 7 SYSTEMPATH/View/View.php(216): CodeIgniter\View\View->CodeIgniter\View\{closure}()
 8 SYSTEMPATH/Common.php(1134): CodeIgniter\View\View->render()
 9 APPPATH/Views/templates.php(104): view()
10 SYSTEMPATH/View/View.php(213): include('APPPATH/Views/templates.php')
11 SYSTEMPATH/View/View.php(216): CodeIgniter\View\View->CodeIgniter\View\{closure}()
12 SYSTEMPATH/Common.php(1134): CodeIgniter\View\View->render()
13 APPPATH/Controllers/Kasir.php(43): view()
14 SYSTEMPATH/CodeIgniter.php(927): App\Controllers\Kasir->KasirJual()
15 SYSTEMPATH/CodeIgniter.php(482): CodeIgniter\CodeIgniter->runController()
16 SYSTEMPATH/CodeIgniter.php(351): CodeIgniter\CodeIgniter->handleRequest()
17 FCPATH/index.php(67): CodeIgniter\CodeIgniter->run()
CRITICAL - 2023-01-06 14:41:18 --> Undefined variable $totalberat
in APPPATH/Views/kasir/listjualharian.php on line 71.
 1 APPPATH/Views/kasir/listjualharian.php(71): CodeIgniter\Debug\Exceptions->errorHandler()
 2 SYSTEMPATH/View/View.php(213): include('APPPATH/Views/kasir/listjualharian.php')
 3 SYSTEMPATH/View/View.php(216): CodeIgniter\View\View->CodeIgniter\View\{closure}()
 4 SYSTEMPATH/Common.php(1134): CodeIgniter\View\View->render()
 5 APPPATH/Views/kasir/kasirjual.php(66): view()
 6 SYSTEMPATH/View/View.php(213): include('APPPATH/Views/kasir/kasirjual.php')
 7 SYSTEMPATH/View/View.php(216): CodeIgniter\View\View->CodeIgniter\View\{closure}()
 8 SYSTEMPATH/Common.php(1134): CodeIgniter\View\View->render()
 9 APPPATH/Views/templates.php(104): view()
10 SYSTEMPATH/View/View.php(213): include('APPPATH/Views/templates.php')
11 SYSTEMPATH/View/View.php(216): CodeIgniter\View\View->CodeIgniter\View\{closure}()
12 SYSTEMPATH/Common.php(1134): CodeIgniter\View\View->render()
13 APPPATH/Controllers/Kasir.php(43): view()
14 SYSTEMPATH/CodeIgniter.php(927): App\Controllers\Kasir->KasirJual()
15 SYSTEMPATH/CodeIgniter.php(482): CodeIgniter\CodeIgniter->runController()
16 SYSTEMPATH/CodeIgniter.php(351): CodeIgniter\CodeIgniter->handleRequest()
17 FCPATH/index.php(67): CodeIgniter\CodeIgniter->run()
CRITICAL - 2023-01-06 19:09:43 --> Undefined variable $totalberat
in APPPATH/Views/kasir/listjualharian.php on line 71.
 1 APPPATH/Views/kasir/listjualharian.php(71): CodeIgniter\Debug\Exceptions->errorHandler()
 2 SYSTEMPATH/View/View.php(213): include('APPPATH/Views/kasir/listjualharian.php')
 3 SYSTEMPATH/View/View.php(216): CodeIgniter\View\View->CodeIgniter\View\{closure}()
 4 SYSTEMPATH/Common.php(1134): CodeIgniter\View\View->render()
 5 APPPATH/Views/kasir/kasirjual.php(66): view()
 6 SYSTEMPATH/View/View.php(213): include('APPPATH/Views/kasir/kasirjual.php')
 7 SYSTEMPATH/View/View.php(216): CodeIgniter\View\View->CodeIgniter\View\{closure}()
 8 SYSTEMPATH/Common.php(1134): CodeIgniter\View\View->render()
 9 APPPATH/Views/templates.php(104): view()
10 SYSTEMPATH/View/View.php(213): include('APPPATH/Views/templates.php')
11 SYSTEMPATH/View/View.php(216): CodeIgniter\View\View->CodeIgniter\View\{closure}()
12 SYSTEMPATH/Common.php(1134): CodeIgniter\View\View->render()
13 APPPATH/Controllers/Kasir.php(43): view()
14 SYSTEMPATH/CodeIgniter.php(927): App\Controllers\Kasir->KasirJual()
15 SYSTEMPATH/CodeIgniter.php(482): CodeIgniter\CodeIgniter->runController()
16 SYSTEMPATH/CodeIgniter.php(351): CodeIgniter\CodeIgniter->handleRequest()
17 FCPATH/index.php(67): CodeIgniter\CodeIgniter->run()
CRITICAL - 2023-01-06 19:12:15 --> round(): Argument #1 ($num) must be of type int|float, string given
in APPPATH/Views/laporan/tabelbeliharian.php on line 49.
 1 APPPATH/Views/laporan/tabelbeliharian.php(49): round()
 2 SYSTEMPATH/View/View.php(213): include('APPPATH/Views/laporan/tabelbeliharian.php')
 3 SYSTEMPATH/View/View.php(216): CodeIgniter\View\View->CodeIgniter\View\{closure}()
 4 SYSTEMPATH/Common.php(1134): CodeIgniter\View\View->render()
 5 APPPATH/Controllers/Laporan.php(97): view()
 6 SYSTEMPATH/CodeIgniter.php(927): App\Controllers\Laporan->TabelBeliHarian()
 7 SYSTEMPATH/CodeIgniter.php(482): CodeIgniter\CodeIgniter->runController()
 8 SYSTEMPATH/CodeIgniter.php(351): CodeIgniter\CodeIgniter->handleRequest()
 9 FCPATH/index.php(67): CodeIgniter\CodeIgniter->run()
CRITICAL - 2023-01-06 19:12:22 --> round(): Argument #1 ($num) must be of type int|float, string given
in APPPATH/Views/laporan/tabelbeliharian.php on line 49.
 1 APPPATH/Views/laporan/tabelbeliharian.php(49): round()
 2 SYSTEMPATH/View/View.php(213): include('APPPATH/Views/laporan/tabelbeliharian.php')
 3 SYSTEMPATH/View/View.php(216): CodeIgniter\View\View->CodeIgniter\View\{closure}()
 4 SYSTEMPATH/Common.php(1134): CodeIgniter\View\View->render()
 5 APPPATH/Controllers/Laporan.php(97): view()
 6 SYSTEMPATH/CodeIgniter.php(927): App\Controllers\Laporan->TabelBeliHarian()
 7 SYSTEMPATH/CodeIgniter.php(482): CodeIgniter\CodeIgniter->runController()
 8 SYSTEMPATH/CodeIgniter.php(351): CodeIgniter\CodeIgniter->handleRequest()
 9 FCPATH/index.php(67): CodeIgniter\CodeIgniter->run()
CRITICAL - 2023-01-06 19:12:25 --> round(): Argument #1 ($num) must be of type int|float, string given
in APPPATH/Views/laporan/tabelbeliharian.php on line 49.
 1 APPPATH/Views/laporan/tabelbeliharian.php(49): round()
 2 SYSTEMPATH/View/View.php(213): include('APPPATH/Views/laporan/tabelbeliharian.php')
 3 SYSTEMPATH/View/View.php(216): CodeIgniter\View\View->CodeIgniter\View\{closure}()
 4 SYSTEMPATH/Common.php(1134): CodeIgniter\View\View->render()
 5 APPPATH/Controllers/Laporan.php(97): view()
 6 SYSTEMPATH/CodeIgniter.php(927): App\Controllers\Laporan->TabelBeliHarian()
 7 SYSTEMPATH/CodeIgniter.php(482): CodeIgniter\CodeIgniter->runController()
 8 SYSTEMPATH/CodeIgniter.php(351): CodeIgniter\CodeIgniter->handleRequest()
 9 FCPATH/index.php(67): CodeIgniter\CodeIgniter->run()
CRITICAL - 2023-01-06 19:12:25 --> round(): Argument #1 ($num) must be of type int|float, string given
in APPPATH/Views/laporan/tabelbeliharian.php on line 49.
 1 APPPATH/Views/laporan/tabelbeliharian.php(49): round()
 2 SYSTEMPATH/View/View.php(213): include('APPPATH/Views/laporan/tabelbeliharian.php')
 3 SYSTEMPATH/View/View.php(216): CodeIgniter\View\View->CodeIgniter\View\{closure}()
 4 SYSTEMPATH/Common.php(1134): CodeIgniter\View\View->render()
 5 APPPATH/Controllers/Laporan.php(97): view()
 6 SYSTEMPATH/CodeIgniter.php(927): App\Controllers\Laporan->TabelBeliHarian()
 7 SYSTEMPATH/CodeIgniter.php(482): CodeIgniter\CodeIgniter->runController()
 8 SYSTEMPATH/CodeIgniter.php(351): CodeIgniter\CodeIgniter->handleRequest()
 9 FCPATH/index.php(67): CodeIgniter\CodeIgniter->run()
CRITICAL - 2023-01-06 19:12:25 --> round(): Argument #1 ($num) must be of type int|float, string given
in APPPATH/Views/laporan/tabelbeliharian.php on line 49.
 1 APPPATH/Views/laporan/tabelbeliharian.php(49): round()
 2 SYSTEMPATH/View/View.php(213): include('APPPATH/Views/laporan/tabelbeliharian.php')
 3 SYSTEMPATH/View/View.php(216): CodeIgniter\View\View->CodeIgniter\View\{closure}()
 4 SYSTEMPATH/Common.php(1134): CodeIgniter\View\View->render()
 5 APPPATH/Controllers/Laporan.php(97): view()
 6 SYSTEMPATH/CodeIgniter.php(927): App\Controllers\Laporan->TabelBeliHarian()
 7 SYSTEMPATH/CodeIgniter.php(482): CodeIgniter\CodeIgniter->runController()
 8 SYSTEMPATH/CodeIgniter.php(351): CodeIgniter\CodeIgniter->handleRequest()
 9 FCPATH/index.php(67): CodeIgniter\CodeIgniter->run()
CRITICAL - 2023-01-06 19:14:10 --> Undefined variable $totalberat
in APPPATH/Views/kasir/listjualharian.php on line 71.
 1 APPPATH/Views/kasir/listjualharian.php(71): CodeIgniter\Debug\Exceptions->errorHandler()
 2 SYSTEMPATH/View/View.php(213): include('APPPATH/Views/kasir/listjualharian.php')
 3 SYSTEMPATH/View/View.php(216): CodeIgniter\View\View->CodeIgniter\View\{closure}()
 4 SYSTEMPATH/Common.php(1134): CodeIgniter\View\View->render()
 5 APPPATH/Views/kasir/kasirjual.php(66): view()
 6 SYSTEMPATH/View/View.php(213): include('APPPATH/Views/kasir/kasirjual.php')
 7 SYSTEMPATH/View/View.php(216): CodeIgniter\View\View->CodeIgniter\View\{closure}()
 8 SYSTEMPATH/Common.php(1134): CodeIgniter\View\View->render()
 9 APPPATH/Views/templates.php(104): view()
10 SYSTEMPATH/View/View.php(213): include('APPPATH/Views/templates.php')
11 SYSTEMPATH/View/View.php(216): CodeIgniter\View\View->CodeIgniter\View\{closure}()
12 SYSTEMPATH/Common.php(1134): CodeIgniter\View\View->render()
13 APPPATH/Controllers/Kasir.php(43): view()
14 SYSTEMPATH/CodeIgniter.php(927): App\Controllers\Kasir->KasirJual()
15 SYSTEMPATH/CodeIgniter.php(482): CodeIgniter\CodeIgniter->runController()
16 SYSTEMPATH/CodeIgniter.php(351): CodeIgniter\CodeIgniter->handleRequest()
17 FCPATH/index.php(67): CodeIgniter\CodeIgniter->run()
CRITICAL - 2023-01-06 22:45:29 --> Call to a member function move() on null
in APPPATH/Controllers/Penjualan.php on line 33.
 1 SYSTEMPATH/CodeIgniter.php(927): App\Controllers\Penjualan->Jual()
 2 SYSTEMPATH/CodeIgniter.php(482): CodeIgniter\CodeIgniter->runController()
 3 SYSTEMPATH/CodeIgniter.php(351): CodeIgniter\CodeIgniter->handleRequest()
 4 FCPATH/index.php(67): CodeIgniter\CodeIgniter->run()
CRITICAL - 2023-01-06 22:45:30 --> Call to a member function move() on null
in APPPATH/Controllers/Penjualan.php on line 33.
 1 SYSTEMPATH/CodeIgniter.php(927): App\Controllers\Penjualan->Jual()
 2 SYSTEMPATH/CodeIgniter.php(482): CodeIgniter\CodeIgniter->runController()
 3 SYSTEMPATH/CodeIgniter.php(351): CodeIgniter\CodeIgniter->handleRequest()
 4 FCPATH/index.php(67): CodeIgniter\CodeIgniter->run()
CRITICAL - 2023-01-06 22:45:31 --> Call to a member function move() on null
in APPPATH/Controllers/Penjualan.php on line 33.
 1 SYSTEMPATH/CodeIgniter.php(927): App\Controllers\Penjualan->Jual()
 2 SYSTEMPATH/CodeIgniter.php(482): CodeIgniter\CodeIgniter->runController()
 3 SYSTEMPATH/CodeIgniter.php(351): CodeIgniter\CodeIgniter->handleRequest()
 4 FCPATH/index.php(67): CodeIgniter\CodeIgniter->run()
CRITICAL - 2023-01-06 22:45:36 --> Call to a member function move() on null
in APPPATH/Controllers/Penjualan.php on line 33.
 1 SYSTEMPATH/CodeIgniter.php(927): App\Controllers\Penjualan->Jual()
 2 SYSTEMPATH/CodeIgniter.php(482): CodeIgniter\CodeIgniter->runController()
 3 SYSTEMPATH/CodeIgniter.php(351): CodeIgniter\CodeIgniter->handleRequest()
 4 FCPATH/index.php(67): CodeIgniter\CodeIgniter->run()
