CRITICAL - 2022-12-21 12:42:14 --> Division by zero
in APPPATH/Views/admin.php on line 17.
 1 SYSTEMPATH/View/View.php(213): include()
 2 SYSTEMPATH/View/View.php(216): CodeIgniter\View\View->CodeIgniter\View\{closure}()
 3 SYSTEMPATH/Common.php(1134): CodeIgniter\View\View->render()
 4 APPPATH/Views/template.php(220): view()
 5 SYSTEMPATH/View/View.php(213): include('APPPATH/Views/template.php')
 6 SYSTEMPATH/View/View.php(216): CodeIgniter\View\View->CodeIgniter\View\{closure}()
 7 SYSTEMPATH/Common.php(1134): CodeIgniter\View\View->render()
 8 APPPATH/Controllers/Admin.php(33): view()
 9 SYSTEMPATH/CodeIgniter.php(927): App\Controllers\Admin->index()
10 SYSTEMPATH/CodeIgniter.php(482): CodeIgniter\CodeIgniter->runController()
11 SYSTEMPATH/CodeIgniter.php(351): CodeIgniter\CodeIgniter->handleRequest()
12 FCPATH/index.php(67): CodeIgniter\CodeIgniter->run()
CRITICAL - 2022-12-21 13:15:39 --> Division by zero
in APPPATH/Views/admin.php on line 17.
 1 SYSTEMPATH/View/View.php(213): include()
 2 SYSTEMPATH/View/View.php(216): CodeIgniter\View\View->CodeIgniter\View\{closure}()
 3 SYSTEMPATH/Common.php(1134): CodeIgniter\View\View->render()
 4 APPPATH/Views/template.php(220): view()
 5 SYSTEMPATH/View/View.php(213): include('APPPATH/Views/template.php')
 6 SYSTEMPATH/View/View.php(216): CodeIgniter\View\View->CodeIgniter\View\{closure}()
 7 SYSTEMPATH/Common.php(1134): CodeIgniter\View\View->render()
 8 APPPATH/Controllers/Admin.php(33): view()
 9 SYSTEMPATH/CodeIgniter.php(927): App\Controllers\Admin->index()
10 SYSTEMPATH/CodeIgniter.php(482): CodeIgniter\CodeIgniter->runController()
11 SYSTEMPATH/CodeIgniter.php(351): CodeIgniter\CodeIgniter->handleRequest()
12 FCPATH/index.php(67): CodeIgniter\CodeIgniter->run()
CRITICAL - 2022-12-21 13:17:46 --> Division by zero
in APPPATH/Views/admin.php on line 17.
 1 SYSTEMPATH/View/View.php(213): include()
 2 SYSTEMPATH/View/View.php(216): CodeIgniter\View\View->CodeIgniter\View\{closure}()
 3 SYSTEMPATH/Common.php(1134): CodeIgniter\View\View->render()
 4 APPPATH/Views/template.php(220): view()
 5 SYSTEMPATH/View/View.php(213): include('APPPATH/Views/template.php')
 6 SYSTEMPATH/View/View.php(216): CodeIgniter\View\View->CodeIgniter\View\{closure}()
 7 SYSTEMPATH/Common.php(1134): CodeIgniter\View\View->render()
 8 APPPATH/Controllers/Admin.php(33): view()
 9 APPPATH/Controllers/Kasir.php(77): App\Controllers\Admin->index()
10 SYSTEMPATH/CodeIgniter.php(927): App\Controllers\Kasir->Nota()
11 SYSTEMPATH/CodeIgniter.php(482): CodeIgniter\CodeIgniter->runController()
12 SYSTEMPATH/CodeIgniter.php(351): CodeIgniter\CodeIgniter->handleRequest()
13 FCPATH/index.php(67): CodeIgniter\CodeIgniter->run()
CRITICAL - 2022-12-21 13:18:05 --> Division by zero
in APPPATH/Views/admin.php on line 17.
 1 SYSTEMPATH/View/View.php(213): include()
 2 SYSTEMPATH/View/View.php(216): CodeIgniter\View\View->CodeIgniter\View\{closure}()
 3 SYSTEMPATH/Common.php(1134): CodeIgniter\View\View->render()
 4 APPPATH/Views/template.php(220): view()
 5 SYSTEMPATH/View/View.php(213): include('APPPATH/Views/template.php')
 6 SYSTEMPATH/View/View.php(216): CodeIgniter\View\View->CodeIgniter\View\{closure}()
 7 SYSTEMPATH/Common.php(1134): CodeIgniter\View\View->render()
 8 APPPATH/Controllers/Admin.php(33): view()
 9 APPPATH/Controllers/Kasir.php(77): App\Controllers\Admin->index()
10 SYSTEMPATH/CodeIgniter.php(927): App\Controllers\Kasir->Nota()
11 SYSTEMPATH/CodeIgniter.php(482): CodeIgniter\CodeIgniter->runController()
12 SYSTEMPATH/CodeIgniter.php(351): CodeIgniter\CodeIgniter->handleRequest()
13 FCPATH/index.php(67): CodeIgniter\CodeIgniter->run()
CRITICAL - 2022-12-21 13:19:48 --> Division by zero
in APPPATH/Views/admin.php on line 47.
 1 SYSTEMPATH/View/View.php(213): include()
 2 SYSTEMPATH/View/View.php(216): CodeIgniter\View\View->CodeIgniter\View\{closure}()
 3 SYSTEMPATH/Common.php(1134): CodeIgniter\View\View->render()
 4 APPPATH/Views/template.php(220): view()
 5 SYSTEMPATH/View/View.php(213): include('APPPATH/Views/template.php')
 6 SYSTEMPATH/View/View.php(216): CodeIgniter\View\View->CodeIgniter\View\{closure}()
 7 SYSTEMPATH/Common.php(1134): CodeIgniter\View\View->render()
 8 APPPATH/Controllers/Admin.php(33): view()
 9 SYSTEMPATH/CodeIgniter.php(927): App\Controllers\Admin->index()
10 SYSTEMPATH/CodeIgniter.php(482): CodeIgniter\CodeIgniter->runController()
11 SYSTEMPATH/CodeIgniter.php(351): CodeIgniter\CodeIgniter->handleRequest()
12 FCPATH/index.php(67): CodeIgniter\CodeIgniter->run()
CRITICAL - 2022-12-21 13:28:11 --> Undefined variable $totalberat
in APPPATH/Views/kasir/listjualharian.php on line 66.
 1 APPPATH/Views/kasir/listjualharian.php(66): CodeIgniter\Debug\Exceptions->errorHandler()
 2 SYSTEMPATH/View/View.php(213): include('APPPATH/Views/kasir/listjualharian.php')
 3 SYSTEMPATH/View/View.php(216): CodeIgniter\View\View->CodeIgniter\View\{closure}()
 4 SYSTEMPATH/Common.php(1134): CodeIgniter\View\View->render()
 5 APPPATH/Views/kasir/kasirjual.php(66): view()
 6 SYSTEMPATH/View/View.php(213): include('APPPATH/Views/kasir/kasirjual.php')
 7 SYSTEMPATH/View/View.php(216): CodeIgniter\View\View->CodeIgniter\View\{closure}()
 8 SYSTEMPATH/Common.php(1134): CodeIgniter\View\View->render()
 9 APPPATH/Views/templates.php(104): view()
10 SYSTEMPATH/View/View.php(213): include('APPPATH/Views/templates.php')
11 SYSTEMPATH/View/View.php(216): CodeIgniter\View\View->CodeIgniter\View\{closure}()
12 SYSTEMPATH/Common.php(1134): CodeIgniter\View\View->render()
13 APPPATH/Controllers/Kasir.php(41): view()
14 SYSTEMPATH/CodeIgniter.php(927): App\Controllers\Kasir->KasirJual()
15 SYSTEMPATH/CodeIgniter.php(482): CodeIgniter\CodeIgniter->runController()
16 SYSTEMPATH/CodeIgniter.php(351): CodeIgniter\CodeIgniter->handleRequest()
17 FCPATH/index.php(67): CodeIgniter\CodeIgniter->run()
CRITICAL - 2022-12-21 13:56:23 --> Undefined variable $totalberat
in APPPATH/Views/kasir/listjualharian.php on line 66.
 1 APPPATH/Views/kasir/listjualharian.php(66): CodeIgniter\Debug\Exceptions->errorHandler()
 2 SYSTEMPATH/View/View.php(213): include('APPPATH/Views/kasir/listjualharian.php')
 3 SYSTEMPATH/View/View.php(216): CodeIgniter\View\View->CodeIgniter\View\{closure}()
 4 SYSTEMPATH/Common.php(1134): CodeIgniter\View\View->render()
 5 APPPATH/Views/kasir/kasirjual.php(66): view()
 6 SYSTEMPATH/View/View.php(213): include('APPPATH/Views/kasir/kasirjual.php')
 7 SYSTEMPATH/View/View.php(216): CodeIgniter\View\View->CodeIgniter\View\{closure}()
 8 SYSTEMPATH/Common.php(1134): CodeIgniter\View\View->render()
 9 APPPATH/Views/templates.php(104): view()
10 SYSTEMPATH/View/View.php(213): include('APPPATH/Views/templates.php')
11 SYSTEMPATH/View/View.php(216): CodeIgniter\View\View->CodeIgniter\View\{closure}()
12 SYSTEMPATH/Common.php(1134): CodeIgniter\View\View->render()
13 APPPATH/Controllers/Kasir.php(41): view()
14 SYSTEMPATH/CodeIgniter.php(927): App\Controllers\Kasir->KasirJual()
15 SYSTEMPATH/CodeIgniter.php(482): CodeIgniter\CodeIgniter->runController()
16 SYSTEMPATH/CodeIgniter.php(351): CodeIgniter\CodeIgniter->handleRequest()
17 FCPATH/index.php(67): CodeIgniter\CodeIgniter->run()
CRITICAL - 2022-12-21 14:04:38 --> Undefined variable $totalberat
in APPPATH/Views/kasir/listjualharian.php on line 66.
 1 APPPATH/Views/kasir/listjualharian.php(66): CodeIgniter\Debug\Exceptions->errorHandler()
 2 SYSTEMPATH/View/View.php(213): include('APPPATH/Views/kasir/listjualharian.php')
 3 SYSTEMPATH/View/View.php(216): CodeIgniter\View\View->CodeIgniter\View\{closure}()
 4 SYSTEMPATH/Common.php(1134): CodeIgniter\View\View->render()
 5 APPPATH/Views/kasir/kasirjual.php(66): view()
 6 SYSTEMPATH/View/View.php(213): include('APPPATH/Views/kasir/kasirjual.php')
 7 SYSTEMPATH/View/View.php(216): CodeIgniter\View\View->CodeIgniter\View\{closure}()
 8 SYSTEMPATH/Common.php(1134): CodeIgniter\View\View->render()
 9 APPPATH/Views/templates.php(104): view()
10 SYSTEMPATH/View/View.php(213): include('APPPATH/Views/templates.php')
11 SYSTEMPATH/View/View.php(216): CodeIgniter\View\View->CodeIgniter\View\{closure}()
12 SYSTEMPATH/Common.php(1134): CodeIgniter\View\View->render()
13 APPPATH/Controllers/Kasir.php(41): view()
14 SYSTEMPATH/CodeIgniter.php(927): App\Controllers\Kasir->KasirJual()
15 SYSTEMPATH/CodeIgniter.php(482): CodeIgniter\CodeIgniter->runController()
16 SYSTEMPATH/CodeIgniter.php(351): CodeIgniter\CodeIgniter->handleRequest()
17 FCPATH/index.php(67): CodeIgniter\CodeIgniter->run()
CRITICAL - 2022-12-21 14:05:00 --> Undefined variable $totalberat
in APPPATH/Views/kasir/listjualharian.php on line 66.
 1 APPPATH/Views/kasir/listjualharian.php(66): CodeIgniter\Debug\Exceptions->errorHandler()
 2 SYSTEMPATH/View/View.php(213): include('APPPATH/Views/kasir/listjualharian.php')
 3 SYSTEMPATH/View/View.php(216): CodeIgniter\View\View->CodeIgniter\View\{closure}()
 4 SYSTEMPATH/Common.php(1134): CodeIgniter\View\View->render()
 5 APPPATH/Views/kasir/kasirjual.php(66): view()
 6 SYSTEMPATH/View/View.php(213): include('APPPATH/Views/kasir/kasirjual.php')
 7 SYSTEMPATH/View/View.php(216): CodeIgniter\View\View->CodeIgniter\View\{closure}()
 8 SYSTEMPATH/Common.php(1134): CodeIgniter\View\View->render()
 9 APPPATH/Views/templates.php(104): view()
10 SYSTEMPATH/View/View.php(213): include('APPPATH/Views/templates.php')
11 SYSTEMPATH/View/View.php(216): CodeIgniter\View\View->CodeIgniter\View\{closure}()
12 SYSTEMPATH/Common.php(1134): CodeIgniter\View\View->render()
13 APPPATH/Controllers/Kasir.php(41): view()
14 SYSTEMPATH/CodeIgniter.php(927): App\Controllers\Kasir->KasirJual()
15 SYSTEMPATH/CodeIgniter.php(482): CodeIgniter\CodeIgniter->runController()
16 SYSTEMPATH/CodeIgniter.php(351): CodeIgniter\CodeIgniter->handleRequest()
17 FCPATH/index.php(67): CodeIgniter\CodeIgniter->run()
CRITICAL - 2022-12-21 14:05:05 --> Undefined variable $totalberat
in APPPATH/Views/kasir/listjualharian.php on line 66.
 1 APPPATH/Views/kasir/listjualharian.php(66): CodeIgniter\Debug\Exceptions->errorHandler()
 2 SYSTEMPATH/View/View.php(213): include('APPPATH/Views/kasir/listjualharian.php')
 3 SYSTEMPATH/View/View.php(216): CodeIgniter\View\View->CodeIgniter\View\{closure}()
 4 SYSTEMPATH/Common.php(1134): CodeIgniter\View\View->render()
 5 APPPATH/Views/kasir/kasirjual.php(66): view()
 6 SYSTEMPATH/View/View.php(213): include('APPPATH/Views/kasir/kasirjual.php')
 7 SYSTEMPATH/View/View.php(216): CodeIgniter\View\View->CodeIgniter\View\{closure}()
 8 SYSTEMPATH/Common.php(1134): CodeIgniter\View\View->render()
 9 APPPATH/Views/templates.php(104): view()
10 SYSTEMPATH/View/View.php(213): include('APPPATH/Views/templates.php')
11 SYSTEMPATH/View/View.php(216): CodeIgniter\View\View->CodeIgniter\View\{closure}()
12 SYSTEMPATH/Common.php(1134): CodeIgniter\View\View->render()
13 APPPATH/Controllers/Kasir.php(41): view()
14 SYSTEMPATH/CodeIgniter.php(927): App\Controllers\Kasir->KasirJual()
15 SYSTEMPATH/CodeIgniter.php(482): CodeIgniter\CodeIgniter->runController()
16 SYSTEMPATH/CodeIgniter.php(351): CodeIgniter\CodeIgniter->handleRequest()
17 FCPATH/index.php(67): CodeIgniter\CodeIgniter->run()
CRITICAL - 2022-12-21 14:07:54 --> Division by zero
in APPPATH/Views/kasir/listjualharian.php on line 52.
 1 SYSTEMPATH/View/View.php(213): include()
 2 SYSTEMPATH/View/View.php(216): CodeIgniter\View\View->CodeIgniter\View\{closure}()
 3 SYSTEMPATH/Common.php(1134): CodeIgniter\View\View->render()
 4 APPPATH/Views/kasir/kasirjual.php(66): view()
 5 SYSTEMPATH/View/View.php(213): include('APPPATH/Views/kasir/kasirjual.php')
 6 SYSTEMPATH/View/View.php(216): CodeIgniter\View\View->CodeIgniter\View\{closure}()
 7 SYSTEMPATH/Common.php(1134): CodeIgniter\View\View->render()
 8 APPPATH/Views/templates.php(104): view()
 9 SYSTEMPATH/View/View.php(213): include('APPPATH/Views/templates.php')
10 SYSTEMPATH/View/View.php(216): CodeIgniter\View\View->CodeIgniter\View\{closure}()
11 SYSTEMPATH/Common.php(1134): CodeIgniter\View\View->render()
12 APPPATH/Controllers/Kasir.php(41): view()
13 SYSTEMPATH/CodeIgniter.php(927): App\Controllers\Kasir->KasirJual()
14 SYSTEMPATH/CodeIgniter.php(482): CodeIgniter\CodeIgniter->runController()
15 SYSTEMPATH/CodeIgniter.php(351): CodeIgniter\CodeIgniter->handleRequest()
16 FCPATH/index.php(67): CodeIgniter\CodeIgniter->run()
CRITICAL - 2022-12-21 14:08:10 --> Division by zero
in APPPATH/Views/kasir/listjualharian.php on line 52.
 1 SYSTEMPATH/View/View.php(213): include()
 2 SYSTEMPATH/View/View.php(216): CodeIgniter\View\View->CodeIgniter\View\{closure}()
 3 SYSTEMPATH/Common.php(1134): CodeIgniter\View\View->render()
 4 APPPATH/Views/kasir/kasirjual.php(66): view()
 5 SYSTEMPATH/View/View.php(213): include('APPPATH/Views/kasir/kasirjual.php')
 6 SYSTEMPATH/View/View.php(216): CodeIgniter\View\View->CodeIgniter\View\{closure}()
 7 SYSTEMPATH/Common.php(1134): CodeIgniter\View\View->render()
 8 APPPATH/Views/templates.php(104): view()
 9 SYSTEMPATH/View/View.php(213): include('APPPATH/Views/templates.php')
10 SYSTEMPATH/View/View.php(216): CodeIgniter\View\View->CodeIgniter\View\{closure}()
11 SYSTEMPATH/Common.php(1134): CodeIgniter\View\View->render()
12 APPPATH/Controllers/Kasir.php(41): view()
13 SYSTEMPATH/CodeIgniter.php(927): App\Controllers\Kasir->KasirJual()
14 SYSTEMPATH/CodeIgniter.php(482): CodeIgniter\CodeIgniter->runController()
15 SYSTEMPATH/CodeIgniter.php(351): CodeIgniter\CodeIgniter->handleRequest()
16 FCPATH/index.php(67): CodeIgniter\CodeIgniter->run()
CRITICAL - 2022-12-21 14:09:56 --> Division by zero
in APPPATH/Views/kasir/listjualharian.php on line 52.
 1 SYSTEMPATH/View/View.php(213): include()
 2 SYSTEMPATH/View/View.php(216): CodeIgniter\View\View->CodeIgniter\View\{closure}()
 3 SYSTEMPATH/Common.php(1134): CodeIgniter\View\View->render()
 4 APPPATH/Views/kasir/kasirjual.php(66): view()
 5 SYSTEMPATH/View/View.php(213): include('APPPATH/Views/kasir/kasirjual.php')
 6 SYSTEMPATH/View/View.php(216): CodeIgniter\View\View->CodeIgniter\View\{closure}()
 7 SYSTEMPATH/Common.php(1134): CodeIgniter\View\View->render()
 8 APPPATH/Views/templates.php(104): view()
 9 SYSTEMPATH/View/View.php(213): include('APPPATH/Views/templates.php')
10 SYSTEMPATH/View/View.php(216): CodeIgniter\View\View->CodeIgniter\View\{closure}()
11 SYSTEMPATH/Common.php(1134): CodeIgniter\View\View->render()
12 APPPATH/Controllers/Kasir.php(41): view()
13 SYSTEMPATH/CodeIgniter.php(927): App\Controllers\Kasir->KasirJual()
14 SYSTEMPATH/CodeIgniter.php(482): CodeIgniter\CodeIgniter->runController()
15 SYSTEMPATH/CodeIgniter.php(351): CodeIgniter\CodeIgniter->handleRequest()
16 FCPATH/index.php(67): CodeIgniter\CodeIgniter->run()
CRITICAL - 2022-12-21 14:10:04 --> Division by zero
in APPPATH/Views/kasir/listjualharian.php on line 52.
 1 SYSTEMPATH/View/View.php(213): include()
 2 SYSTEMPATH/View/View.php(216): CodeIgniter\View\View->CodeIgniter\View\{closure}()
 3 SYSTEMPATH/Common.php(1134): CodeIgniter\View\View->render()
 4 APPPATH/Views/kasir/kasirjual.php(66): view()
 5 SYSTEMPATH/View/View.php(213): include('APPPATH/Views/kasir/kasirjual.php')
 6 SYSTEMPATH/View/View.php(216): CodeIgniter\View\View->CodeIgniter\View\{closure}()
 7 SYSTEMPATH/Common.php(1134): CodeIgniter\View\View->render()
 8 APPPATH/Views/templates.php(104): view()
 9 SYSTEMPATH/View/View.php(213): include('APPPATH/Views/templates.php')
10 SYSTEMPATH/View/View.php(216): CodeIgniter\View\View->CodeIgniter\View\{closure}()
11 SYSTEMPATH/Common.php(1134): CodeIgniter\View\View->render()
12 APPPATH/Controllers/Kasir.php(41): view()
13 SYSTEMPATH/CodeIgniter.php(927): App\Controllers\Kasir->KasirJual()
14 SYSTEMPATH/CodeIgniter.php(482): CodeIgniter\CodeIgniter->runController()
15 SYSTEMPATH/CodeIgniter.php(351): CodeIgniter\CodeIgniter->handleRequest()
16 FCPATH/index.php(67): CodeIgniter\CodeIgniter->run()
CRITICAL - 2022-12-21 14:10:31 --> Division by zero
in APPPATH/Views/kasir/listjualharian.php on line 52.
 1 SYSTEMPATH/View/View.php(213): include()
 2 SYSTEMPATH/View/View.php(216): CodeIgniter\View\View->CodeIgniter\View\{closure}()
 3 SYSTEMPATH/Common.php(1134): CodeIgniter\View\View->render()
 4 APPPATH/Views/kasir/kasirjual.php(66): view()
 5 SYSTEMPATH/View/View.php(213): include('APPPATH/Views/kasir/kasirjual.php')
 6 SYSTEMPATH/View/View.php(216): CodeIgniter\View\View->CodeIgniter\View\{closure}()
 7 SYSTEMPATH/Common.php(1134): CodeIgniter\View\View->render()
 8 APPPATH/Views/templates.php(104): view()
 9 SYSTEMPATH/View/View.php(213): include('APPPATH/Views/templates.php')
10 SYSTEMPATH/View/View.php(216): CodeIgniter\View\View->CodeIgniter\View\{closure}()
11 SYSTEMPATH/Common.php(1134): CodeIgniter\View\View->render()
12 APPPATH/Controllers/Kasir.php(41): view()
13 SYSTEMPATH/CodeIgniter.php(927): App\Controllers\Kasir->KasirJual()
14 SYSTEMPATH/CodeIgniter.php(482): CodeIgniter\CodeIgniter->runController()
15 SYSTEMPATH/CodeIgniter.php(351): CodeIgniter\CodeIgniter->handleRequest()
16 FCPATH/index.php(67): CodeIgniter\CodeIgniter->run()
CRITICAL - 2022-12-21 14:10:31 --> Division by zero
in APPPATH/Views/kasir/listjualharian.php on line 52.
 1 SYSTEMPATH/View/View.php(213): include()
 2 SYSTEMPATH/View/View.php(216): CodeIgniter\View\View->CodeIgniter\View\{closure}()
 3 SYSTEMPATH/Common.php(1134): CodeIgniter\View\View->render()
 4 APPPATH/Views/kasir/kasirjual.php(66): view()
 5 SYSTEMPATH/View/View.php(213): include('APPPATH/Views/kasir/kasirjual.php')
 6 SYSTEMPATH/View/View.php(216): CodeIgniter\View\View->CodeIgniter\View\{closure}()
 7 SYSTEMPATH/Common.php(1134): CodeIgniter\View\View->render()
 8 APPPATH/Views/templates.php(104): view()
 9 SYSTEMPATH/View/View.php(213): include('APPPATH/Views/templates.php')
10 SYSTEMPATH/View/View.php(216): CodeIgniter\View\View->CodeIgniter\View\{closure}()
11 SYSTEMPATH/Common.php(1134): CodeIgniter\View\View->render()
12 APPPATH/Controllers/Kasir.php(41): view()
13 SYSTEMPATH/CodeIgniter.php(927): App\Controllers\Kasir->KasirJual()
14 SYSTEMPATH/CodeIgniter.php(482): CodeIgniter\CodeIgniter->runController()
15 SYSTEMPATH/CodeIgniter.php(351): CodeIgniter\CodeIgniter->handleRequest()
16 FCPATH/index.php(67): CodeIgniter\CodeIgniter->run()
CRITICAL - 2022-12-21 14:17:53 --> Unsupported operand types: string / string
in APPPATH/Views/kasir/listjualharian.php on line 75.
 1 SYSTEMPATH/View/View.php(213): include()
 2 SYSTEMPATH/View/View.php(216): CodeIgniter\View\View->CodeIgniter\View\{closure}()
 3 SYSTEMPATH/Common.php(1134): CodeIgniter\View\View->render()
 4 APPPATH/Views/kasir/kasirjual.php(66): view()
 5 SYSTEMPATH/View/View.php(213): include('APPPATH/Views/kasir/kasirjual.php')
 6 SYSTEMPATH/View/View.php(216): CodeIgniter\View\View->CodeIgniter\View\{closure}()
 7 SYSTEMPATH/Common.php(1134): CodeIgniter\View\View->render()
 8 APPPATH/Views/templates.php(104): view()
 9 SYSTEMPATH/View/View.php(213): include('APPPATH/Views/templates.php')
10 SYSTEMPATH/View/View.php(216): CodeIgniter\View\View->CodeIgniter\View\{closure}()
11 SYSTEMPATH/Common.php(1134): CodeIgniter\View\View->render()
12 APPPATH/Controllers/Kasir.php(41): view()
13 SYSTEMPATH/CodeIgniter.php(927): App\Controllers\Kasir->KasirJual()
14 SYSTEMPATH/CodeIgniter.php(482): CodeIgniter\CodeIgniter->runController()
15 SYSTEMPATH/CodeIgniter.php(351): CodeIgniter\CodeIgniter->handleRequest()
16 FCPATH/index.php(67): CodeIgniter\CodeIgniter->run()
CRITICAL - 2022-12-21 15:12:24 --> Undefined variable $hasil
in APPPATH/Views/kasir/listbeliharian.php on line 22.
 1 APPPATH/Views/kasir/listbeliharian.php(22): CodeIgniter\Debug\Exceptions->errorHandler()
 2 SYSTEMPATH/View/View.php(213): include('APPPATH/Views/kasir/listbeliharian.php')
 3 SYSTEMPATH/View/View.php(216): CodeIgniter\View\View->CodeIgniter\View\{closure}()
 4 SYSTEMPATH/Common.php(1134): CodeIgniter\View\View->render()
 5 APPPATH/Views/kasir/kasirbeli.php(53): view()
 6 SYSTEMPATH/View/View.php(213): include('APPPATH/Views/kasir/kasirbeli.php')
 7 SYSTEMPATH/View/View.php(216): CodeIgniter\View\View->CodeIgniter\View\{closure}()
 8 SYSTEMPATH/Common.php(1134): CodeIgniter\View\View->render()
 9 APPPATH/Views/templates.php(104): view()
10 SYSTEMPATH/View/View.php(213): include('APPPATH/Views/templates.php')
11 SYSTEMPATH/View/View.php(216): CodeIgniter\View\View->CodeIgniter\View\{closure}()
12 SYSTEMPATH/Common.php(1134): CodeIgniter\View\View->render()
13 APPPATH/Controllers/Kasir.php(69): view()
14 SYSTEMPATH/CodeIgniter.php(927): App\Controllers\Kasir->KasirBeli()
15 SYSTEMPATH/CodeIgniter.php(482): CodeIgniter\CodeIgniter->runController()
16 SYSTEMPATH/CodeIgniter.php(351): CodeIgniter\CodeIgniter->handleRequest()
17 FCPATH/index.php(67): CodeIgniter\CodeIgniter->run()
CRITICAL - 2022-12-21 15:13:17 --> Undefined variable $hasil
in APPPATH/Views/kasir/listbeliharian.php on line 22.
 1 APPPATH/Views/kasir/listbeliharian.php(22): CodeIgniter\Debug\Exceptions->errorHandler()
 2 SYSTEMPATH/View/View.php(213): include('APPPATH/Views/kasir/listbeliharian.php')
 3 SYSTEMPATH/View/View.php(216): CodeIgniter\View\View->CodeIgniter\View\{closure}()
 4 SYSTEMPATH/Common.php(1134): CodeIgniter\View\View->render()
 5 APPPATH/Views/kasir/kasirbeli.php(53): view()
 6 SYSTEMPATH/View/View.php(213): include('APPPATH/Views/kasir/kasirbeli.php')
 7 SYSTEMPATH/View/View.php(216): CodeIgniter\View\View->CodeIgniter\View\{closure}()
 8 SYSTEMPATH/Common.php(1134): CodeIgniter\View\View->render()
 9 APPPATH/Views/templates.php(104): view()
10 SYSTEMPATH/View/View.php(213): include('APPPATH/Views/templates.php')
11 SYSTEMPATH/View/View.php(216): CodeIgniter\View\View->CodeIgniter\View\{closure}()
12 SYSTEMPATH/Common.php(1134): CodeIgniter\View\View->render()
13 APPPATH/Controllers/Kasir.php(69): view()
14 SYSTEMPATH/CodeIgniter.php(927): App\Controllers\Kasir->KasirBeli()
15 SYSTEMPATH/CodeIgniter.php(482): CodeIgniter\CodeIgniter->runController()
16 SYSTEMPATH/CodeIgniter.php(351): CodeIgniter\CodeIgniter->handleRequest()
17 FCPATH/index.php(67): CodeIgniter\CodeIgniter->run()
CRITICAL - 2022-12-21 15:13:55 --> Undefined variable $hasil
in APPPATH/Views/kasir/listbeliharian.php on line 22.
 1 APPPATH/Views/kasir/listbeliharian.php(22): CodeIgniter\Debug\Exceptions->errorHandler()
 2 SYSTEMPATH/View/View.php(213): include('APPPATH/Views/kasir/listbeliharian.php')
 3 SYSTEMPATH/View/View.php(216): CodeIgniter\View\View->CodeIgniter\View\{closure}()
 4 SYSTEMPATH/Common.php(1134): CodeIgniter\View\View->render()
 5 APPPATH/Views/kasir/kasirbeli.php(53): view()
 6 SYSTEMPATH/View/View.php(213): include('APPPATH/Views/kasir/kasirbeli.php')
 7 SYSTEMPATH/View/View.php(216): CodeIgniter\View\View->CodeIgniter\View\{closure}()
 8 SYSTEMPATH/Common.php(1134): CodeIgniter\View\View->render()
 9 APPPATH/Views/templates.php(104): view()
10 SYSTEMPATH/View/View.php(213): include('APPPATH/Views/templates.php')
11 SYSTEMPATH/View/View.php(216): CodeIgniter\View\View->CodeIgniter\View\{closure}()
12 SYSTEMPATH/Common.php(1134): CodeIgniter\View\View->render()
13 APPPATH/Controllers/Kasir.php(69): view()
14 SYSTEMPATH/CodeIgniter.php(927): App\Controllers\Kasir->KasirBeli()
15 SYSTEMPATH/CodeIgniter.php(482): CodeIgniter\CodeIgniter->runController()
16 SYSTEMPATH/CodeIgniter.php(351): CodeIgniter\CodeIgniter->handleRequest()
17 FCPATH/index.php(67): CodeIgniter\CodeIgniter->run()
CRITICAL - 2022-12-21 15:14:33 --> Undefined property: App\Controllers\Kasir::$ModelBeli
in APPPATH/Controllers/Kasir.php on line 67.
 1 APPPATH/Controllers/Kasir.php(67): CodeIgniter\Debug\Exceptions->errorHandler()
 2 SYSTEMPATH/CodeIgniter.php(927): App\Controllers\Kasir->KasirBeli()
 3 SYSTEMPATH/CodeIgniter.php(482): CodeIgniter\CodeIgniter->runController()
 4 SYSTEMPATH/CodeIgniter.php(351): CodeIgniter\CodeIgniter->handleRequest()
 5 FCPATH/index.php(67): CodeIgniter\CodeIgniter->run()
CRITICAL - 2022-12-21 15:15:00 --> Undefined variable $totalberat
in APPPATH/Views/kasir/listbeliharian.php on line 50.
 1 APPPATH/Views/kasir/listbeliharian.php(50): CodeIgniter\Debug\Exceptions->errorHandler()
 2 SYSTEMPATH/View/View.php(213): include('APPPATH/Views/kasir/listbeliharian.php')
 3 SYSTEMPATH/View/View.php(216): CodeIgniter\View\View->CodeIgniter\View\{closure}()
 4 SYSTEMPATH/Common.php(1134): CodeIgniter\View\View->render()
 5 APPPATH/Views/kasir/kasirbeli.php(53): view()
 6 SYSTEMPATH/View/View.php(213): include('APPPATH/Views/kasir/kasirbeli.php')
 7 SYSTEMPATH/View/View.php(216): CodeIgniter\View\View->CodeIgniter\View\{closure}()
 8 SYSTEMPATH/Common.php(1134): CodeIgniter\View\View->render()
 9 APPPATH/Views/templates.php(104): view()
10 SYSTEMPATH/View/View.php(213): include('APPPATH/Views/templates.php')
11 SYSTEMPATH/View/View.php(216): CodeIgniter\View\View->CodeIgniter\View\{closure}()
12 SYSTEMPATH/Common.php(1134): CodeIgniter\View\View->render()
13 APPPATH/Controllers/Kasir.php(71): view()
14 SYSTEMPATH/CodeIgniter.php(927): App\Controllers\Kasir->KasirBeli()
15 SYSTEMPATH/CodeIgniter.php(482): CodeIgniter\CodeIgniter->runController()
16 SYSTEMPATH/CodeIgniter.php(351): CodeIgniter\CodeIgniter->handleRequest()
17 FCPATH/index.php(67): CodeIgniter\CodeIgniter->run()
CRITICAL - 2022-12-21 15:16:56 --> Undefined variable $totalberat
in APPPATH/Views/kasir/listbeliharian.php on line 51.
 1 APPPATH/Views/kasir/listbeliharian.php(51): CodeIgniter\Debug\Exceptions->errorHandler()
 2 SYSTEMPATH/View/View.php(213): include('APPPATH/Views/kasir/listbeliharian.php')
 3 SYSTEMPATH/View/View.php(216): CodeIgniter\View\View->CodeIgniter\View\{closure}()
 4 SYSTEMPATH/Common.php(1134): CodeIgniter\View\View->render()
 5 APPPATH/Views/kasir/kasirbeli.php(53): view()
 6 SYSTEMPATH/View/View.php(213): include('APPPATH/Views/kasir/kasirbeli.php')
 7 SYSTEMPATH/View/View.php(216): CodeIgniter\View\View->CodeIgniter\View\{closure}()
 8 SYSTEMPATH/Common.php(1134): CodeIgniter\View\View->render()
 9 APPPATH/Views/templates.php(104): view()
10 SYSTEMPATH/View/View.php(213): include('APPPATH/Views/templates.php')
11 SYSTEMPATH/View/View.php(216): CodeIgniter\View\View->CodeIgniter\View\{closure}()
12 SYSTEMPATH/Common.php(1134): CodeIgniter\View\View->render()
13 APPPATH/Controllers/Kasir.php(71): view()
14 SYSTEMPATH/CodeIgniter.php(927): App\Controllers\Kasir->KasirBeli()
15 SYSTEMPATH/CodeIgniter.php(482): CodeIgniter\CodeIgniter->runController()
16 SYSTEMPATH/CodeIgniter.php(351): CodeIgniter\CodeIgniter->handleRequest()
17 FCPATH/index.php(67): CodeIgniter\CodeIgniter->run()
CRITICAL - 2022-12-21 15:19:34 --> Undefined variable $gr
in APPPATH/Views/kasir/listbeliharian.php on line 52.
 1 APPPATH/Views/kasir/listbeliharian.php(52): CodeIgniter\Debug\Exceptions->errorHandler()
 2 SYSTEMPATH/View/View.php(213): include('APPPATH/Views/kasir/listbeliharian.php')
 3 SYSTEMPATH/View/View.php(216): CodeIgniter\View\View->CodeIgniter\View\{closure}()
 4 SYSTEMPATH/Common.php(1134): CodeIgniter\View\View->render()
 5 APPPATH/Views/kasir/kasirbeli.php(53): view()
 6 SYSTEMPATH/View/View.php(213): include('APPPATH/Views/kasir/kasirbeli.php')
 7 SYSTEMPATH/View/View.php(216): CodeIgniter\View\View->CodeIgniter\View\{closure}()
 8 SYSTEMPATH/Common.php(1134): CodeIgniter\View\View->render()
 9 APPPATH/Views/templates.php(104): view()
10 SYSTEMPATH/View/View.php(213): include('APPPATH/Views/templates.php')
11 SYSTEMPATH/View/View.php(216): CodeIgniter\View\View->CodeIgniter\View\{closure}()
12 SYSTEMPATH/Common.php(1134): CodeIgniter\View\View->render()
13 APPPATH/Controllers/Kasir.php(71): view()
14 SYSTEMPATH/CodeIgniter.php(927): App\Controllers\Kasir->KasirBeli()
15 SYSTEMPATH/CodeIgniter.php(482): CodeIgniter\CodeIgniter->runController()
16 SYSTEMPATH/CodeIgniter.php(351): CodeIgniter\CodeIgniter->handleRequest()
17 FCPATH/index.php(67): CodeIgniter\CodeIgniter->run()
CRITICAL - 2022-12-21 15:19:58 --> Undefined variable $gr
in APPPATH/Views/kasir/listbeliharian.php on line 52.
 1 APPPATH/Views/kasir/listbeliharian.php(52): CodeIgniter\Debug\Exceptions->errorHandler()
 2 SYSTEMPATH/View/View.php(213): include('APPPATH/Views/kasir/listbeliharian.php')
 3 SYSTEMPATH/View/View.php(216): CodeIgniter\View\View->CodeIgniter\View\{closure}()
 4 SYSTEMPATH/Common.php(1134): CodeIgniter\View\View->render()
 5 APPPATH/Views/kasir/kasirbeli.php(53): view()
 6 SYSTEMPATH/View/View.php(213): include('APPPATH/Views/kasir/kasirbeli.php')
 7 SYSTEMPATH/View/View.php(216): CodeIgniter\View\View->CodeIgniter\View\{closure}()
 8 SYSTEMPATH/Common.php(1134): CodeIgniter\View\View->render()
 9 APPPATH/Views/templates.php(104): view()
10 SYSTEMPATH/View/View.php(213): include('APPPATH/Views/templates.php')
11 SYSTEMPATH/View/View.php(216): CodeIgniter\View\View->CodeIgniter\View\{closure}()
12 SYSTEMPATH/Common.php(1134): CodeIgniter\View\View->render()
13 APPPATH/Controllers/Kasir.php(71): view()
14 SYSTEMPATH/CodeIgniter.php(927): App\Controllers\Kasir->KasirBeli()
15 SYSTEMPATH/CodeIgniter.php(482): CodeIgniter\CodeIgniter->runController()
16 SYSTEMPATH/CodeIgniter.php(351): CodeIgniter\CodeIgniter->handleRequest()
17 FCPATH/index.php(67): CodeIgniter\CodeIgniter->run()
CRITICAL - 2022-12-21 15:20:09 --> Undefined variable $totalharga
in APPPATH/Views/kasir/listbeliharian.php on line 55.
 1 APPPATH/Views/kasir/listbeliharian.php(55): CodeIgniter\Debug\Exceptions->errorHandler()
 2 SYSTEMPATH/View/View.php(213): include('APPPATH/Views/kasir/listbeliharian.php')
 3 SYSTEMPATH/View/View.php(216): CodeIgniter\View\View->CodeIgniter\View\{closure}()
 4 SYSTEMPATH/Common.php(1134): CodeIgniter\View\View->render()
 5 APPPATH/Views/kasir/kasirbeli.php(53): view()
 6 SYSTEMPATH/View/View.php(213): include('APPPATH/Views/kasir/kasirbeli.php')
 7 SYSTEMPATH/View/View.php(216): CodeIgniter\View\View->CodeIgniter\View\{closure}()
 8 SYSTEMPATH/Common.php(1134): CodeIgniter\View\View->render()
 9 APPPATH/Views/templates.php(104): view()
10 SYSTEMPATH/View/View.php(213): include('APPPATH/Views/templates.php')
11 SYSTEMPATH/View/View.php(216): CodeIgniter\View\View->CodeIgniter\View\{closure}()
12 SYSTEMPATH/Common.php(1134): CodeIgniter\View\View->render()
13 APPPATH/Controllers/Kasir.php(71): view()
14 SYSTEMPATH/CodeIgniter.php(927): App\Controllers\Kasir->KasirBeli()
15 SYSTEMPATH/CodeIgniter.php(482): CodeIgniter\CodeIgniter->runController()
16 SYSTEMPATH/CodeIgniter.php(351): CodeIgniter\CodeIgniter->handleRequest()
17 FCPATH/index.php(67): CodeIgniter\CodeIgniter->run()
CRITICAL - 2022-12-21 15:20:39 --> Undefined variable $totalharga
in APPPATH/Views/kasir/listbeliharian.php on line 59.
 1 APPPATH/Views/kasir/listbeliharian.php(59): CodeIgniter\Debug\Exceptions->errorHandler()
 2 SYSTEMPATH/View/View.php(213): include('APPPATH/Views/kasir/listbeliharian.php')
 3 SYSTEMPATH/View/View.php(216): CodeIgniter\View\View->CodeIgniter\View\{closure}()
 4 SYSTEMPATH/Common.php(1134): CodeIgniter\View\View->render()
 5 APPPATH/Views/kasir/kasirbeli.php(53): view()
 6 SYSTEMPATH/View/View.php(213): include('APPPATH/Views/kasir/kasirbeli.php')
 7 SYSTEMPATH/View/View.php(216): CodeIgniter\View\View->CodeIgniter\View\{closure}()
 8 SYSTEMPATH/Common.php(1134): CodeIgniter\View\View->render()
 9 APPPATH/Views/templates.php(104): view()
10 SYSTEMPATH/View/View.php(213): include('APPPATH/Views/templates.php')
11 SYSTEMPATH/View/View.php(216): CodeIgniter\View\View->CodeIgniter\View\{closure}()
12 SYSTEMPATH/Common.php(1134): CodeIgniter\View\View->render()
13 APPPATH/Controllers/Kasir.php(71): view()
14 SYSTEMPATH/CodeIgniter.php(927): App\Controllers\Kasir->KasirBeli()
15 SYSTEMPATH/CodeIgniter.php(482): CodeIgniter\CodeIgniter->runController()
16 SYSTEMPATH/CodeIgniter.php(351): CodeIgniter\CodeIgniter->handleRequest()
17 FCPATH/index.php(67): CodeIgniter\CodeIgniter->run()
CRITICAL - 2022-12-21 15:21:08 --> Undefined variable $totalharga
in APPPATH/Views/kasir/listbeliharian.php on line 59.
 1 APPPATH/Views/kasir/listbeliharian.php(59): CodeIgniter\Debug\Exceptions->errorHandler()
 2 SYSTEMPATH/View/View.php(213): include('APPPATH/Views/kasir/listbeliharian.php')
 3 SYSTEMPATH/View/View.php(216): CodeIgniter\View\View->CodeIgniter\View\{closure}()
 4 SYSTEMPATH/Common.php(1134): CodeIgniter\View\View->render()
 5 APPPATH/Views/kasir/kasirbeli.php(53): view()
 6 SYSTEMPATH/View/View.php(213): include('APPPATH/Views/kasir/kasirbeli.php')
 7 SYSTEMPATH/View/View.php(216): CodeIgniter\View\View->CodeIgniter\View\{closure}()
 8 SYSTEMPATH/Common.php(1134): CodeIgniter\View\View->render()
 9 APPPATH/Views/templates.php(104): view()
10 SYSTEMPATH/View/View.php(213): include('APPPATH/Views/templates.php')
11 SYSTEMPATH/View/View.php(216): CodeIgniter\View\View->CodeIgniter\View\{closure}()
12 SYSTEMPATH/Common.php(1134): CodeIgniter\View\View->render()
13 APPPATH/Controllers/Kasir.php(71): view()
14 SYSTEMPATH/CodeIgniter.php(927): App\Controllers\Kasir->KasirBeli()
15 SYSTEMPATH/CodeIgniter.php(482): CodeIgniter\CodeIgniter->runController()
16 SYSTEMPATH/CodeIgniter.php(351): CodeIgniter\CodeIgniter->handleRequest()
17 FCPATH/index.php(67): CodeIgniter\CodeIgniter->run()
CRITICAL - 2022-12-21 15:21:47 --> Unsupported operand types: string / string
in APPPATH/Views/kasir/listbeliharian.php on line 61.
 1 SYSTEMPATH/View/View.php(213): include()
 2 SYSTEMPATH/View/View.php(216): CodeIgniter\View\View->CodeIgniter\View\{closure}()
 3 SYSTEMPATH/Common.php(1134): CodeIgniter\View\View->render()
 4 APPPATH/Views/kasir/kasirbeli.php(53): view()
 5 SYSTEMPATH/View/View.php(213): include('APPPATH/Views/kasir/kasirbeli.php')
 6 SYSTEMPATH/View/View.php(216): CodeIgniter\View\View->CodeIgniter\View\{closure}()
 7 SYSTEMPATH/Common.php(1134): CodeIgniter\View\View->render()
 8 APPPATH/Views/templates.php(104): view()
 9 SYSTEMPATH/View/View.php(213): include('APPPATH/Views/templates.php')
10 SYSTEMPATH/View/View.php(216): CodeIgniter\View\View->CodeIgniter\View\{closure}()
11 SYSTEMPATH/Common.php(1134): CodeIgniter\View\View->render()
12 APPPATH/Controllers/Kasir.php(71): view()
13 SYSTEMPATH/CodeIgniter.php(927): App\Controllers\Kasir->KasirBeli()
14 SYSTEMPATH/CodeIgniter.php(482): CodeIgniter\CodeIgniter->runController()
15 SYSTEMPATH/CodeIgniter.php(351): CodeIgniter\CodeIgniter->handleRequest()
16 FCPATH/index.php(67): CodeIgniter\CodeIgniter->run()
CRITICAL - 2022-12-21 15:22:32 --> Unsupported operand types: string / string
in APPPATH/Views/kasir/listbeliharian.php on line 61.
 1 SYSTEMPATH/View/View.php(213): include()
 2 SYSTEMPATH/View/View.php(216): CodeIgniter\View\View->CodeIgniter\View\{closure}()
 3 SYSTEMPATH/Common.php(1134): CodeIgniter\View\View->render()
 4 APPPATH/Views/kasir/kasirbeli.php(53): view()
 5 SYSTEMPATH/View/View.php(213): include('APPPATH/Views/kasir/kasirbeli.php')
 6 SYSTEMPATH/View/View.php(216): CodeIgniter\View\View->CodeIgniter\View\{closure}()
 7 SYSTEMPATH/Common.php(1134): CodeIgniter\View\View->render()
 8 APPPATH/Views/templates.php(104): view()
 9 SYSTEMPATH/View/View.php(213): include('APPPATH/Views/templates.php')
10 SYSTEMPATH/View/View.php(216): CodeIgniter\View\View->CodeIgniter\View\{closure}()
11 SYSTEMPATH/Common.php(1134): CodeIgniter\View\View->render()
12 APPPATH/Controllers/Kasir.php(71): view()
13 SYSTEMPATH/CodeIgniter.php(927): App\Controllers\Kasir->KasirBeli()
14 SYSTEMPATH/CodeIgniter.php(482): CodeIgniter\CodeIgniter->runController()
15 SYSTEMPATH/CodeIgniter.php(351): CodeIgniter\CodeIgniter->handleRequest()
16 FCPATH/index.php(67): CodeIgniter\CodeIgniter->run()
CRITICAL - 2022-12-21 15:22:55 --> Unsupported operand types: string / string
in APPPATH/Views/kasir/listbeliharian.php on line 61.
 1 SYSTEMPATH/View/View.php(213): include()
 2 SYSTEMPATH/View/View.php(216): CodeIgniter\View\View->CodeIgniter\View\{closure}()
 3 SYSTEMPATH/Common.php(1134): CodeIgniter\View\View->render()
 4 APPPATH/Views/kasir/kasirbeli.php(53): view()
 5 SYSTEMPATH/View/View.php(213): include('APPPATH/Views/kasir/kasirbeli.php')
 6 SYSTEMPATH/View/View.php(216): CodeIgniter\View\View->CodeIgniter\View\{closure}()
 7 SYSTEMPATH/Common.php(1134): CodeIgniter\View\View->render()
 8 APPPATH/Views/templates.php(104): view()
 9 SYSTEMPATH/View/View.php(213): include('APPPATH/Views/templates.php')
10 SYSTEMPATH/View/View.php(216): CodeIgniter\View\View->CodeIgniter\View\{closure}()
11 SYSTEMPATH/Common.php(1134): CodeIgniter\View\View->render()
12 APPPATH/Controllers/Kasir.php(71): view()
13 SYSTEMPATH/CodeIgniter.php(927): App\Controllers\Kasir->KasirBeli()
14 SYSTEMPATH/CodeIgniter.php(482): CodeIgniter\CodeIgniter->runController()
15 SYSTEMPATH/CodeIgniter.php(351): CodeIgniter\CodeIgniter->handleRequest()
16 FCPATH/index.php(67): CodeIgniter\CodeIgniter->run()
CRITICAL - 2022-12-21 15:25:31 --> syntax error, unexpected token "}", expecting "," or ";"
in APPPATH/Views/kasir/listbeliharian.php on line 64.
 1 SYSTEMPATH/View/View.php(216): CodeIgniter\View\View->CodeIgniter\View\{closure}()
 2 SYSTEMPATH/Common.php(1134): CodeIgniter\View\View->render()
 3 APPPATH/Views/kasir/kasirbeli.php(53): view()
 4 SYSTEMPATH/View/View.php(213): include('APPPATH/Views/kasir/kasirbeli.php')
 5 SYSTEMPATH/View/View.php(216): CodeIgniter\View\View->CodeIgniter\View\{closure}()
 6 SYSTEMPATH/Common.php(1134): CodeIgniter\View\View->render()
 7 APPPATH/Views/templates.php(104): view()
 8 SYSTEMPATH/View/View.php(213): include('APPPATH/Views/templates.php')
 9 SYSTEMPATH/View/View.php(216): CodeIgniter\View\View->CodeIgniter\View\{closure}()
10 SYSTEMPATH/Common.php(1134): CodeIgniter\View\View->render()
11 APPPATH/Controllers/Kasir.php(71): view()
12 SYSTEMPATH/CodeIgniter.php(927): App\Controllers\Kasir->KasirBeli()
13 SYSTEMPATH/CodeIgniter.php(482): CodeIgniter\CodeIgniter->runController()
14 SYSTEMPATH/CodeIgniter.php(351): CodeIgniter\CodeIgniter->handleRequest()
15 FCPATH/index.php(67): CodeIgniter\CodeIgniter->run()
CRITICAL - 2022-12-21 15:25:49 --> Undefined variable $totalharga
in APPPATH/Views/kasir/listbeliharian.php on line 59.
 1 APPPATH/Views/kasir/listbeliharian.php(59): CodeIgniter\Debug\Exceptions->errorHandler()
 2 SYSTEMPATH/View/View.php(213): include('APPPATH/Views/kasir/listbeliharian.php')
 3 SYSTEMPATH/View/View.php(216): CodeIgniter\View\View->CodeIgniter\View\{closure}()
 4 SYSTEMPATH/Common.php(1134): CodeIgniter\View\View->render()
 5 APPPATH/Views/kasir/kasirbeli.php(53): view()
 6 SYSTEMPATH/View/View.php(213): include('APPPATH/Views/kasir/kasirbeli.php')
 7 SYSTEMPATH/View/View.php(216): CodeIgniter\View\View->CodeIgniter\View\{closure}()
 8 SYSTEMPATH/Common.php(1134): CodeIgniter\View\View->render()
 9 APPPATH/Views/templates.php(104): view()
10 SYSTEMPATH/View/View.php(213): include('APPPATH/Views/templates.php')
11 SYSTEMPATH/View/View.php(216): CodeIgniter\View\View->CodeIgniter\View\{closure}()
12 SYSTEMPATH/Common.php(1134): CodeIgniter\View\View->render()
13 APPPATH/Controllers/Kasir.php(71): view()
14 SYSTEMPATH/CodeIgniter.php(927): App\Controllers\Kasir->KasirBeli()
15 SYSTEMPATH/CodeIgniter.php(482): CodeIgniter\CodeIgniter->runController()
16 SYSTEMPATH/CodeIgniter.php(351): CodeIgniter\CodeIgniter->handleRequest()
17 FCPATH/index.php(67): CodeIgniter\CodeIgniter->run()
CRITICAL - 2022-12-21 15:26:14 --> Undefined variable $value
in APPPATH/Views/kasir/listbeliharian.php on line 59.
 1 APPPATH/Views/kasir/listbeliharian.php(59): CodeIgniter\Debug\Exceptions->errorHandler()
 2 SYSTEMPATH/View/View.php(213): include('APPPATH/Views/kasir/listbeliharian.php')
 3 SYSTEMPATH/View/View.php(216): CodeIgniter\View\View->CodeIgniter\View\{closure}()
 4 SYSTEMPATH/Common.php(1134): CodeIgniter\View\View->render()
 5 APPPATH/Views/kasir/kasirbeli.php(53): view()
 6 SYSTEMPATH/View/View.php(213): include('APPPATH/Views/kasir/kasirbeli.php')
 7 SYSTEMPATH/View/View.php(216): CodeIgniter\View\View->CodeIgniter\View\{closure}()
 8 SYSTEMPATH/Common.php(1134): CodeIgniter\View\View->render()
 9 APPPATH/Views/templates.php(104): view()
10 SYSTEMPATH/View/View.php(213): include('APPPATH/Views/templates.php')
11 SYSTEMPATH/View/View.php(216): CodeIgniter\View\View->CodeIgniter\View\{closure}()
12 SYSTEMPATH/Common.php(1134): CodeIgniter\View\View->render()
13 APPPATH/Controllers/Kasir.php(71): view()
14 SYSTEMPATH/CodeIgniter.php(927): App\Controllers\Kasir->KasirBeli()
15 SYSTEMPATH/CodeIgniter.php(482): CodeIgniter\CodeIgniter->runController()
16 SYSTEMPATH/CodeIgniter.php(351): CodeIgniter\CodeIgniter->handleRequest()
17 FCPATH/index.php(67): CodeIgniter\CodeIgniter->run()
CRITICAL - 2022-12-21 15:26:36 --> Undefined variable $totalharga
in APPPATH/Views/kasir/listbeliharian.php on line 59.
 1 APPPATH/Views/kasir/listbeliharian.php(59): CodeIgniter\Debug\Exceptions->errorHandler()
 2 SYSTEMPATH/View/View.php(213): include('APPPATH/Views/kasir/listbeliharian.php')
 3 SYSTEMPATH/View/View.php(216): CodeIgniter\View\View->CodeIgniter\View\{closure}()
 4 SYSTEMPATH/Common.php(1134): CodeIgniter\View\View->render()
 5 APPPATH/Views/kasir/kasirbeli.php(53): view()
 6 SYSTEMPATH/View/View.php(213): include('APPPATH/Views/kasir/kasirbeli.php')
 7 SYSTEMPATH/View/View.php(216): CodeIgniter\View\View->CodeIgniter\View\{closure}()
 8 SYSTEMPATH/Common.php(1134): CodeIgniter\View\View->render()
 9 APPPATH/Views/templates.php(104): view()
10 SYSTEMPATH/View/View.php(213): include('APPPATH/Views/templates.php')
11 SYSTEMPATH/View/View.php(216): CodeIgniter\View\View->CodeIgniter\View\{closure}()
12 SYSTEMPATH/Common.php(1134): CodeIgniter\View\View->render()
13 APPPATH/Controllers/Kasir.php(71): view()
14 SYSTEMPATH/CodeIgniter.php(927): App\Controllers\Kasir->KasirBeli()
15 SYSTEMPATH/CodeIgniter.php(482): CodeIgniter\CodeIgniter->runController()
16 SYSTEMPATH/CodeIgniter.php(351): CodeIgniter\CodeIgniter->handleRequest()
17 FCPATH/index.php(67): CodeIgniter\CodeIgniter->run()
CRITICAL - 2022-12-21 15:27:24 --> Undefined variable $ttlrp
in APPPATH/Views/kasir/listbeliharian.php on line 59.
 1 APPPATH/Views/kasir/listbeliharian.php(59): CodeIgniter\Debug\Exceptions->errorHandler()
 2 SYSTEMPATH/View/View.php(213): include('APPPATH/Views/kasir/listbeliharian.php')
 3 SYSTEMPATH/View/View.php(216): CodeIgniter\View\View->CodeIgniter\View\{closure}()
 4 SYSTEMPATH/Common.php(1134): CodeIgniter\View\View->render()
 5 APPPATH/Views/kasir/kasirbeli.php(53): view()
 6 SYSTEMPATH/View/View.php(213): include('APPPATH/Views/kasir/kasirbeli.php')
 7 SYSTEMPATH/View/View.php(216): CodeIgniter\View\View->CodeIgniter\View\{closure}()
 8 SYSTEMPATH/Common.php(1134): CodeIgniter\View\View->render()
 9 APPPATH/Views/templates.php(104): view()
10 SYSTEMPATH/View/View.php(213): include('APPPATH/Views/templates.php')
11 SYSTEMPATH/View/View.php(216): CodeIgniter\View\View->CodeIgniter\View\{closure}()
12 SYSTEMPATH/Common.php(1134): CodeIgniter\View\View->render()
13 APPPATH/Controllers/Kasir.php(71): view()
14 SYSTEMPATH/CodeIgniter.php(927): App\Controllers\Kasir->KasirBeli()
15 SYSTEMPATH/CodeIgniter.php(482): CodeIgniter\CodeIgniter->runController()
16 SYSTEMPATH/CodeIgniter.php(351): CodeIgniter\CodeIgniter->handleRequest()
17 FCPATH/index.php(67): CodeIgniter\CodeIgniter->run()
CRITICAL - 2022-12-21 15:27:41 --> Undefined variable $totalharga
in APPPATH/Views/kasir/listbeliharian.php on line 59.
 1 APPPATH/Views/kasir/listbeliharian.php(59): CodeIgniter\Debug\Exceptions->errorHandler()
 2 SYSTEMPATH/View/View.php(213): include('APPPATH/Views/kasir/listbeliharian.php')
 3 SYSTEMPATH/View/View.php(216): CodeIgniter\View\View->CodeIgniter\View\{closure}()
 4 SYSTEMPATH/Common.php(1134): CodeIgniter\View\View->render()
 5 APPPATH/Views/kasir/kasirbeli.php(53): view()
 6 SYSTEMPATH/View/View.php(213): include('APPPATH/Views/kasir/kasirbeli.php')
 7 SYSTEMPATH/View/View.php(216): CodeIgniter\View\View->CodeIgniter\View\{closure}()
 8 SYSTEMPATH/Common.php(1134): CodeIgniter\View\View->render()
 9 APPPATH/Views/templates.php(104): view()
10 SYSTEMPATH/View/View.php(213): include('APPPATH/Views/templates.php')
11 SYSTEMPATH/View/View.php(216): CodeIgniter\View\View->CodeIgniter\View\{closure}()
12 SYSTEMPATH/Common.php(1134): CodeIgniter\View\View->render()
13 APPPATH/Controllers/Kasir.php(71): view()
14 SYSTEMPATH/CodeIgniter.php(927): App\Controllers\Kasir->KasirBeli()
15 SYSTEMPATH/CodeIgniter.php(482): CodeIgniter\CodeIgniter->runController()
16 SYSTEMPATH/CodeIgniter.php(351): CodeIgniter\CodeIgniter->handleRequest()
17 FCPATH/index.php(67): CodeIgniter\CodeIgniter->run()
