CRITICAL - 2023-01-10 19:41:07 --> Undefined variable $totalberat
in APPPATH/Views/laporan/tabelstokharian.php on line 39.
 1 APPPATH/Views/laporan/tabelstokharian.php(39): CodeIgniter\Debug\Exceptions->errorHandler()
 2 SYSTEMPATH/View/View.php(213): include('APPPATH/Views/laporan/tabelstokharian.php')
 3 SYSTEMPATH/View/View.php(216): CodeIgniter\View\View->CodeIgniter\View\{closure}()
 4 SYSTEMPATH/Common.php(1134): CodeIgniter\View\View->render()
 5 APPPATH/Controllers/Laporan.php(136): view()
 6 SYSTEMPATH/CodeIgniter.php(927): App\Controllers\Laporan->TabelStokHarian()
 7 SYSTEMPATH/CodeIgniter.php(482): CodeIgniter\CodeIgniter->runController()
 8 SYSTEMPATH/CodeIgniter.php(351): CodeIgniter\CodeIgniter->handleRequest()
 9 FCPATH/index.php(67): CodeIgniter\CodeIgniter->run()
CRITICAL - 2023-01-10 19:41:08 --> Undefined variable $totalberat
in APPPATH/Views/laporan/tabelstokharian.php on line 39.
 1 APPPATH/Views/laporan/tabelstokharian.php(39): CodeIgniter\Debug\Exceptions->errorHandler()
 2 SYSTEMPATH/View/View.php(213): include('APPPATH/Views/laporan/tabelstokharian.php')
 3 SYSTEMPATH/View/View.php(216): CodeIgniter\View\View->CodeIgniter\View\{closure}()
 4 SYSTEMPATH/Common.php(1134): CodeIgniter\View\View->render()
 5 APPPATH/Controllers/Laporan.php(136): view()
 6 SYSTEMPATH/CodeIgniter.php(927): App\Controllers\Laporan->TabelStokHarian()
 7 SYSTEMPATH/CodeIgniter.php(482): CodeIgniter\CodeIgniter->runController()
 8 SYSTEMPATH/CodeIgniter.php(351): CodeIgniter\CodeIgniter->handleRequest()
 9 FCPATH/index.php(67): CodeIgniter\CodeIgniter->run()
CRITICAL - 2023-01-10 19:41:10 --> Undefined variable $totalberat
in APPPATH/Views/laporan/tabelstokharian.php on line 39.
 1 APPPATH/Views/laporan/tabelstokharian.php(39): CodeIgniter\Debug\Exceptions->errorHandler()
 2 SYSTEMPATH/View/View.php(213): include('APPPATH/Views/laporan/tabelstokharian.php')
 3 SYSTEMPATH/View/View.php(216): CodeIgniter\View\View->CodeIgniter\View\{closure}()
 4 SYSTEMPATH/Common.php(1134): CodeIgniter\View\View->render()
 5 APPPATH/Controllers/Laporan.php(136): view()
 6 SYSTEMPATH/CodeIgniter.php(927): App\Controllers\Laporan->TabelStokHarian()
 7 SYSTEMPATH/CodeIgniter.php(482): CodeIgniter\CodeIgniter->runController()
 8 SYSTEMPATH/CodeIgniter.php(351): CodeIgniter\CodeIgniter->handleRequest()
 9 FCPATH/index.php(67): CodeIgniter\CodeIgniter->run()
CRITICAL - 2023-01-10 19:41:11 --> Undefined variable $totalberat
in APPPATH/Views/laporan/printlaporanstok.php on line 82.
 1 APPPATH/Views/laporan/printlaporanstok.php(82): CodeIgniter\Debug\Exceptions->errorHandler()
 2 SYSTEMPATH/View/View.php(213): include('APPPATH/Views/laporan/printlaporanstok.php')
 3 SYSTEMPATH/View/View.php(216): CodeIgniter\View\View->CodeIgniter\View\{closure}()
 4 SYSTEMPATH/Common.php(1134): CodeIgniter\View\View->render()
 5 APPPATH/Controllers/Laporan.php(151): view()
 6 SYSTEMPATH/CodeIgniter.php(927): App\Controllers\Laporan->PrintLaporanHarianStok()
 7 SYSTEMPATH/CodeIgniter.php(482): CodeIgniter\CodeIgniter->runController()
 8 SYSTEMPATH/CodeIgniter.php(351): CodeIgniter\CodeIgniter->handleRequest()
 9 FCPATH/index.php(67): CodeIgniter\CodeIgniter->run()
CRITICAL - 2023-01-10 19:41:17 --> Undefined variable $totalberat
in APPPATH/Views/laporan/tabelstokharian.php on line 39.
 1 APPPATH/Views/laporan/tabelstokharian.php(39): CodeIgniter\Debug\Exceptions->errorHandler()
 2 SYSTEMPATH/View/View.php(213): include('APPPATH/Views/laporan/tabelstokharian.php')
 3 SYSTEMPATH/View/View.php(216): CodeIgniter\View\View->CodeIgniter\View\{closure}()
 4 SYSTEMPATH/Common.php(1134): CodeIgniter\View\View->render()
 5 APPPATH/Controllers/Laporan.php(136): view()
 6 SYSTEMPATH/CodeIgniter.php(927): App\Controllers\Laporan->TabelStokHarian()
 7 SYSTEMPATH/CodeIgniter.php(482): CodeIgniter\CodeIgniter->runController()
 8 SYSTEMPATH/CodeIgniter.php(351): CodeIgniter\CodeIgniter->handleRequest()
 9 FCPATH/index.php(67): CodeIgniter\CodeIgniter->run()
CRITICAL - 2023-01-10 19:41:26 --> Undefined variable $totalberat
in APPPATH/Views/laporan/tabelstokharian.php on line 39.
 1 APPPATH/Views/laporan/tabelstokharian.php(39): CodeIgniter\Debug\Exceptions->errorHandler()
 2 SYSTEMPATH/View/View.php(213): include('APPPATH/Views/laporan/tabelstokharian.php')
 3 SYSTEMPATH/View/View.php(216): CodeIgniter\View\View->CodeIgniter\View\{closure}()
 4 SYSTEMPATH/Common.php(1134): CodeIgniter\View\View->render()
 5 APPPATH/Controllers/Laporan.php(136): view()
 6 SYSTEMPATH/CodeIgniter.php(927): App\Controllers\Laporan->TabelStokHarian()
 7 SYSTEMPATH/CodeIgniter.php(482): CodeIgniter\CodeIgniter->runController()
 8 SYSTEMPATH/CodeIgniter.php(351): CodeIgniter\CodeIgniter->handleRequest()
 9 FCPATH/index.php(67): CodeIgniter\CodeIgniter->run()
