CRITICAL - 2023-01-09 09:56:14 --> round(): Argument #1 ($num) must be of type int|float, string given
in APPPATH/Views/laporan/tabelbeliharian.php on line 49.
 1 APPPATH/Views/laporan/tabelbeliharian.php(49): round()
 2 SYSTEMPATH/View/View.php(213): include('APPPATH/Views/laporan/tabelbeliharian.php')
 3 SYSTEMPATH/View/View.php(216): CodeIgniter\View\View->CodeIgniter\View\{closure}()
 4 SYSTEMPATH/Common.php(1134): CodeIgniter\View\View->render()
 5 APPPATH/Controllers/Laporan.php(97): view()
 6 SYSTEMPATH/CodeIgniter.php(927): App\Controllers\Laporan->TabelBeliHarian()
 7 SYSTEMPATH/CodeIgniter.php(482): CodeIgniter\CodeIgniter->runController()
 8 SYSTEMPATH/CodeIgniter.php(351): CodeIgniter\CodeIgniter->handleRequest()
 9 FCPATH/index.php(67): CodeIgniter\CodeIgniter->run()
CRITICAL - 2023-01-09 11:22:11 --> Undefined variable $i
in APPPATH/Views/kasir/nota.php on line 22.
 1 APPPATH/Views/kasir/nota.php(22): CodeIgniter\Debug\Exceptions->errorHandler()
 2 SYSTEMPATH/View/View.php(213): include('APPPATH/Views/kasir/nota.php')
 3 SYSTEMPATH/View/View.php(216): CodeIgniter\View\View->CodeIgniter\View\{closure}()
 4 SYSTEMPATH/Common.php(1134): CodeIgniter\View\View->render()
 5 APPPATH/Views/templatenota.php(48): view()
 6 SYSTEMPATH/View/View.php(213): include('APPPATH/Views/templatenota.php')
 7 SYSTEMPATH/View/View.php(216): CodeIgniter\View\View->CodeIgniter\View\{closure}()
 8 SYSTEMPATH/Common.php(1134): CodeIgniter\View\View->render()
 9 APPPATH/Controllers/Kasir.php(100): view()
10 SYSTEMPATH/CodeIgniter.php(927): App\Controllers\Kasir->Nota()
11 SYSTEMPATH/CodeIgniter.php(482): CodeIgniter\CodeIgniter->runController()
12 SYSTEMPATH/CodeIgniter.php(351): CodeIgniter\CodeIgniter->handleRequest()
13 FCPATH/index.php(67): CodeIgniter\CodeIgniter->run()
CRITICAL - 2023-01-09 11:36:20 --> syntax error, unexpected token "if", expecting "," or ";"
in APPPATH/Views/kasir/nota.php on line 26.
 1 SYSTEMPATH/View/View.php(216): CodeIgniter\View\View->CodeIgniter\View\{closure}()
 2 SYSTEMPATH/Common.php(1134): CodeIgniter\View\View->render()
 3 APPPATH/Views/templatenota.php(48): view()
 4 SYSTEMPATH/View/View.php(213): include('APPPATH/Views/templatenota.php')
 5 SYSTEMPATH/View/View.php(216): CodeIgniter\View\View->CodeIgniter\View\{closure}()
 6 SYSTEMPATH/Common.php(1134): CodeIgniter\View\View->render()
 7 APPPATH/Controllers/Kasir.php(100): view()
 8 SYSTEMPATH/CodeIgniter.php(927): App\Controllers\Kasir->Nota()
 9 SYSTEMPATH/CodeIgniter.php(482): CodeIgniter\CodeIgniter->runController()
10 SYSTEMPATH/CodeIgniter.php(351): CodeIgniter\CodeIgniter->handleRequest()
11 FCPATH/index.php(67): CodeIgniter\CodeIgniter->run()
CRITICAL - 2023-01-09 11:36:34 --> syntax error, unexpected token "if"
in APPPATH/Views/kasir/nota.php on line 26.
 1 SYSTEMPATH/View/View.php(216): CodeIgniter\View\View->CodeIgniter\View\{closure}()
 2 SYSTEMPATH/Common.php(1134): CodeIgniter\View\View->render()
 3 APPPATH/Views/templatenota.php(48): view()
 4 SYSTEMPATH/View/View.php(213): include('APPPATH/Views/templatenota.php')
 5 SYSTEMPATH/View/View.php(216): CodeIgniter\View\View->CodeIgniter\View\{closure}()
 6 SYSTEMPATH/Common.php(1134): CodeIgniter\View\View->render()
 7 APPPATH/Controllers/Kasir.php(100): view()
 8 SYSTEMPATH/CodeIgniter.php(927): App\Controllers\Kasir->Nota()
 9 SYSTEMPATH/CodeIgniter.php(482): CodeIgniter\CodeIgniter->runController()
10 SYSTEMPATH/CodeIgniter.php(351): CodeIgniter\CodeIgniter->handleRequest()
11 FCPATH/index.php(67): CodeIgniter\CodeIgniter->run()
CRITICAL - 2023-01-09 11:36:58 --> Unclosed '{' on line 21
in APPPATH/Views/kasir/nota.php on line 109.
 1 SYSTEMPATH/View/View.php(216): CodeIgniter\View\View->CodeIgniter\View\{closure}()
 2 SYSTEMPATH/Common.php(1134): CodeIgniter\View\View->render()
 3 APPPATH/Views/templatenota.php(48): view()
 4 SYSTEMPATH/View/View.php(213): include('APPPATH/Views/templatenota.php')
 5 SYSTEMPATH/View/View.php(216): CodeIgniter\View\View->CodeIgniter\View\{closure}()
 6 SYSTEMPATH/Common.php(1134): CodeIgniter\View\View->render()
 7 APPPATH/Controllers/Kasir.php(100): view()
 8 SYSTEMPATH/CodeIgniter.php(927): App\Controllers\Kasir->Nota()
 9 SYSTEMPATH/CodeIgniter.php(482): CodeIgniter\CodeIgniter->runController()
10 SYSTEMPATH/CodeIgniter.php(351): CodeIgniter\CodeIgniter->handleRequest()
11 FCPATH/index.php(67): CodeIgniter\CodeIgniter->run()
CRITICAL - 2023-01-09 11:38:25 --> Unclosed '{' on line 21
in APPPATH/Views/kasir/nota.php on line 109.
 1 SYSTEMPATH/View/View.php(216): CodeIgniter\View\View->CodeIgniter\View\{closure}()
 2 SYSTEMPATH/Common.php(1134): CodeIgniter\View\View->render()
 3 APPPATH/Views/templatenota.php(48): view()
 4 SYSTEMPATH/View/View.php(213): include('APPPATH/Views/templatenota.php')
 5 SYSTEMPATH/View/View.php(216): CodeIgniter\View\View->CodeIgniter\View\{closure}()
 6 SYSTEMPATH/Common.php(1134): CodeIgniter\View\View->render()
 7 APPPATH/Controllers/Kasir.php(100): view()
 8 SYSTEMPATH/CodeIgniter.php(927): App\Controllers\Kasir->Nota()
 9 SYSTEMPATH/CodeIgniter.php(482): CodeIgniter\CodeIgniter->runController()
10 SYSTEMPATH/CodeIgniter.php(351): CodeIgniter\CodeIgniter->handleRequest()
11 FCPATH/index.php(67): CodeIgniter\CodeIgniter->run()
CRITICAL - 2023-01-09 11:41:17 --> Undefined variable $i
in APPPATH/Views/kasir/nota.php on line 37.
 1 APPPATH/Views/kasir/nota.php(37): CodeIgniter\Debug\Exceptions->errorHandler()
 2 SYSTEMPATH/View/View.php(213): include('APPPATH/Views/kasir/nota.php')
 3 SYSTEMPATH/View/View.php(216): CodeIgniter\View\View->CodeIgniter\View\{closure}()
 4 SYSTEMPATH/Common.php(1134): CodeIgniter\View\View->render()
 5 APPPATH/Views/templatenota.php(48): view()
 6 SYSTEMPATH/View/View.php(213): include('APPPATH/Views/templatenota.php')
 7 SYSTEMPATH/View/View.php(216): CodeIgniter\View\View->CodeIgniter\View\{closure}()
 8 SYSTEMPATH/Common.php(1134): CodeIgniter\View\View->render()
 9 APPPATH/Controllers/Kasir.php(100): view()
10 SYSTEMPATH/CodeIgniter.php(927): App\Controllers\Kasir->Nota()
11 SYSTEMPATH/CodeIgniter.php(482): CodeIgniter\CodeIgniter->runController()
12 SYSTEMPATH/CodeIgniter.php(351): CodeIgniter\CodeIgniter->handleRequest()
13 FCPATH/index.php(67): CodeIgniter\CodeIgniter->run()
CRITICAL - 2023-01-09 11:49:39 --> Unclosed '{' on line 21
in APPPATH/Views/kasir/nota.php on line 108.
 1 SYSTEMPATH/View/View.php(216): CodeIgniter\View\View->CodeIgniter\View\{closure}()
 2 SYSTEMPATH/Common.php(1134): CodeIgniter\View\View->render()
 3 APPPATH/Views/templatenota.php(48): view()
 4 SYSTEMPATH/View/View.php(213): include('APPPATH/Views/templatenota.php')
 5 SYSTEMPATH/View/View.php(216): CodeIgniter\View\View->CodeIgniter\View\{closure}()
 6 SYSTEMPATH/Common.php(1134): CodeIgniter\View\View->render()
 7 APPPATH/Controllers/Kasir.php(100): view()
 8 SYSTEMPATH/CodeIgniter.php(927): App\Controllers\Kasir->Nota()
 9 SYSTEMPATH/CodeIgniter.php(482): CodeIgniter\CodeIgniter->runController()
10 SYSTEMPATH/CodeIgniter.php(351): CodeIgniter\CodeIgniter->handleRequest()
11 FCPATH/index.php(67): CodeIgniter\CodeIgniter->run()
CRITICAL - 2023-01-09 11:50:05 --> syntax error, unexpected token "<"
in APPPATH/Views/kasir/nota.php on line 22.
 1 SYSTEMPATH/View/View.php(216): CodeIgniter\View\View->CodeIgniter\View\{closure}()
 2 SYSTEMPATH/Common.php(1134): CodeIgniter\View\View->render()
 3 APPPATH/Views/templatenota.php(48): view()
 4 SYSTEMPATH/View/View.php(213): include('APPPATH/Views/templatenota.php')
 5 SYSTEMPATH/View/View.php(216): CodeIgniter\View\View->CodeIgniter\View\{closure}()
 6 SYSTEMPATH/Common.php(1134): CodeIgniter\View\View->render()
 7 APPPATH/Controllers/Kasir.php(100): view()
 8 SYSTEMPATH/CodeIgniter.php(927): App\Controllers\Kasir->Nota()
 9 SYSTEMPATH/CodeIgniter.php(482): CodeIgniter\CodeIgniter->runController()
10 SYSTEMPATH/CodeIgniter.php(351): CodeIgniter\CodeIgniter->handleRequest()
11 FCPATH/index.php(67): CodeIgniter\CodeIgniter->run()
CRITICAL - 2023-01-09 12:04:54 --> array_push(): Argument #1 ($array) cannot be passed by reference
in APPPATH/Views/kasir/nota.php on line 45.
 1 SYSTEMPATH/View/View.php(213): include()
 2 SYSTEMPATH/View/View.php(216): CodeIgniter\View\View->CodeIgniter\View\{closure}()
 3 SYSTEMPATH/Common.php(1134): CodeIgniter\View\View->render()
 4 APPPATH/Views/templatenota.php(48): view()
 5 SYSTEMPATH/View/View.php(213): include('APPPATH/Views/templatenota.php')
 6 SYSTEMPATH/View/View.php(216): CodeIgniter\View\View->CodeIgniter\View\{closure}()
 7 SYSTEMPATH/Common.php(1134): CodeIgniter\View\View->render()
 8 APPPATH/Controllers/Kasir.php(100): view()
 9 SYSTEMPATH/CodeIgniter.php(927): App\Controllers\Kasir->Nota()
10 SYSTEMPATH/CodeIgniter.php(482): CodeIgniter\CodeIgniter->runController()
11 SYSTEMPATH/CodeIgniter.php(351): CodeIgniter\CodeIgniter->handleRequest()
12 FCPATH/index.php(67): CodeIgniter\CodeIgniter->run()
CRITICAL - 2023-01-09 12:05:03 --> array_push(): Argument #1 ($array) cannot be passed by reference
in APPPATH/Views/kasir/nota.php on line 45.
 1 SYSTEMPATH/View/View.php(213): include()
 2 SYSTEMPATH/View/View.php(216): CodeIgniter\View\View->CodeIgniter\View\{closure}()
 3 SYSTEMPATH/Common.php(1134): CodeIgniter\View\View->render()
 4 APPPATH/Views/templatenota.php(48): view()
 5 SYSTEMPATH/View/View.php(213): include('APPPATH/Views/templatenota.php')
 6 SYSTEMPATH/View/View.php(216): CodeIgniter\View\View->CodeIgniter\View\{closure}()
 7 SYSTEMPATH/Common.php(1134): CodeIgniter\View\View->render()
 8 APPPATH/Controllers/Kasir.php(100): view()
 9 SYSTEMPATH/CodeIgniter.php(927): App\Controllers\Kasir->Nota()
10 SYSTEMPATH/CodeIgniter.php(482): CodeIgniter\CodeIgniter->runController()
11 SYSTEMPATH/CodeIgniter.php(351): CodeIgniter\CodeIgniter->handleRequest()
12 FCPATH/index.php(67): CodeIgniter\CodeIgniter->run()
CRITICAL - 2023-01-09 12:07:29 --> syntax error, unexpected token ">=", expecting "->" or "?->" or "{" or "["
in APPPATH/Views/kasir/nota.php on line 45.
 1 SYSTEMPATH/View/View.php(216): CodeIgniter\View\View->CodeIgniter\View\{closure}()
 2 SYSTEMPATH/Common.php(1134): CodeIgniter\View\View->render()
 3 APPPATH/Views/templatenota.php(48): view()
 4 SYSTEMPATH/View/View.php(213): include('APPPATH/Views/templatenota.php')
 5 SYSTEMPATH/View/View.php(216): CodeIgniter\View\View->CodeIgniter\View\{closure}()
 6 SYSTEMPATH/Common.php(1134): CodeIgniter\View\View->render()
 7 APPPATH/Controllers/Kasir.php(100): view()
 8 SYSTEMPATH/CodeIgniter.php(927): App\Controllers\Kasir->Nota()
 9 SYSTEMPATH/CodeIgniter.php(482): CodeIgniter\CodeIgniter->runController()
10 SYSTEMPATH/CodeIgniter.php(351): CodeIgniter\CodeIgniter->handleRequest()
11 FCPATH/index.php(67): CodeIgniter\CodeIgniter->run()
CRITICAL - 2023-01-09 12:08:36 --> syntax error, unexpected token ">=", expecting "->" or "?->" or "{" or "["
in APPPATH/Views/kasir/nota.php on line 45.
 1 SYSTEMPATH/View/View.php(216): CodeIgniter\View\View->CodeIgniter\View\{closure}()
 2 SYSTEMPATH/Common.php(1134): CodeIgniter\View\View->render()
 3 APPPATH/Views/templatenota.php(48): view()
 4 SYSTEMPATH/View/View.php(213): include('APPPATH/Views/templatenota.php')
 5 SYSTEMPATH/View/View.php(216): CodeIgniter\View\View->CodeIgniter\View\{closure}()
 6 SYSTEMPATH/Common.php(1134): CodeIgniter\View\View->render()
 7 APPPATH/Controllers/Kasir.php(100): view()
 8 SYSTEMPATH/CodeIgniter.php(927): App\Controllers\Kasir->Nota()
 9 SYSTEMPATH/CodeIgniter.php(482): CodeIgniter\CodeIgniter->runController()
10 SYSTEMPATH/CodeIgniter.php(351): CodeIgniter\CodeIgniter->handleRequest()
11 FCPATH/index.php(67): CodeIgniter\CodeIgniter->run()
CRITICAL - 2023-01-09 12:10:05 --> syntax error, unexpected end of file
in APPPATH/Views/kasir/nota.php on line 123.
 1 SYSTEMPATH/View/View.php(216): CodeIgniter\View\View->CodeIgniter\View\{closure}()
 2 SYSTEMPATH/Common.php(1134): CodeIgniter\View\View->render()
 3 APPPATH/Views/templatenota.php(48): view()
 4 SYSTEMPATH/View/View.php(213): include('APPPATH/Views/templatenota.php')
 5 SYSTEMPATH/View/View.php(216): CodeIgniter\View\View->CodeIgniter\View\{closure}()
 6 SYSTEMPATH/Common.php(1134): CodeIgniter\View\View->render()
 7 APPPATH/Controllers/Kasir.php(100): view()
 8 SYSTEMPATH/CodeIgniter.php(927): App\Controllers\Kasir->Nota()
 9 SYSTEMPATH/CodeIgniter.php(482): CodeIgniter\CodeIgniter->runController()
10 SYSTEMPATH/CodeIgniter.php(351): CodeIgniter\CodeIgniter->handleRequest()
11 FCPATH/index.php(67): CodeIgniter\CodeIgniter->run()
CRITICAL - 2023-01-09 12:11:31 --> syntax error, unexpected token ")"
in APPPATH/Views/kasir/nota.php on line 40.
 1 SYSTEMPATH/View/View.php(216): CodeIgniter\View\View->CodeIgniter\View\{closure}()
 2 SYSTEMPATH/Common.php(1134): CodeIgniter\View\View->render()
 3 APPPATH/Views/templatenota.php(48): view()
 4 SYSTEMPATH/View/View.php(213): include('APPPATH/Views/templatenota.php')
 5 SYSTEMPATH/View/View.php(216): CodeIgniter\View\View->CodeIgniter\View\{closure}()
 6 SYSTEMPATH/Common.php(1134): CodeIgniter\View\View->render()
 7 APPPATH/Controllers/Kasir.php(100): view()
 8 SYSTEMPATH/CodeIgniter.php(927): App\Controllers\Kasir->Nota()
 9 SYSTEMPATH/CodeIgniter.php(482): CodeIgniter\CodeIgniter->runController()
10 SYSTEMPATH/CodeIgniter.php(351): CodeIgniter\CodeIgniter->handleRequest()
11 FCPATH/index.php(67): CodeIgniter\CodeIgniter->run()
CRITICAL - 2023-01-09 12:13:04 --> syntax error, unexpected token "endfor"
in APPPATH/Views/kasir/nota.php on line 52.
 1 SYSTEMPATH/View/View.php(216): CodeIgniter\View\View->CodeIgniter\View\{closure}()
 2 SYSTEMPATH/Common.php(1134): CodeIgniter\View\View->render()
 3 APPPATH/Views/templatenota.php(48): view()
 4 SYSTEMPATH/View/View.php(213): include('APPPATH/Views/templatenota.php')
 5 SYSTEMPATH/View/View.php(216): CodeIgniter\View\View->CodeIgniter\View\{closure}()
 6 SYSTEMPATH/Common.php(1134): CodeIgniter\View\View->render()
 7 APPPATH/Controllers/Kasir.php(100): view()
 8 SYSTEMPATH/CodeIgniter.php(927): App\Controllers\Kasir->Nota()
 9 SYSTEMPATH/CodeIgniter.php(482): CodeIgniter\CodeIgniter->runController()
10 SYSTEMPATH/CodeIgniter.php(351): CodeIgniter\CodeIgniter->handleRequest()
11 FCPATH/index.php(67): CodeIgniter\CodeIgniter->run()
CRITICAL - 2023-01-09 12:49:38 --> round(): Argument #1 ($num) must be of type int|float, string given
in APPPATH/Views/laporan/tabeljualharian.php on line 49.
 1 APPPATH/Views/laporan/tabeljualharian.php(49): round()
 2 SYSTEMPATH/View/View.php(213): include('APPPATH/Views/laporan/tabeljualharian.php')
 3 SYSTEMPATH/View/View.php(216): CodeIgniter\View\View->CodeIgniter\View\{closure}()
 4 SYSTEMPATH/Common.php(1134): CodeIgniter\View\View->render()
 5 APPPATH/Controllers/Laporan.php(59): view()
 6 SYSTEMPATH/CodeIgniter.php(927): App\Controllers\Laporan->TabelJualHarian()
 7 SYSTEMPATH/CodeIgniter.php(482): CodeIgniter\CodeIgniter->runController()
 8 SYSTEMPATH/CodeIgniter.php(351): CodeIgniter\CodeIgniter->handleRequest()
 9 FCPATH/index.php(67): CodeIgniter\CodeIgniter->run()
CRITICAL - 2023-01-09 12:49:39 --> round(): Argument #1 ($num) must be of type int|float, string given
in APPPATH/Views/laporan/tabeljualharian.php on line 49.
 1 APPPATH/Views/laporan/tabeljualharian.php(49): round()
 2 SYSTEMPATH/View/View.php(213): include('APPPATH/Views/laporan/tabeljualharian.php')
 3 SYSTEMPATH/View/View.php(216): CodeIgniter\View\View->CodeIgniter\View\{closure}()
 4 SYSTEMPATH/Common.php(1134): CodeIgniter\View\View->render()
 5 APPPATH/Controllers/Laporan.php(59): view()
 6 SYSTEMPATH/CodeIgniter.php(927): App\Controllers\Laporan->TabelJualHarian()
 7 SYSTEMPATH/CodeIgniter.php(482): CodeIgniter\CodeIgniter->runController()
 8 SYSTEMPATH/CodeIgniter.php(351): CodeIgniter\CodeIgniter->handleRequest()
 9 FCPATH/index.php(67): CodeIgniter\CodeIgniter->run()
CRITICAL - 2023-01-09 13:05:43 --> round(): Argument #1 ($num) must be of type int|float, string given
in APPPATH/Views/laporan/tabeljualharian.php on line 49.
 1 APPPATH/Views/laporan/tabeljualharian.php(49): round()
 2 SYSTEMPATH/View/View.php(213): include('APPPATH/Views/laporan/tabeljualharian.php')
 3 SYSTEMPATH/View/View.php(216): CodeIgniter\View\View->CodeIgniter\View\{closure}()
 4 SYSTEMPATH/Common.php(1134): CodeIgniter\View\View->render()
 5 APPPATH/Controllers/Laporan.php(59): view()
 6 SYSTEMPATH/CodeIgniter.php(927): App\Controllers\Laporan->TabelJualHarian()
 7 SYSTEMPATH/CodeIgniter.php(482): CodeIgniter\CodeIgniter->runController()
 8 SYSTEMPATH/CodeIgniter.php(351): CodeIgniter\CodeIgniter->handleRequest()
 9 FCPATH/index.php(67): CodeIgniter\CodeIgniter->run()
CRITICAL - 2023-01-09 13:05:43 --> round(): Argument #1 ($num) must be of type int|float, string given
in APPPATH/Views/laporan/tabeljualharian.php on line 49.
 1 APPPATH/Views/laporan/tabeljualharian.php(49): round()
 2 SYSTEMPATH/View/View.php(213): include('APPPATH/Views/laporan/tabeljualharian.php')
 3 SYSTEMPATH/View/View.php(216): CodeIgniter\View\View->CodeIgniter\View\{closure}()
 4 SYSTEMPATH/Common.php(1134): CodeIgniter\View\View->render()
 5 APPPATH/Controllers/Laporan.php(59): view()
 6 SYSTEMPATH/CodeIgniter.php(927): App\Controllers\Laporan->TabelJualHarian()
 7 SYSTEMPATH/CodeIgniter.php(482): CodeIgniter\CodeIgniter->runController()
 8 SYSTEMPATH/CodeIgniter.php(351): CodeIgniter\CodeIgniter->handleRequest()
 9 FCPATH/index.php(67): CodeIgniter\CodeIgniter->run()
