CRITICAL - 2023-01-13 20:55:49 --> Undefined variable $value
in APPPATH/Views/kasir/nota.php on line 5.
 1 APPPATH/Views/kasir/nota.php(5): CodeIgniter\Debug\Exceptions->errorHandler()
 2 SYSTEMPATH/View/View.php(213): include('APPPATH/Views/kasir/nota.php')
 3 SYSTEMPATH/View/View.php(216): CodeIgniter\View\View->CodeIgniter\View\{closure}()
 4 SYSTEMPATH/Common.php(1134): CodeIgniter\View\View->render()
 5 APPPATH/Views/templatenota.php(121): view()
 6 SYSTEMPATH/View/View.php(213): include('APPPATH/Views/templatenota.php')
 7 SYSTEMPATH/View/View.php(216): CodeIgniter\View\View->CodeIgniter\View\{closure}()
 8 SYSTEMPATH/Common.php(1134): CodeIgniter\View\View->render()
 9 APPPATH/Controllers/Kasir.php(100): view()
10 SYSTEMPATH/CodeIgniter.php(927): App\Controllers\Kasir->Nota()
11 SYSTEMPATH/CodeIgniter.php(482): CodeIgniter\CodeIgniter->runController()
12 SYSTEMPATH/CodeIgniter.php(351): CodeIgniter\CodeIgniter->handleRequest()
13 FCPATH/index.php(67): CodeIgniter\CodeIgniter->run()
CRITICAL - 2023-01-13 20:57:58 --> Undefined variable $value
in APPPATH/Views/templatenota.php on line 6.
 1 APPPATH/Views/templatenota.php(6): CodeIgniter\Debug\Exceptions->errorHandler()
 2 SYSTEMPATH/View/View.php(213): include('APPPATH/Views/templatenota.php')
 3 SYSTEMPATH/View/View.php(216): CodeIgniter\View\View->CodeIgniter\View\{closure}()
 4 SYSTEMPATH/Common.php(1134): CodeIgniter\View\View->render()
 5 APPPATH/Controllers/Kasir.php(100): view()
 6 SYSTEMPATH/CodeIgniter.php(927): App\Controllers\Kasir->Nota()
 7 SYSTEMPATH/CodeIgniter.php(482): CodeIgniter\CodeIgniter->runController()
 8 SYSTEMPATH/CodeIgniter.php(351): CodeIgniter\CodeIgniter->handleRequest()
 9 FCPATH/index.php(67): CodeIgniter\CodeIgniter->run()
CRITICAL - 2023-01-13 20:58:11 --> Array to string conversion
in APPPATH/Views/templatenota.php on line 6.
 1 APPPATH/Views/templatenota.php(6): CodeIgniter\Debug\Exceptions->errorHandler()
 2 SYSTEMPATH/View/View.php(213): include('APPPATH/Views/templatenota.php')
 3 SYSTEMPATH/View/View.php(216): CodeIgniter\View\View->CodeIgniter\View\{closure}()
 4 SYSTEMPATH/Common.php(1134): CodeIgniter\View\View->render()
 5 APPPATH/Controllers/Kasir.php(100): view()
 6 SYSTEMPATH/CodeIgniter.php(927): App\Controllers\Kasir->Nota()
 7 SYSTEMPATH/CodeIgniter.php(482): CodeIgniter\CodeIgniter->runController()
 8 SYSTEMPATH/CodeIgniter.php(351): CodeIgniter\CodeIgniter->handleRequest()
 9 FCPATH/index.php(67): CodeIgniter\CodeIgniter->run()
CRITICAL - 2023-01-13 20:58:12 --> Array to string conversion
in APPPATH/Views/templatenota.php on line 6.
 1 APPPATH/Views/templatenota.php(6): CodeIgniter\Debug\Exceptions->errorHandler()
 2 SYSTEMPATH/View/View.php(213): include('APPPATH/Views/templatenota.php')
 3 SYSTEMPATH/View/View.php(216): CodeIgniter\View\View->CodeIgniter\View\{closure}()
 4 SYSTEMPATH/Common.php(1134): CodeIgniter\View\View->render()
 5 APPPATH/Controllers/Kasir.php(100): view()
 6 SYSTEMPATH/CodeIgniter.php(927): App\Controllers\Kasir->Nota()
 7 SYSTEMPATH/CodeIgniter.php(482): CodeIgniter\CodeIgniter->runController()
 8 SYSTEMPATH/CodeIgniter.php(351): CodeIgniter\CodeIgniter->handleRequest()
 9 FCPATH/index.php(67): CodeIgniter\CodeIgniter->run()
CRITICAL - 2023-01-13 20:59:49 --> Array to string conversion
in APPPATH/Views/templatenota.php on line 6.
 1 APPPATH/Views/templatenota.php(6): CodeIgniter\Debug\Exceptions->errorHandler()
 2 SYSTEMPATH/View/View.php(213): include('APPPATH/Views/templatenota.php')
 3 SYSTEMPATH/View/View.php(216): CodeIgniter\View\View->CodeIgniter\View\{closure}()
 4 SYSTEMPATH/Common.php(1134): CodeIgniter\View\View->render()
 5 APPPATH/Controllers/Kasir.php(100): view()
 6 SYSTEMPATH/CodeIgniter.php(927): App\Controllers\Kasir->Nota()
 7 SYSTEMPATH/CodeIgniter.php(482): CodeIgniter\CodeIgniter->runController()
 8 SYSTEMPATH/CodeIgniter.php(351): CodeIgniter\CodeIgniter->handleRequest()
 9 FCPATH/index.php(67): CodeIgniter\CodeIgniter->run()
CRITICAL - 2023-01-13 21:02:44 --> Undefined variable $nota
in APPPATH/Views/kasir/nota.php on line 26.
 1 APPPATH/Views/kasir/nota.php(26): CodeIgniter\Debug\Exceptions->errorHandler()
 2 SYSTEMPATH/View/View.php(213): include('APPPATH/Views/kasir/nota.php')
 3 SYSTEMPATH/View/View.php(216): CodeIgniter\View\View->CodeIgniter\View\{closure}()
 4 SYSTEMPATH/Common.php(1134): CodeIgniter\View\View->render()
 5 APPPATH/Views/templatenota.php(121): view()
 6 SYSTEMPATH/View/View.php(213): include('APPPATH/Views/templatenota.php')
 7 SYSTEMPATH/View/View.php(216): CodeIgniter\View\View->CodeIgniter\View\{closure}()
 8 SYSTEMPATH/Common.php(1134): CodeIgniter\View\View->render()
 9 APPPATH/Controllers/Kasir.php(101): view()
10 SYSTEMPATH/CodeIgniter.php(927): App\Controllers\Kasir->Nota()
11 SYSTEMPATH/CodeIgniter.php(482): CodeIgniter\CodeIgniter->runController()
12 SYSTEMPATH/CodeIgniter.php(351): CodeIgniter\CodeIgniter->handleRequest()
13 FCPATH/index.php(67): CodeIgniter\CodeIgniter->run()
CRITICAL - 2023-01-13 21:03:03 --> Undefined variable $nota
in APPPATH/Views/kasir/nota.php on line 26.
 1 APPPATH/Views/kasir/nota.php(26): CodeIgniter\Debug\Exceptions->errorHandler()
 2 SYSTEMPATH/View/View.php(213): include('APPPATH/Views/kasir/nota.php')
 3 SYSTEMPATH/View/View.php(216): CodeIgniter\View\View->CodeIgniter\View\{closure}()
 4 SYSTEMPATH/Common.php(1134): CodeIgniter\View\View->render()
 5 APPPATH/Views/templatenota.php(121): view()
 6 SYSTEMPATH/View/View.php(213): include('APPPATH/Views/templatenota.php')
 7 SYSTEMPATH/View/View.php(216): CodeIgniter\View\View->CodeIgniter\View\{closure}()
 8 SYSTEMPATH/Common.php(1134): CodeIgniter\View\View->render()
 9 APPPATH/Controllers/Kasir.php(101): view()
10 SYSTEMPATH/CodeIgniter.php(927): App\Controllers\Kasir->Nota()
11 SYSTEMPATH/CodeIgniter.php(482): CodeIgniter\CodeIgniter->runController()
12 SYSTEMPATH/CodeIgniter.php(351): CodeIgniter\CodeIgniter->handleRequest()
13 FCPATH/index.php(67): CodeIgniter\CodeIgniter->run()
