CRITICAL - 2022-12-19 00:00:13 --> Unclosed '{' on line 9
in APPPATH/Controllers/Admin.php on line 57.
 1 SYSTEMPATH/Router/Router.php(499): CodeIgniter\Router\AutoRouter->getRoute()
 2 SYSTEMPATH/Router/Router.php(205): CodeIgniter\Router\Router->autoRoute()
 3 SYSTEMPATH/CodeIgniter.php(802): CodeIgniter\Router\Router->handle()
 4 SYSTEMPATH/CodeIgniter.php(430): CodeIgniter\CodeIgniter->tryToRouteIt()
 5 SYSTEMPATH/CodeIgniter.php(351): CodeIgniter\CodeIgniter->handleRequest()
 6 FCPATH/index.php(67): CodeIgniter\CodeIgniter->run()
CRITICAL - 2022-12-19 00:00:36 --> Invalid file: Stok.php
in SYSTEMPATH/Exceptions/FrameworkException.php on line 33.
 1 SYSTEMPATH/View/View.php(201): CodeIgniter\Exceptions\FrameworkException::forInvalidFile()
 2 SYSTEMPATH/Common.php(1134): CodeIgniter\View\View->render()
 3 APPPATH/Views/template.php(211): view()
 4 SYSTEMPATH/View/View.php(213): include('APPPATH/Views/template.php')
 5 SYSTEMPATH/View/View.php(216): CodeIgniter\View\View->CodeIgniter\View\{closure}()
 6 SYSTEMPATH/Common.php(1134): CodeIgniter\View\View->render()
 7 APPPATH/Controllers/Admin.php(56): view()
 8 SYSTEMPATH/CodeIgniter.php(927): App\Controllers\Admin->Stok()
 9 SYSTEMPATH/CodeIgniter.php(482): CodeIgniter\CodeIgniter->runController()
10 SYSTEMPATH/CodeIgniter.php(351): CodeIgniter\CodeIgniter->handleRequest()
11 FCPATH/index.php(67): CodeIgniter\CodeIgniter->run()
CRITICAL - 2022-12-19 00:01:38 --> Invalid file: Stok.php
in SYSTEMPATH/Exceptions/FrameworkException.php on line 33.
 1 SYSTEMPATH/View/View.php(201): CodeIgniter\Exceptions\FrameworkException::forInvalidFile()
 2 SYSTEMPATH/Common.php(1134): CodeIgniter\View\View->render()
 3 APPPATH/Views/template.php(211): view()
 4 SYSTEMPATH/View/View.php(213): include('APPPATH/Views/template.php')
 5 SYSTEMPATH/View/View.php(216): CodeIgniter\View\View->CodeIgniter\View\{closure}()
 6 SYSTEMPATH/Common.php(1134): CodeIgniter\View\View->render()
 7 APPPATH/Controllers/Admin.php(56): view()
 8 SYSTEMPATH/CodeIgniter.php(927): App\Controllers\Admin->Stok()
 9 SYSTEMPATH/CodeIgniter.php(482): CodeIgniter\CodeIgniter->runController()
10 SYSTEMPATH/CodeIgniter.php(351): CodeIgniter\CodeIgniter->handleRequest()
11 FCPATH/index.php(67): CodeIgniter\CodeIgniter->run()
CRITICAL - 2022-12-19 00:01:39 --> Invalid file: Stok.php
in SYSTEMPATH/Exceptions/FrameworkException.php on line 33.
 1 SYSTEMPATH/View/View.php(201): CodeIgniter\Exceptions\FrameworkException::forInvalidFile()
 2 SYSTEMPATH/Common.php(1134): CodeIgniter\View\View->render()
 3 APPPATH/Views/template.php(211): view()
 4 SYSTEMPATH/View/View.php(213): include('APPPATH/Views/template.php')
 5 SYSTEMPATH/View/View.php(216): CodeIgniter\View\View->CodeIgniter\View\{closure}()
 6 SYSTEMPATH/Common.php(1134): CodeIgniter\View\View->render()
 7 APPPATH/Controllers/Admin.php(56): view()
 8 SYSTEMPATH/CodeIgniter.php(927): App\Controllers\Admin->Stok()
 9 SYSTEMPATH/CodeIgniter.php(482): CodeIgniter\CodeIgniter->runController()
10 SYSTEMPATH/CodeIgniter.php(351): CodeIgniter\CodeIgniter->handleRequest()
11 FCPATH/index.php(67): CodeIgniter\CodeIgniter->run()
CRITICAL - 2022-12-19 00:01:40 --> Invalid file: Stok.php
in SYSTEMPATH/Exceptions/FrameworkException.php on line 33.
 1 SYSTEMPATH/View/View.php(201): CodeIgniter\Exceptions\FrameworkException::forInvalidFile()
 2 SYSTEMPATH/Common.php(1134): CodeIgniter\View\View->render()
 3 APPPATH/Views/template.php(211): view()
 4 SYSTEMPATH/View/View.php(213): include('APPPATH/Views/template.php')
 5 SYSTEMPATH/View/View.php(216): CodeIgniter\View\View->CodeIgniter\View\{closure}()
 6 SYSTEMPATH/Common.php(1134): CodeIgniter\View\View->render()
 7 APPPATH/Controllers/Admin.php(56): view()
 8 SYSTEMPATH/CodeIgniter.php(927): App\Controllers\Admin->Stok()
 9 SYSTEMPATH/CodeIgniter.php(482): CodeIgniter\CodeIgniter->runController()
10 SYSTEMPATH/CodeIgniter.php(351): CodeIgniter\CodeIgniter->handleRequest()
11 FCPATH/index.php(67): CodeIgniter\CodeIgniter->run()
CRITICAL - 2022-12-19 00:01:40 --> Invalid file: Stok.php
in SYSTEMPATH/Exceptions/FrameworkException.php on line 33.
 1 SYSTEMPATH/View/View.php(201): CodeIgniter\Exceptions\FrameworkException::forInvalidFile()
 2 SYSTEMPATH/Common.php(1134): CodeIgniter\View\View->render()
 3 APPPATH/Views/template.php(211): view()
 4 SYSTEMPATH/View/View.php(213): include('APPPATH/Views/template.php')
 5 SYSTEMPATH/View/View.php(216): CodeIgniter\View\View->CodeIgniter\View\{closure}()
 6 SYSTEMPATH/Common.php(1134): CodeIgniter\View\View->render()
 7 APPPATH/Controllers/Admin.php(56): view()
 8 SYSTEMPATH/CodeIgniter.php(927): App\Controllers\Admin->Stok()
 9 SYSTEMPATH/CodeIgniter.php(482): CodeIgniter\CodeIgniter->runController()
10 SYSTEMPATH/CodeIgniter.php(351): CodeIgniter\CodeIgniter->handleRequest()
11 FCPATH/index.php(67): CodeIgniter\CodeIgniter->run()
CRITICAL - 2022-12-19 00:01:41 --> Invalid file: Stok.php
in SYSTEMPATH/Exceptions/FrameworkException.php on line 33.
 1 SYSTEMPATH/View/View.php(201): CodeIgniter\Exceptions\FrameworkException::forInvalidFile()
 2 SYSTEMPATH/Common.php(1134): CodeIgniter\View\View->render()
 3 APPPATH/Views/template.php(211): view()
 4 SYSTEMPATH/View/View.php(213): include('APPPATH/Views/template.php')
 5 SYSTEMPATH/View/View.php(216): CodeIgniter\View\View->CodeIgniter\View\{closure}()
 6 SYSTEMPATH/Common.php(1134): CodeIgniter\View\View->render()
 7 APPPATH/Controllers/Admin.php(56): view()
 8 SYSTEMPATH/CodeIgniter.php(927): App\Controllers\Admin->Stok()
 9 SYSTEMPATH/CodeIgniter.php(482): CodeIgniter\CodeIgniter->runController()
10 SYSTEMPATH/CodeIgniter.php(351): CodeIgniter\CodeIgniter->handleRequest()
11 FCPATH/index.php(67): CodeIgniter\CodeIgniter->run()
CRITICAL - 2022-12-19 00:01:41 --> Invalid file: Stok.php
in SYSTEMPATH/Exceptions/FrameworkException.php on line 33.
 1 SYSTEMPATH/View/View.php(201): CodeIgniter\Exceptions\FrameworkException::forInvalidFile()
 2 SYSTEMPATH/Common.php(1134): CodeIgniter\View\View->render()
 3 APPPATH/Views/template.php(211): view()
 4 SYSTEMPATH/View/View.php(213): include('APPPATH/Views/template.php')
 5 SYSTEMPATH/View/View.php(216): CodeIgniter\View\View->CodeIgniter\View\{closure}()
 6 SYSTEMPATH/Common.php(1134): CodeIgniter\View\View->render()
 7 APPPATH/Controllers/Admin.php(56): view()
 8 SYSTEMPATH/CodeIgniter.php(927): App\Controllers\Admin->Stok()
 9 SYSTEMPATH/CodeIgniter.php(482): CodeIgniter\CodeIgniter->runController()
10 SYSTEMPATH/CodeIgniter.php(351): CodeIgniter\CodeIgniter->handleRequest()
11 FCPATH/index.php(67): CodeIgniter\CodeIgniter->run()
CRITICAL - 2022-12-19 00:01:41 --> Invalid file: Stok.php
in SYSTEMPATH/Exceptions/FrameworkException.php on line 33.
 1 SYSTEMPATH/View/View.php(201): CodeIgniter\Exceptions\FrameworkException::forInvalidFile()
 2 SYSTEMPATH/Common.php(1134): CodeIgniter\View\View->render()
 3 APPPATH/Views/template.php(211): view()
 4 SYSTEMPATH/View/View.php(213): include('APPPATH/Views/template.php')
 5 SYSTEMPATH/View/View.php(216): CodeIgniter\View\View->CodeIgniter\View\{closure}()
 6 SYSTEMPATH/Common.php(1134): CodeIgniter\View\View->render()
 7 APPPATH/Controllers/Admin.php(56): view()
 8 SYSTEMPATH/CodeIgniter.php(927): App\Controllers\Admin->Stok()
 9 SYSTEMPATH/CodeIgniter.php(482): CodeIgniter\CodeIgniter->runController()
10 SYSTEMPATH/CodeIgniter.php(351): CodeIgniter\CodeIgniter->handleRequest()
11 FCPATH/index.php(67): CodeIgniter\CodeIgniter->run()
CRITICAL - 2022-12-19 00:18:06 --> Invalid file: stok.php
in SYSTEMPATH/Exceptions/FrameworkException.php on line 33.
 1 SYSTEMPATH/View/View.php(201): CodeIgniter\Exceptions\FrameworkException::forInvalidFile()
 2 SYSTEMPATH/Common.php(1134): CodeIgniter\View\View->render()
 3 APPPATH/Views/template.php(211): view()
 4 SYSTEMPATH/View/View.php(213): include('APPPATH/Views/template.php')
 5 SYSTEMPATH/View/View.php(216): CodeIgniter\View\View->CodeIgniter\View\{closure}()
 6 SYSTEMPATH/Common.php(1134): CodeIgniter\View\View->render()
 7 APPPATH/Controllers/Admin.php(56): view()
 8 SYSTEMPATH/CodeIgniter.php(927): App\Controllers\Admin->Stok()
 9 SYSTEMPATH/CodeIgniter.php(482): CodeIgniter\CodeIgniter->runController()
10 SYSTEMPATH/CodeIgniter.php(351): CodeIgniter\CodeIgniter->handleRequest()
11 FCPATH/index.php(67): CodeIgniter\CodeIgniter->run()
CRITICAL - 2022-12-19 02:36:49 --> Unmatched '}'
in APPPATH/Controllers/Kasir.php on line 83.
 1 SYSTEMPATH/Router/Router.php(499): CodeIgniter\Router\AutoRouter->getRoute()
 2 SYSTEMPATH/Router/Router.php(205): CodeIgniter\Router\Router->autoRoute()
 3 SYSTEMPATH/CodeIgniter.php(802): CodeIgniter\Router\Router->handle()
 4 SYSTEMPATH/CodeIgniter.php(430): CodeIgniter\CodeIgniter->tryToRouteIt()
 5 SYSTEMPATH/CodeIgniter.php(351): CodeIgniter\CodeIgniter->handleRequest()
 6 FCPATH/index.php(67): CodeIgniter\CodeIgniter->run()
CRITICAL - 2022-12-19 02:37:35 --> The original file is not a valid file.
in SYSTEMPATH/HTTP/Files/UploadedFile.php on line 137.
 1 SYSTEMPATH/HTTP/Files/UploadedFile.php(137): CodeIgniter\HTTP\Exceptions\HTTPException::forInvalidFile()
 2 APPPATH/Controllers/Kasir.php(45): CodeIgniter\HTTP\Files\UploadedFile->move()
 3 SYSTEMPATH/CodeIgniter.php(927): App\Controllers\Kasir->Jual()
 4 SYSTEMPATH/CodeIgniter.php(482): CodeIgniter\CodeIgniter->runController()
 5 SYSTEMPATH/CodeIgniter.php(351): CodeIgniter\CodeIgniter->handleRequest()
 6 FCPATH/index.php(67): CodeIgniter\CodeIgniter->run()
CRITICAL - 2022-12-19 02:39:40 --> Invalid file: templatenota.php
in SYSTEMPATH/Exceptions/FrameworkException.php on line 33.
 1 SYSTEMPATH/View/View.php(201): CodeIgniter\Exceptions\FrameworkException::forInvalidFile()
 2 SYSTEMPATH/Common.php(1134): CodeIgniter\View\View->render()
 3 APPPATH/Controllers/Kasir.php(80): view()
 4 SYSTEMPATH/CodeIgniter.php(927): App\Controllers\Kasir->Nota()
 5 SYSTEMPATH/CodeIgniter.php(482): CodeIgniter\CodeIgniter->runController()
 6 SYSTEMPATH/CodeIgniter.php(351): CodeIgniter\CodeIgniter->handleRequest()
 7 FCPATH/index.php(67): CodeIgniter\CodeIgniter->run()
CRITICAL - 2022-12-19 02:40:24 --> strpos(): Passing null to parameter #1 ($haystack) of type string is deprecated
in SYSTEMPATH/Debug/Toolbar.php on line 419.
 1 [internal function]: CodeIgniter\Debug\Exceptions->errorHandler()
 2 SYSTEMPATH/Debug/Toolbar.php(419): strpos()
 3 SYSTEMPATH/Filters/DebugToolbar.php(40): CodeIgniter\Debug\Toolbar->prepare()
 4 SYSTEMPATH/Filters/Filters.php(196): CodeIgniter\Filters\DebugToolbar->after()
 5 SYSTEMPATH/CodeIgniter.php(502): CodeIgniter\Filters\Filters->run()
 6 SYSTEMPATH/CodeIgniter.php(351): CodeIgniter\CodeIgniter->handleRequest()
 7 FCPATH/index.php(67): CodeIgniter\CodeIgniter->run()
CRITICAL - 2022-12-19 02:40:32 --> Invalid file: templates.php
in SYSTEMPATH/Exceptions/FrameworkException.php on line 33.
 1 SYSTEMPATH/View/View.php(201): CodeIgniter\Exceptions\FrameworkException::forInvalidFile()
 2 SYSTEMPATH/Common.php(1134): CodeIgniter\View\View->render()
 3 APPPATH/Controllers/Kasir.php(26): view()
 4 SYSTEMPATH/CodeIgniter.php(927): App\Controllers\Kasir->index()
 5 SYSTEMPATH/CodeIgniter.php(482): CodeIgniter\CodeIgniter->runController()
 6 SYSTEMPATH/CodeIgniter.php(351): CodeIgniter\CodeIgniter->handleRequest()
 7 FCPATH/index.php(67): CodeIgniter\CodeIgniter->run()
CRITICAL - 2022-12-19 02:40:33 --> Invalid file: templates.php
in SYSTEMPATH/Exceptions/FrameworkException.php on line 33.
 1 SYSTEMPATH/View/View.php(201): CodeIgniter\Exceptions\FrameworkException::forInvalidFile()
 2 SYSTEMPATH/Common.php(1134): CodeIgniter\View\View->render()
 3 APPPATH/Controllers/Kasir.php(26): view()
 4 SYSTEMPATH/CodeIgniter.php(927): App\Controllers\Kasir->index()
 5 SYSTEMPATH/CodeIgniter.php(482): CodeIgniter\CodeIgniter->runController()
 6 SYSTEMPATH/CodeIgniter.php(351): CodeIgniter\CodeIgniter->handleRequest()
 7 FCPATH/index.php(67): CodeIgniter\CodeIgniter->run()
CRITICAL - 2022-12-19 02:40:58 --> Undefined variable $penjualan
in APPPATH/Views/templatenota.php on line 10.
 1 APPPATH/Views/templatenota.php(10): CodeIgniter\Debug\Exceptions->errorHandler()
 2 SYSTEMPATH/View/View.php(213): include('APPPATH/Views/templatenota.php')
 3 SYSTEMPATH/View/View.php(216): CodeIgniter\View\View->CodeIgniter\View\{closure}()
 4 SYSTEMPATH/Common.php(1134): CodeIgniter\View\View->render()
 5 APPPATH/Controllers/Kasir.php(80): view()
 6 SYSTEMPATH/CodeIgniter.php(927): App\Controllers\Kasir->Nota()
 7 SYSTEMPATH/CodeIgniter.php(482): CodeIgniter\CodeIgniter->runController()
 8 SYSTEMPATH/CodeIgniter.php(351): CodeIgniter\CodeIgniter->handleRequest()
 9 FCPATH/index.php(67): CodeIgniter\CodeIgniter->run()
CRITICAL - 2022-12-19 02:41:27 --> Undefined variable $penjualan
in APPPATH/Views/templatenota.php on line 10.
 1 APPPATH/Views/templatenota.php(10): CodeIgniter\Debug\Exceptions->errorHandler()
 2 SYSTEMPATH/View/View.php(213): include('APPPATH/Views/templatenota.php')
 3 SYSTEMPATH/View/View.php(216): CodeIgniter\View\View->CodeIgniter\View\{closure}()
 4 SYSTEMPATH/Common.php(1134): CodeIgniter\View\View->render()
 5 APPPATH/Controllers/Kasir.php(80): view()
 6 SYSTEMPATH/CodeIgniter.php(927): App\Controllers\Kasir->Nota()
 7 SYSTEMPATH/CodeIgniter.php(482): CodeIgniter\CodeIgniter->runController()
 8 SYSTEMPATH/CodeIgniter.php(351): CodeIgniter\CodeIgniter->handleRequest()
 9 FCPATH/index.php(67): CodeIgniter\CodeIgniter->run()
CRITICAL - 2022-12-19 02:42:23 --> Invalid file: /kasir/nota.php
in SYSTEMPATH/Exceptions/FrameworkException.php on line 33.
 1 SYSTEMPATH/View/View.php(201): CodeIgniter\Exceptions\FrameworkException::forInvalidFile()
 2 SYSTEMPATH/Common.php(1134): CodeIgniter\View\View->render()
 3 APPPATH/Views/templatenota.php(48): view()
 4 SYSTEMPATH/View/View.php(213): include('APPPATH/Views/templatenota.php')
 5 SYSTEMPATH/View/View.php(216): CodeIgniter\View\View->CodeIgniter\View\{closure}()
 6 SYSTEMPATH/Common.php(1134): CodeIgniter\View\View->render()
 7 APPPATH/Controllers/Kasir.php(80): view()
 8 SYSTEMPATH/CodeIgniter.php(927): App\Controllers\Kasir->Nota()
 9 SYSTEMPATH/CodeIgniter.php(482): CodeIgniter\CodeIgniter->runController()
10 SYSTEMPATH/CodeIgniter.php(351): CodeIgniter\CodeIgniter->handleRequest()
11 FCPATH/index.php(67): CodeIgniter\CodeIgniter->run()
CRITICAL - 2022-12-19 02:44:05 --> Undefined variable $total
in APPPATH/Views/kasir/nota.php on line 84.
 1 APPPATH/Views/kasir/nota.php(84): CodeIgniter\Debug\Exceptions->errorHandler()
 2 SYSTEMPATH/View/View.php(213): include('APPPATH/Views/kasir/nota.php')
 3 SYSTEMPATH/View/View.php(216): CodeIgniter\View\View->CodeIgniter\View\{closure}()
 4 SYSTEMPATH/Common.php(1134): CodeIgniter\View\View->render()
 5 APPPATH/Views/templatenota.php(48): view()
 6 SYSTEMPATH/View/View.php(213): include('APPPATH/Views/templatenota.php')
 7 SYSTEMPATH/View/View.php(216): CodeIgniter\View\View->CodeIgniter\View\{closure}()
 8 SYSTEMPATH/Common.php(1134): CodeIgniter\View\View->render()
 9 APPPATH/Controllers/Kasir.php(80): view()
10 SYSTEMPATH/CodeIgniter.php(927): App\Controllers\Kasir->Nota()
11 SYSTEMPATH/CodeIgniter.php(482): CodeIgniter\CodeIgniter->runController()
12 SYSTEMPATH/CodeIgniter.php(351): CodeIgniter\CodeIgniter->handleRequest()
13 FCPATH/index.php(67): CodeIgniter\CodeIgniter->run()
CRITICAL - 2022-12-19 02:44:15 --> Invalid file: infokasir.php
in SYSTEMPATH/Exceptions/FrameworkException.php on line 33.
 1 SYSTEMPATH/View/View.php(201): CodeIgniter\Exceptions\FrameworkException::forInvalidFile()
 2 SYSTEMPATH/Common.php(1134): CodeIgniter\View\View->render()
 3 APPPATH/Views/templates.php(100): view()
 4 SYSTEMPATH/View/View.php(213): include('APPPATH/Views/templates.php')
 5 SYSTEMPATH/View/View.php(216): CodeIgniter\View\View->CodeIgniter\View\{closure}()
 6 SYSTEMPATH/Common.php(1134): CodeIgniter\View\View->render()
 7 APPPATH/Controllers/Kasir.php(40): view()
 8 SYSTEMPATH/CodeIgniter.php(927): App\Controllers\Kasir->KasirJual()
 9 SYSTEMPATH/CodeIgniter.php(482): CodeIgniter\CodeIgniter->runController()
10 SYSTEMPATH/CodeIgniter.php(351): CodeIgniter\CodeIgniter->handleRequest()
11 FCPATH/index.php(67): CodeIgniter\CodeIgniter->run()
CRITICAL - 2022-12-19 02:45:22 --> Invalid file: kasirjual.php
in SYSTEMPATH/Exceptions/FrameworkException.php on line 33.
 1 SYSTEMPATH/View/View.php(201): CodeIgniter\Exceptions\FrameworkException::forInvalidFile()
 2 SYSTEMPATH/Common.php(1134): CodeIgniter\View\View->render()
 3 APPPATH/Views/templates.php(102): view()
 4 SYSTEMPATH/View/View.php(213): include('APPPATH/Views/templates.php')
 5 SYSTEMPATH/View/View.php(216): CodeIgniter\View\View->CodeIgniter\View\{closure}()
 6 SYSTEMPATH/Common.php(1134): CodeIgniter\View\View->render()
 7 APPPATH/Controllers/Kasir.php(40): view()
 8 SYSTEMPATH/CodeIgniter.php(927): App\Controllers\Kasir->KasirJual()
 9 SYSTEMPATH/CodeIgniter.php(482): CodeIgniter\CodeIgniter->runController()
10 SYSTEMPATH/CodeIgniter.php(351): CodeIgniter\CodeIgniter->handleRequest()
11 FCPATH/index.php(67): CodeIgniter\CodeIgniter->run()
CRITICAL - 2022-12-19 02:45:23 --> Invalid file: kasirjual.php
in SYSTEMPATH/Exceptions/FrameworkException.php on line 33.
 1 SYSTEMPATH/View/View.php(201): CodeIgniter\Exceptions\FrameworkException::forInvalidFile()
 2 SYSTEMPATH/Common.php(1134): CodeIgniter\View\View->render()
 3 APPPATH/Views/templates.php(102): view()
 4 SYSTEMPATH/View/View.php(213): include('APPPATH/Views/templates.php')
 5 SYSTEMPATH/View/View.php(216): CodeIgniter\View\View->CodeIgniter\View\{closure}()
 6 SYSTEMPATH/Common.php(1134): CodeIgniter\View\View->render()
 7 APPPATH/Controllers/Kasir.php(40): view()
 8 SYSTEMPATH/CodeIgniter.php(927): App\Controllers\Kasir->KasirJual()
 9 SYSTEMPATH/CodeIgniter.php(482): CodeIgniter\CodeIgniter->runController()
10 SYSTEMPATH/CodeIgniter.php(351): CodeIgniter\CodeIgniter->handleRequest()
11 FCPATH/index.php(67): CodeIgniter\CodeIgniter->run()
CRITICAL - 2022-12-19 02:45:23 --> Invalid file: kasirjual.php
in SYSTEMPATH/Exceptions/FrameworkException.php on line 33.
 1 SYSTEMPATH/View/View.php(201): CodeIgniter\Exceptions\FrameworkException::forInvalidFile()
 2 SYSTEMPATH/Common.php(1134): CodeIgniter\View\View->render()
 3 APPPATH/Views/templates.php(102): view()
 4 SYSTEMPATH/View/View.php(213): include('APPPATH/Views/templates.php')
 5 SYSTEMPATH/View/View.php(216): CodeIgniter\View\View->CodeIgniter\View\{closure}()
 6 SYSTEMPATH/Common.php(1134): CodeIgniter\View\View->render()
 7 APPPATH/Controllers/Kasir.php(40): view()
 8 SYSTEMPATH/CodeIgniter.php(927): App\Controllers\Kasir->KasirJual()
 9 SYSTEMPATH/CodeIgniter.php(482): CodeIgniter\CodeIgniter->runController()
10 SYSTEMPATH/CodeIgniter.php(351): CodeIgniter\CodeIgniter->handleRequest()
11 FCPATH/index.php(67): CodeIgniter\CodeIgniter->run()
CRITICAL - 2022-12-19 02:45:24 --> Invalid file: kasirjual.php
in SYSTEMPATH/Exceptions/FrameworkException.php on line 33.
 1 SYSTEMPATH/View/View.php(201): CodeIgniter\Exceptions\FrameworkException::forInvalidFile()
 2 SYSTEMPATH/Common.php(1134): CodeIgniter\View\View->render()
 3 APPPATH/Views/templates.php(102): view()
 4 SYSTEMPATH/View/View.php(213): include('APPPATH/Views/templates.php')
 5 SYSTEMPATH/View/View.php(216): CodeIgniter\View\View->CodeIgniter\View\{closure}()
 6 SYSTEMPATH/Common.php(1134): CodeIgniter\View\View->render()
 7 APPPATH/Controllers/Kasir.php(40): view()
 8 SYSTEMPATH/CodeIgniter.php(927): App\Controllers\Kasir->KasirJual()
 9 SYSTEMPATH/CodeIgniter.php(482): CodeIgniter\CodeIgniter->runController()
10 SYSTEMPATH/CodeIgniter.php(351): CodeIgniter\CodeIgniter->handleRequest()
11 FCPATH/index.php(67): CodeIgniter\CodeIgniter->run()
CRITICAL - 2022-12-19 02:46:03 --> Invalid file: menukasir.php
in SYSTEMPATH/Exceptions/FrameworkException.php on line 33.
 1 SYSTEMPATH/View/View.php(201): CodeIgniter\Exceptions\FrameworkException::forInvalidFile()
 2 SYSTEMPATH/Common.php(1134): CodeIgniter\View\View->render()
 3 APPPATH/Views/templates.php(102): view()
 4 SYSTEMPATH/View/View.php(213): include('APPPATH/Views/templates.php')
 5 SYSTEMPATH/View/View.php(216): CodeIgniter\View\View->CodeIgniter\View\{closure}()
 6 SYSTEMPATH/Common.php(1134): CodeIgniter\View\View->render()
 7 APPPATH/Controllers/Kasir.php(26): view()
 8 SYSTEMPATH/CodeIgniter.php(927): App\Controllers\Kasir->index()
 9 SYSTEMPATH/CodeIgniter.php(482): CodeIgniter\CodeIgniter->runController()
10 SYSTEMPATH/CodeIgniter.php(351): CodeIgniter\CodeIgniter->handleRequest()
11 FCPATH/index.php(67): CodeIgniter\CodeIgniter->run()
CRITICAL - 2022-12-19 19:50:06 --> Invalid file: Stok.php
in SYSTEMPATH/Exceptions/FrameworkException.php on line 33.
 1 SYSTEMPATH/View/View.php(201): CodeIgniter\Exceptions\FrameworkException::forInvalidFile()
 2 SYSTEMPATH/Common.php(1134): CodeIgniter\View\View->render()
 3 APPPATH/Views/template.php(220): view()
 4 SYSTEMPATH/View/View.php(213): include('APPPATH/Views/template.php')
 5 SYSTEMPATH/View/View.php(216): CodeIgniter\View\View->CodeIgniter\View\{closure}()
 6 SYSTEMPATH/Common.php(1134): CodeIgniter\View\View->render()
 7 APPPATH/Controllers/Admin.php(57): view()
 8 SYSTEMPATH/CodeIgniter.php(927): App\Controllers\Admin->Stok()
 9 SYSTEMPATH/CodeIgniter.php(482): CodeIgniter\CodeIgniter->runController()
10 SYSTEMPATH/CodeIgniter.php(351): CodeIgniter\CodeIgniter->handleRequest()
11 FCPATH/index.php(67): CodeIgniter\CodeIgniter->run()
CRITICAL - 2022-12-19 21:11:31 --> The original file is not a valid file.
in SYSTEMPATH/HTTP/Files/UploadedFile.php on line 137.
 1 SYSTEMPATH/HTTP/Files/UploadedFile.php(137): CodeIgniter\HTTP\Exceptions\HTTPException::forInvalidFile()
 2 APPPATH/Controllers/Kasir.php(45): CodeIgniter\HTTP\Files\UploadedFile->move()
 3 SYSTEMPATH/CodeIgniter.php(927): App\Controllers\Kasir->Jual()
 4 SYSTEMPATH/CodeIgniter.php(482): CodeIgniter\CodeIgniter->runController()
 5 SYSTEMPATH/CodeIgniter.php(351): CodeIgniter\CodeIgniter->handleRequest()
 6 FCPATH/index.php(67): CodeIgniter\CodeIgniter->run()
CRITICAL - 2022-12-19 21:49:05 --> Too few arguments to function App\Models\ModelJual::DataHariIni(), 0 passed in /home/u1572716/public_html/app/Controllers/Kasir.php on line 38 and exactly 1 expected
in APPPATH/Models/ModelJual.php on line 40.
 1 APPPATH/Controllers/Kasir.php(38): App\Models\ModelJual->DataHariIni()
 2 SYSTEMPATH/CodeIgniter.php(927): App\Controllers\Kasir->KasirJual()
 3 SYSTEMPATH/CodeIgniter.php(482): CodeIgniter\CodeIgniter->runController()
 4 SYSTEMPATH/CodeIgniter.php(351): CodeIgniter\CodeIgniter->handleRequest()
 5 FCPATH/index.php(67): CodeIgniter\CodeIgniter->run()
CRITICAL - 2022-12-19 22:22:14 --> Invalid file: Setting.php
in SYSTEMPATH/Exceptions/FrameworkException.php on line 33.
 1 SYSTEMPATH/View/View.php(201): CodeIgniter\Exceptions\FrameworkException::forInvalidFile()
 2 SYSTEMPATH/Common.php(1134): CodeIgniter\View\View->render()
 3 APPPATH/Views/template.php(220): view()
 4 SYSTEMPATH/View/View.php(213): include('APPPATH/Views/template.php')
 5 SYSTEMPATH/View/View.php(216): CodeIgniter\View\View->CodeIgniter\View\{closure}()
 6 SYSTEMPATH/Common.php(1134): CodeIgniter\View\View->render()
 7 APPPATH/Controllers/Admin.php(46): view()
 8 SYSTEMPATH/CodeIgniter.php(927): App\Controllers\Admin->Setting()
 9 SYSTEMPATH/CodeIgniter.php(482): CodeIgniter\CodeIgniter->runController()
10 SYSTEMPATH/CodeIgniter.php(351): CodeIgniter\CodeIgniter->handleRequest()
11 FCPATH/index.php(67): CodeIgniter\CodeIgniter->run()
CRITICAL - 2022-12-19 22:26:10 --> Undefined constant "viewstok"
in APPPATH/Views/stok/stok.php on line 35.
 1 SYSTEMPATH/View/View.php(213): include()
 2 SYSTEMPATH/View/View.php(216): CodeIgniter\View\View->CodeIgniter\View\{closure}()
 3 SYSTEMPATH/Common.php(1134): CodeIgniter\View\View->render()
 4 APPPATH/Views/template.php(220): view()
 5 SYSTEMPATH/View/View.php(213): include('APPPATH/Views/template.php')
 6 SYSTEMPATH/View/View.php(216): CodeIgniter\View\View->CodeIgniter\View\{closure}()
 7 SYSTEMPATH/Common.php(1134): CodeIgniter\View\View->render()
 8 APPPATH/Controllers/Admin.php(57): view()
 9 SYSTEMPATH/CodeIgniter.php(927): App\Controllers\Admin->Stok()
10 SYSTEMPATH/CodeIgniter.php(482): CodeIgniter\CodeIgniter->runController()
11 SYSTEMPATH/CodeIgniter.php(351): CodeIgniter\CodeIgniter->handleRequest()
12 FCPATH/index.php(67): CodeIgniter\CodeIgniter->run()
CRITICAL - 2022-12-19 22:26:39 --> Undefined constant "stok"
in APPPATH/Views/stok/stok.php on line 35.
 1 SYSTEMPATH/View/View.php(213): include()
 2 SYSTEMPATH/View/View.php(216): CodeIgniter\View\View->CodeIgniter\View\{closure}()
 3 SYSTEMPATH/Common.php(1134): CodeIgniter\View\View->render()
 4 APPPATH/Views/template.php(220): view()
 5 SYSTEMPATH/View/View.php(213): include('APPPATH/Views/template.php')
 6 SYSTEMPATH/View/View.php(216): CodeIgniter\View\View->CodeIgniter\View\{closure}()
 7 SYSTEMPATH/Common.php(1134): CodeIgniter\View\View->render()
 8 APPPATH/Controllers/Admin.php(57): view()
 9 SYSTEMPATH/CodeIgniter.php(927): App\Controllers\Admin->Stok()
10 SYSTEMPATH/CodeIgniter.php(482): CodeIgniter\CodeIgniter->runController()
11 SYSTEMPATH/CodeIgniter.php(351): CodeIgniter\CodeIgniter->handleRequest()
12 FCPATH/index.php(67): CodeIgniter\CodeIgniter->run()
CRITICAL - 2022-12-19 22:26:54 --> syntax error, unexpected token "/"
in APPPATH/Views/stok/stok.php on line 35.
 1 SYSTEMPATH/View/View.php(216): CodeIgniter\View\View->CodeIgniter\View\{closure}()
 2 SYSTEMPATH/Common.php(1134): CodeIgniter\View\View->render()
 3 APPPATH/Views/template.php(220): view()
 4 SYSTEMPATH/View/View.php(213): include('APPPATH/Views/template.php')
 5 SYSTEMPATH/View/View.php(216): CodeIgniter\View\View->CodeIgniter\View\{closure}()
 6 SYSTEMPATH/Common.php(1134): CodeIgniter\View\View->render()
 7 APPPATH/Controllers/Admin.php(57): view()
 8 SYSTEMPATH/CodeIgniter.php(927): App\Controllers\Admin->Stok()
 9 SYSTEMPATH/CodeIgniter.php(482): CodeIgniter\CodeIgniter->runController()
10 SYSTEMPATH/CodeIgniter.php(351): CodeIgniter\CodeIgniter->handleRequest()
11 FCPATH/index.php(67): CodeIgniter\CodeIgniter->run()
