CRITICAL - 2023-01-16 20:09:21 --> Undefined variable $data
in APPPATH/Views/laporan/printlaporanstok.php on line 6.
 1 APPPATH/Views/laporan/printlaporanstok.php(6): CodeIgniter\Debug\Exceptions->errorHandler()
 2 SYSTEMPATH/View/View.php(213): include('APPPATH/Views/laporan/printlaporanstok.php')
 3 SYSTEMPATH/View/View.php(216): CodeIgniter\View\View->CodeIgniter\View\{closure}()
 4 SYSTEMPATH/Common.php(1134): CodeIgniter\View\View->render()
 5 APPPATH/Controllers/Laporan.php(151): view()
 6 SYSTEMPATH/CodeIgniter.php(927): App\Controllers\Laporan->PrintLaporanHarianStok()
 7 SYSTEMPATH/CodeIgniter.php(482): CodeIgniter\CodeIgniter->runController()
 8 SYSTEMPATH/CodeIgniter.php(351): CodeIgniter\CodeIgniter->handleRequest()
 9 FCPATH/index.php(67): CodeIgniter\CodeIgniter->run()
CRITICAL - 2023-01-16 20:09:32 --> Undefined variable $data
in APPPATH/Views/laporan/printlaporanstok.php on line 6.
 1 APPPATH/Views/laporan/printlaporanstok.php(6): CodeIgniter\Debug\Exceptions->errorHandler()
 2 SYSTEMPATH/View/View.php(213): include('APPPATH/Views/laporan/printlaporanstok.php')
 3 SYSTEMPATH/View/View.php(216): CodeIgniter\View\View->CodeIgniter\View\{closure}()
 4 SYSTEMPATH/Common.php(1134): CodeIgniter\View\View->render()
 5 APPPATH/Controllers/Laporan.php(151): view()
 6 SYSTEMPATH/CodeIgniter.php(927): App\Controllers\Laporan->PrintLaporanHarianStok()
 7 SYSTEMPATH/CodeIgniter.php(482): CodeIgniter\CodeIgniter->runController()
 8 SYSTEMPATH/CodeIgniter.php(351): CodeIgniter\CodeIgniter->handleRequest()
 9 FCPATH/index.php(67): CodeIgniter\CodeIgniter->run()
CRITICAL - 2023-01-16 20:10:03 --> Undefined variable $tanggal
in APPPATH/Views/laporan/printlaporanstok.php on line 6.
 1 APPPATH/Views/laporan/printlaporanstok.php(6): CodeIgniter\Debug\Exceptions->errorHandler()
 2 SYSTEMPATH/View/View.php(213): include('APPPATH/Views/laporan/printlaporanstok.php')
 3 SYSTEMPATH/View/View.php(216): CodeIgniter\View\View->CodeIgniter\View\{closure}()
 4 SYSTEMPATH/Common.php(1134): CodeIgniter\View\View->render()
 5 APPPATH/Controllers/Laporan.php(151): view()
 6 SYSTEMPATH/CodeIgniter.php(927): App\Controllers\Laporan->PrintLaporanHarianStok()
 7 SYSTEMPATH/CodeIgniter.php(482): CodeIgniter\CodeIgniter->runController()
 8 SYSTEMPATH/CodeIgniter.php(351): CodeIgniter\CodeIgniter->handleRequest()
 9 FCPATH/index.php(67): CodeIgniter\CodeIgniter->run()
