CRITICAL - 2022-12-27 17:15:02 --> Undefined variable $totalberat
in APPPATH/Views/kasir/listjualharian.php on line 66.
 1 APPPATH/Views/kasir/listjualharian.php(66): CodeIgniter\Debug\Exceptions->errorHandler()
 2 SYSTEMPATH/View/View.php(213): include('APPPATH/Views/kasir/listjualharian.php')
 3 SYSTEMPATH/View/View.php(216): CodeIgniter\View\View->CodeIgniter\View\{closure}()
 4 SYSTEMPATH/Common.php(1134): CodeIgniter\View\View->render()
 5 APPPATH/Views/kasir/kasirjual.php(66): view()
 6 SYSTEMPATH/View/View.php(213): include('APPPATH/Views/kasir/kasirjual.php')
 7 SYSTEMPATH/View/View.php(216): CodeIgniter\View\View->CodeIgniter\View\{closure}()
 8 SYSTEMPATH/Common.php(1134): CodeIgniter\View\View->render()
 9 APPPATH/Views/templates.php(104): view()
10 SYSTEMPATH/View/View.php(213): include('APPPATH/Views/templates.php')
11 SYSTEMPATH/View/View.php(216): CodeIgniter\View\View->CodeIgniter\View\{closure}()
12 SYSTEMPATH/Common.php(1134): CodeIgniter\View\View->render()
13 APPPATH/Controllers/Kasir.php(43): view()
14 SYSTEMPATH/CodeIgniter.php(927): App\Controllers\Kasir->KasirJual()
15 SYSTEMPATH/CodeIgniter.php(482): CodeIgniter\CodeIgniter->runController()
16 SYSTEMPATH/CodeIgniter.php(351): CodeIgniter\CodeIgniter->handleRequest()
17 FCPATH/index.php(67): CodeIgniter\CodeIgniter->run()
CRITICAL - 2022-12-27 17:59:11 --> Division by zero
in APPPATH/Views/kasir/listbeliharian.php on line 44.
 1 SYSTEMPATH/View/View.php(213): include()
 2 SYSTEMPATH/View/View.php(216): CodeIgniter\View\View->CodeIgniter\View\{closure}()
 3 SYSTEMPATH/Common.php(1134): CodeIgniter\View\View->render()
 4 APPPATH/Views/kasir/kasirbeli.php(53): view()
 5 SYSTEMPATH/View/View.php(213): include('APPPATH/Views/kasir/kasirbeli.php')
 6 SYSTEMPATH/View/View.php(216): CodeIgniter\View\View->CodeIgniter\View\{closure}()
 7 SYSTEMPATH/Common.php(1134): CodeIgniter\View\View->render()
 8 APPPATH/Views/templates.php(104): view()
 9 SYSTEMPATH/View/View.php(213): include('APPPATH/Views/templates.php')
10 SYSTEMPATH/View/View.php(216): CodeIgniter\View\View->CodeIgniter\View\{closure}()
11 SYSTEMPATH/Common.php(1134): CodeIgniter\View\View->render()
12 APPPATH/Controllers/Kasir.php(71): view()
13 SYSTEMPATH/CodeIgniter.php(927): App\Controllers\Kasir->KasirBeli()
14 SYSTEMPATH/CodeIgniter.php(482): CodeIgniter\CodeIgniter->runController()
15 SYSTEMPATH/CodeIgniter.php(351): CodeIgniter\CodeIgniter->handleRequest()
16 FCPATH/index.php(67): CodeIgniter\CodeIgniter->run()
CRITICAL - 2022-12-27 17:59:25 --> Division by zero
in APPPATH/Views/kasir/listbeliharian.php on line 44.
 1 SYSTEMPATH/View/View.php(213): include()
 2 SYSTEMPATH/View/View.php(216): CodeIgniter\View\View->CodeIgniter\View\{closure}()
 3 SYSTEMPATH/Common.php(1134): CodeIgniter\View\View->render()
 4 APPPATH/Views/kasir/kasirbeli.php(53): view()
 5 SYSTEMPATH/View/View.php(213): include('APPPATH/Views/kasir/kasirbeli.php')
 6 SYSTEMPATH/View/View.php(216): CodeIgniter\View\View->CodeIgniter\View\{closure}()
 7 SYSTEMPATH/Common.php(1134): CodeIgniter\View\View->render()
 8 APPPATH/Views/templates.php(104): view()
 9 SYSTEMPATH/View/View.php(213): include('APPPATH/Views/templates.php')
10 SYSTEMPATH/View/View.php(216): CodeIgniter\View\View->CodeIgniter\View\{closure}()
11 SYSTEMPATH/Common.php(1134): CodeIgniter\View\View->render()
12 APPPATH/Controllers/Kasir.php(71): view()
13 SYSTEMPATH/CodeIgniter.php(927): App\Controllers\Kasir->KasirBeli()
14 SYSTEMPATH/CodeIgniter.php(482): CodeIgniter\CodeIgniter->runController()
15 SYSTEMPATH/CodeIgniter.php(351): CodeIgniter\CodeIgniter->handleRequest()
16 FCPATH/index.php(67): CodeIgniter\CodeIgniter->run()
CRITICAL - 2022-12-27 17:59:33 --> Division by zero
in APPPATH/Views/kasir/listbeliharian.php on line 44.
 1 SYSTEMPATH/View/View.php(213): include()
 2 SYSTEMPATH/View/View.php(216): CodeIgniter\View\View->CodeIgniter\View\{closure}()
 3 SYSTEMPATH/Common.php(1134): CodeIgniter\View\View->render()
 4 APPPATH/Views/kasir/kasirbeli.php(53): view()
 5 SYSTEMPATH/View/View.php(213): include('APPPATH/Views/kasir/kasirbeli.php')
 6 SYSTEMPATH/View/View.php(216): CodeIgniter\View\View->CodeIgniter\View\{closure}()
 7 SYSTEMPATH/Common.php(1134): CodeIgniter\View\View->render()
 8 APPPATH/Views/templates.php(104): view()
 9 SYSTEMPATH/View/View.php(213): include('APPPATH/Views/templates.php')
10 SYSTEMPATH/View/View.php(216): CodeIgniter\View\View->CodeIgniter\View\{closure}()
11 SYSTEMPATH/Common.php(1134): CodeIgniter\View\View->render()
12 APPPATH/Controllers/Kasir.php(71): view()
13 SYSTEMPATH/CodeIgniter.php(927): App\Controllers\Kasir->KasirBeli()
14 SYSTEMPATH/CodeIgniter.php(482): CodeIgniter\CodeIgniter->runController()
15 SYSTEMPATH/CodeIgniter.php(351): CodeIgniter\CodeIgniter->handleRequest()
16 FCPATH/index.php(67): CodeIgniter\CodeIgniter->run()
CRITICAL - 2022-12-27 18:02:30 --> Division by zero
in APPPATH/Views/kasir/listbeliharian.php on line 44.
 1 SYSTEMPATH/View/View.php(213): include()
 2 SYSTEMPATH/View/View.php(216): CodeIgniter\View\View->CodeIgniter\View\{closure}()
 3 SYSTEMPATH/Common.php(1134): CodeIgniter\View\View->render()
 4 APPPATH/Views/kasir/kasirbeli.php(53): view()
 5 SYSTEMPATH/View/View.php(213): include('APPPATH/Views/kasir/kasirbeli.php')
 6 SYSTEMPATH/View/View.php(216): CodeIgniter\View\View->CodeIgniter\View\{closure}()
 7 SYSTEMPATH/Common.php(1134): CodeIgniter\View\View->render()
 8 APPPATH/Views/templates.php(104): view()
 9 SYSTEMPATH/View/View.php(213): include('APPPATH/Views/templates.php')
10 SYSTEMPATH/View/View.php(216): CodeIgniter\View\View->CodeIgniter\View\{closure}()
11 SYSTEMPATH/Common.php(1134): CodeIgniter\View\View->render()
12 APPPATH/Controllers/Kasir.php(71): view()
13 SYSTEMPATH/CodeIgniter.php(927): App\Controllers\Kasir->KasirBeli()
14 SYSTEMPATH/CodeIgniter.php(482): CodeIgniter\CodeIgniter->runController()
15 SYSTEMPATH/CodeIgniter.php(351): CodeIgniter\CodeIgniter->handleRequest()
16 FCPATH/index.php(67): CodeIgniter\CodeIgniter->run()
CRITICAL - 2022-12-27 18:06:51 --> Division by zero
in APPPATH/Views/kasir/listbeliharian.php on line 44.
 1 SYSTEMPATH/View/View.php(213): include()
 2 SYSTEMPATH/View/View.php(216): CodeIgniter\View\View->CodeIgniter\View\{closure}()
 3 SYSTEMPATH/Common.php(1134): CodeIgniter\View\View->render()
 4 APPPATH/Views/kasir/kasirbeli.php(53): view()
 5 SYSTEMPATH/View/View.php(213): include('APPPATH/Views/kasir/kasirbeli.php')
 6 SYSTEMPATH/View/View.php(216): CodeIgniter\View\View->CodeIgniter\View\{closure}()
 7 SYSTEMPATH/Common.php(1134): CodeIgniter\View\View->render()
 8 APPPATH/Views/templates.php(104): view()
 9 SYSTEMPATH/View/View.php(213): include('APPPATH/Views/templates.php')
10 SYSTEMPATH/View/View.php(216): CodeIgniter\View\View->CodeIgniter\View\{closure}()
11 SYSTEMPATH/Common.php(1134): CodeIgniter\View\View->render()
12 APPPATH/Controllers/Kasir.php(71): view()
13 SYSTEMPATH/CodeIgniter.php(927): App\Controllers\Kasir->KasirBeli()
14 SYSTEMPATH/CodeIgniter.php(482): CodeIgniter\CodeIgniter->runController()
15 SYSTEMPATH/CodeIgniter.php(351): CodeIgniter\CodeIgniter->handleRequest()
16 FCPATH/index.php(67): CodeIgniter\CodeIgniter->run()
CRITICAL - 2022-12-27 18:08:37 --> Division by zero
in APPPATH/Views/kasir/listbeliharian.php on line 44.
 1 SYSTEMPATH/View/View.php(213): include()
 2 SYSTEMPATH/View/View.php(216): CodeIgniter\View\View->CodeIgniter\View\{closure}()
 3 SYSTEMPATH/Common.php(1134): CodeIgniter\View\View->render()
 4 APPPATH/Views/kasir/kasirbeli.php(53): view()
 5 SYSTEMPATH/View/View.php(213): include('APPPATH/Views/kasir/kasirbeli.php')
 6 SYSTEMPATH/View/View.php(216): CodeIgniter\View\View->CodeIgniter\View\{closure}()
 7 SYSTEMPATH/Common.php(1134): CodeIgniter\View\View->render()
 8 APPPATH/Views/templates.php(104): view()
 9 SYSTEMPATH/View/View.php(213): include('APPPATH/Views/templates.php')
10 SYSTEMPATH/View/View.php(216): CodeIgniter\View\View->CodeIgniter\View\{closure}()
11 SYSTEMPATH/Common.php(1134): CodeIgniter\View\View->render()
12 APPPATH/Controllers/Kasir.php(71): view()
13 SYSTEMPATH/CodeIgniter.php(927): App\Controllers\Kasir->KasirBeli()
14 SYSTEMPATH/CodeIgniter.php(482): CodeIgniter\CodeIgniter->runController()
15 SYSTEMPATH/CodeIgniter.php(351): CodeIgniter\CodeIgniter->handleRequest()
16 FCPATH/index.php(67): CodeIgniter\CodeIgniter->run()
CRITICAL - 2022-12-27 18:16:20 --> Division by zero
in APPPATH/Views/pembelian.php on line 55.
 1 SYSTEMPATH/View/View.php(213): include()
 2 SYSTEMPATH/View/View.php(216): CodeIgniter\View\View->CodeIgniter\View\{closure}()
 3 SYSTEMPATH/Common.php(1134): CodeIgniter\View\View->render()
 4 APPPATH/Views/template.php(251): view()
 5 SYSTEMPATH/View/View.php(213): include('APPPATH/Views/template.php')
 6 SYSTEMPATH/View/View.php(216): CodeIgniter\View\View->CodeIgniter\View\{closure}()
 7 SYSTEMPATH/Common.php(1134): CodeIgniter\View\View->render()
 8 APPPATH/Controllers/Pembelian.php(25): view()
 9 SYSTEMPATH/CodeIgniter.php(927): App\Controllers\Pembelian->index()
10 SYSTEMPATH/CodeIgniter.php(482): CodeIgniter\CodeIgniter->runController()
11 SYSTEMPATH/CodeIgniter.php(351): CodeIgniter\CodeIgniter->handleRequest()
12 FCPATH/index.php(67): CodeIgniter\CodeIgniter->run()
CRITICAL - 2022-12-27 18:16:25 --> Division by zero
in APPPATH/Views/pembelian.php on line 55.
 1 SYSTEMPATH/View/View.php(213): include()
 2 SYSTEMPATH/View/View.php(216): CodeIgniter\View\View->CodeIgniter\View\{closure}()
 3 SYSTEMPATH/Common.php(1134): CodeIgniter\View\View->render()
 4 APPPATH/Views/template.php(251): view()
 5 SYSTEMPATH/View/View.php(213): include('APPPATH/Views/template.php')
 6 SYSTEMPATH/View/View.php(216): CodeIgniter\View\View->CodeIgniter\View\{closure}()
 7 SYSTEMPATH/Common.php(1134): CodeIgniter\View\View->render()
 8 APPPATH/Controllers/Pembelian.php(25): view()
 9 SYSTEMPATH/CodeIgniter.php(927): App\Controllers\Pembelian->index()
10 SYSTEMPATH/CodeIgniter.php(482): CodeIgniter\CodeIgniter->runController()
11 SYSTEMPATH/CodeIgniter.php(351): CodeIgniter\CodeIgniter->handleRequest()
12 FCPATH/index.php(67): CodeIgniter\CodeIgniter->run()
CRITICAL - 2022-12-27 18:16:28 --> Division by zero
in APPPATH/Views/pembelian.php on line 55.
 1 SYSTEMPATH/View/View.php(213): include()
 2 SYSTEMPATH/View/View.php(216): CodeIgniter\View\View->CodeIgniter\View\{closure}()
 3 SYSTEMPATH/Common.php(1134): CodeIgniter\View\View->render()
 4 APPPATH/Views/template.php(251): view()
 5 SYSTEMPATH/View/View.php(213): include('APPPATH/Views/template.php')
 6 SYSTEMPATH/View/View.php(216): CodeIgniter\View\View->CodeIgniter\View\{closure}()
 7 SYSTEMPATH/Common.php(1134): CodeIgniter\View\View->render()
 8 APPPATH/Controllers/Pembelian.php(25): view()
 9 SYSTEMPATH/CodeIgniter.php(927): App\Controllers\Pembelian->index()
10 SYSTEMPATH/CodeIgniter.php(482): CodeIgniter\CodeIgniter->runController()
11 SYSTEMPATH/CodeIgniter.php(351): CodeIgniter\CodeIgniter->handleRequest()
12 FCPATH/index.php(67): CodeIgniter\CodeIgniter->run()
CRITICAL - 2022-12-27 18:16:49 --> Division by zero
in APPPATH/Views/pembelian.php on line 55.
 1 SYSTEMPATH/View/View.php(213): include()
 2 SYSTEMPATH/View/View.php(216): CodeIgniter\View\View->CodeIgniter\View\{closure}()
 3 SYSTEMPATH/Common.php(1134): CodeIgniter\View\View->render()
 4 APPPATH/Views/template.php(251): view()
 5 SYSTEMPATH/View/View.php(213): include('APPPATH/Views/template.php')
 6 SYSTEMPATH/View/View.php(216): CodeIgniter\View\View->CodeIgniter\View\{closure}()
 7 SYSTEMPATH/Common.php(1134): CodeIgniter\View\View->render()
 8 APPPATH/Controllers/Pembelian.php(25): view()
 9 SYSTEMPATH/CodeIgniter.php(927): App\Controllers\Pembelian->index()
10 SYSTEMPATH/CodeIgniter.php(482): CodeIgniter\CodeIgniter->runController()
11 SYSTEMPATH/CodeIgniter.php(351): CodeIgniter\CodeIgniter->handleRequest()
12 FCPATH/index.php(67): CodeIgniter\CodeIgniter->run()
CRITICAL - 2022-12-27 19:08:19 --> Division by zero
in APPPATH/Views/kasir/listbeliharian.php on line 44.
 1 SYSTEMPATH/View/View.php(213): include()
 2 SYSTEMPATH/View/View.php(216): CodeIgniter\View\View->CodeIgniter\View\{closure}()
 3 SYSTEMPATH/Common.php(1134): CodeIgniter\View\View->render()
 4 APPPATH/Views/kasir/kasirbeli.php(53): view()
 5 SYSTEMPATH/View/View.php(213): include('APPPATH/Views/kasir/kasirbeli.php')
 6 SYSTEMPATH/View/View.php(216): CodeIgniter\View\View->CodeIgniter\View\{closure}()
 7 SYSTEMPATH/Common.php(1134): CodeIgniter\View\View->render()
 8 APPPATH/Views/templates.php(104): view()
 9 SYSTEMPATH/View/View.php(213): include('APPPATH/Views/templates.php')
10 SYSTEMPATH/View/View.php(216): CodeIgniter\View\View->CodeIgniter\View\{closure}()
11 SYSTEMPATH/Common.php(1134): CodeIgniter\View\View->render()
12 APPPATH/Controllers/Kasir.php(71): view()
13 SYSTEMPATH/CodeIgniter.php(927): App\Controllers\Kasir->KasirBeli()
14 SYSTEMPATH/CodeIgniter.php(482): CodeIgniter\CodeIgniter->runController()
15 SYSTEMPATH/CodeIgniter.php(351): CodeIgniter\CodeIgniter->handleRequest()
16 FCPATH/index.php(67): CodeIgniter\CodeIgniter->run()
CRITICAL - 2022-12-27 20:18:42 --> Undefined array key "kadar_pembelian"
in APPPATH/Views/kasir/listjualharian.php on line 44.
 1 APPPATH/Views/kasir/listjualharian.php(44): CodeIgniter\Debug\Exceptions->errorHandler()
 2 SYSTEMPATH/View/View.php(213): include('APPPATH/Views/kasir/listjualharian.php')
 3 SYSTEMPATH/View/View.php(216): CodeIgniter\View\View->CodeIgniter\View\{closure}()
 4 SYSTEMPATH/Common.php(1134): CodeIgniter\View\View->render()
 5 APPPATH/Views/kasir/kasirjual.php(66): view()
 6 SYSTEMPATH/View/View.php(213): include('APPPATH/Views/kasir/kasirjual.php')
 7 SYSTEMPATH/View/View.php(216): CodeIgniter\View\View->CodeIgniter\View\{closure}()
 8 SYSTEMPATH/Common.php(1134): CodeIgniter\View\View->render()
 9 APPPATH/Views/templates.php(104): view()
10 SYSTEMPATH/View/View.php(213): include('APPPATH/Views/templates.php')
11 SYSTEMPATH/View/View.php(216): CodeIgniter\View\View->CodeIgniter\View\{closure}()
12 SYSTEMPATH/Common.php(1134): CodeIgniter\View\View->render()
13 APPPATH/Controllers/Kasir.php(43): view()
14 SYSTEMPATH/CodeIgniter.php(927): App\Controllers\Kasir->KasirJual()
15 SYSTEMPATH/CodeIgniter.php(482): CodeIgniter\CodeIgniter->runController()
16 SYSTEMPATH/CodeIgniter.php(351): CodeIgniter\CodeIgniter->handleRequest()
17 FCPATH/index.php(67): CodeIgniter\CodeIgniter->run()
CRITICAL - 2022-12-27 20:30:07 --> Too few arguments to function App\Controllers\Laporan::PrintLaporanHarianBeli(), 0 passed in /home/u1572716/public_html/system/CodeIgniter.php on line 927 and exactly 1 expected
in APPPATH/Controllers/Laporan.php on line 104.
 1 SYSTEMPATH/CodeIgniter.php(927): App\Controllers\Laporan->PrintLaporanHarianBeli()
 2 SYSTEMPATH/CodeIgniter.php(482): CodeIgniter\CodeIgniter->runController()
 3 SYSTEMPATH/CodeIgniter.php(351): CodeIgniter\CodeIgniter->handleRequest()
 4 FCPATH/index.php(67): CodeIgniter\CodeIgniter->run()
